#
# There is insufficient memory for the Java Runtime Environment to continue.
# Native memory allocation (malloc) failed to allocate 380656 bytes. Error detail: Chunk::new
# Possible reasons:
#   The system is out of physical RAM or swap space
#   This process is running with CompressedOops enabled, and the Java Heap may be blocking the growth of the native heap
# Possible solutions:
#   Reduce memory load on the system
#   Increase physical memory or swap space
#   Check if swap backing store is full
#   Decrease Java heap size (-Xmx/-Xms)
#   Decrease number of Java threads
#   Decrease Java thread stack sizes (-Xss)
#   Set larger code cache with -XX:ReservedCodeCacheSize=
#   JVM is running with Unscaled Compressed Oops mode in which the Java heap is
#     placed in the first 4GB address space. The Java Heap base address is the
#     maximum limit for the native heap growth. Please use -XX:HeapBaseMinAddress
#     to set the Java Heap base and to place the Java Heap above 4GB virtual address.
# This output file may be truncated or incomplete.
#
#  Out of Memory Error (arena.cpp:191), pid=14200, tid=12648
#
# JRE version: OpenJDK Runtime Environment Temurin-17.0.11+9 (17.0.11+9) (build 17.0.11+9)
# Java VM: OpenJDK 64-Bit Server VM Temurin-17.0.11+9 (17.0.11+9, mixed mode, tiered, compressed oops, compressed class ptrs, parallel gc, windows-amd64)
# No core dump will be written. Minidumps are not enabled by default on client versions of Windows
#

---------------  S U M M A R Y ------------

Command Line: --add-modules=ALL-SYSTEM --add-opens=java.base/java.util=ALL-UNNAMED --add-opens=java.base/java.lang=ALL-UNNAMED --add-opens=java.base/sun.nio.fs=ALL-UNNAMED -Declipse.application=org.eclipse.jdt.ls.core.id1 -Dosgi.bundles.defaultStartLevel=4 -Declipse.product=org.eclipse.jdt.ls.core.product -Djava.import.generatesMetadataFilesAtProjectRoot=false -DDetectVMInstallationsJob.disabled=true -Dfile.encoding=utf8 -XX:+UseParallelGC -XX:GCTimeRatio=4 -XX:AdaptiveSizePolicyWeight=90 -Dsun.zip.disableMemoryMapping=true -Xmx1G -Xms100m -Xlog:disable -javaagent:c:\Users\Admin\.vscode\extensions\redhat.java-1.32.0-win32-x64\lombok\lombok-1.18.33.jar -XX:+HeapDumpOnOutOfMemoryError -XX:HeapDumpPath=c:\Users\Admin\AppData\Roaming\Code\User\workspaceStorage\78fca1ce46c824e0b38b32d691e66f7c\redhat.java -Daether.dependencyCollector.impl=bf c:\Users\Admin\.vscode\extensions\redhat.java-1.32.0-win32-x64\server\plugins\org.eclipse.equinox.launcher_1.6.900.v20240613-2009.jar -configuration c:\Users\Admin\AppData\Roaming\Code\User\globalStorage\redhat.java\1.32.0\config_win -data c:\Users\Admin\AppData\Roaming\Code\User\workspaceStorage\78fca1ce46c824e0b38b32d691e66f7c\redhat.java\jdt_ws --pipe=\\.\pipe\lsp-f8ec0c36c32a6673c133218e11e75140-sock

Host: 12th Gen Intel(R) Core(TM) i3-12100, 8 cores, 7G,  Windows 11 , 64 bit Build 22621 (10.0.22621.3078)
Time: Mon Jul 29 14:42:37 2024 Hora est. Pacífico, Sudamérica elapsed time: 2.264181 seconds (0d 0h 0m 2s)

---------------  T H R E A D  ---------------

Current thread (0x0000026278d3a050):  JavaThread "C2 CompilerThread0" daemon [_thread_in_native, id=12648, stack(0x0000006b7b300000,0x0000006b7b400000)]


Current CompileTask:
C2:   2264 1981   !   4       java.lang.String::<init> (843 bytes)

Stack: [0x0000006b7b300000,0x0000006b7b400000]
Native frames: (J=compiled Java code, j=interpreted, Vv=VM code, C=native code)
V  [jvm.dll+0x67d429]
V  [jvm.dll+0x834b7a]
V  [jvm.dll+0x83663e]
V  [jvm.dll+0x836ca3]
V  [jvm.dll+0x247dbf]
V  [jvm.dll+0xac534]
V  [jvm.dll+0xacb7c]
V  [jvm.dll+0x3665f2]
V  [jvm.dll+0x330bba]
V  [jvm.dll+0x33005a]
V  [jvm.dll+0x21a471]
V  [jvm.dll+0x2198b1]
V  [jvm.dll+0x1a534d]
V  [jvm.dll+0x2295cd]
V  [jvm.dll+0x22779c]
V  [jvm.dll+0x7e9d07]
V  [jvm.dll+0x7e410a]
V  [jvm.dll+0x67c315]
C  [ucrtbase.dll+0x29363]
C  [KERNEL32.DLL+0x1257d]
C  [ntdll.dll+0x5aa58]


---------------  P R O C E S S  ---------------

Threads class SMR info:
_java_thread_list=0x000002627ac9ac50, length=16, elements={
0x000002625de75d50, 0x0000026273c5c270, 0x0000026273c5d5a0, 0x0000026278d33260,
0x0000026278d33e90, 0x0000026278d351c0, 0x0000026278d36c00, 0x0000026278d3a050,
0x0000026278d94830, 0x0000026278daf4d0, 0x000002625ded6570, 0x0000026279f58760,
0x000002627a94c1a0, 0x000002627a639910, 0x000002627a5a7270, 0x000002627abf8610
}

Java Threads: ( => current thread )
  0x000002625de75d50 JavaThread "main" [_thread_blocked, id=2380, stack(0x0000006b7aa00000,0x0000006b7ab00000)]
  0x0000026273c5c270 JavaThread "Reference Handler" daemon [_thread_blocked, id=15352, stack(0x0000006b7ad00000,0x0000006b7ae00000)]
  0x0000026273c5d5a0 JavaThread "Finalizer" daemon [_thread_blocked, id=14488, stack(0x0000006b7ae00000,0x0000006b7af00000)]
  0x0000026278d33260 JavaThread "Signal Dispatcher" daemon [_thread_blocked, id=7608, stack(0x0000006b7af00000,0x0000006b7b000000)]
  0x0000026278d33e90 JavaThread "Attach Listener" daemon [_thread_blocked, id=15008, stack(0x0000006b7b000000,0x0000006b7b100000)]
  0x0000026278d351c0 JavaThread "Service Thread" daemon [_thread_blocked, id=1932, stack(0x0000006b7b100000,0x0000006b7b200000)]
  0x0000026278d36c00 JavaThread "Monitor Deflation Thread" daemon [_thread_blocked, id=5468, stack(0x0000006b7b200000,0x0000006b7b300000)]
=>0x0000026278d3a050 JavaThread "C2 CompilerThread0" daemon [_thread_in_native, id=12648, stack(0x0000006b7b300000,0x0000006b7b400000)]
  0x0000026278d94830 JavaThread "C1 CompilerThread0" daemon [_thread_blocked, id=14216, stack(0x0000006b7b400000,0x0000006b7b500000)]
  0x0000026278daf4d0 JavaThread "Sweeper thread" daemon [_thread_blocked, id=13880, stack(0x0000006b7b500000,0x0000006b7b600000)]
  0x000002625ded6570 JavaThread "Common-Cleaner" daemon [_thread_blocked, id=6216, stack(0x0000006b7b600000,0x0000006b7b700000)]
  0x0000026279f58760 JavaThread "Notification Thread" daemon [_thread_blocked, id=1588, stack(0x0000006b7b700000,0x0000006b7b800000)]
  0x000002627a94c1a0 JavaThread "Active Thread: Equinox Container: 792bd6b7-5dc1-43f2-85ac-8011b9c6049c" [_thread_blocked, id=5228, stack(0x0000006b7bf00000,0x0000006b7c000000)]
  0x000002627a639910 JavaThread "Framework Event Dispatcher: Equinox Container: 792bd6b7-5dc1-43f2-85ac-8011b9c6049c" daemon [_thread_blocked, id=9540, stack(0x0000006b7c000000,0x0000006b7c100000)]
  0x000002627a5a7270 JavaThread "Start Level: Equinox Container: 792bd6b7-5dc1-43f2-85ac-8011b9c6049c" daemon [_thread_in_native, id=1480, stack(0x0000006b7c100000,0x0000006b7c200000)]
  0x000002627abf8610 JavaThread "Bundle File Closer" daemon [_thread_blocked, id=13608, stack(0x0000006b7c300000,0x0000006b7c400000)]

Other Threads:
  0x000002625df188f0 VMThread "VM Thread" [stack: 0x0000006b7ac00000,0x0000006b7ad00000] [id=3888]
  0x0000026279f17fd0 WatcherThread [stack: 0x0000006b7b800000,0x0000006b7b900000] [id=14060]
  0x000002625de89840 GCTaskThread "GC Thread#0" [stack: 0x0000006b7ab00000,0x0000006b7ac00000] [id=10724]
  0x000002627a17c720 GCTaskThread "GC Thread#1" [stack: 0x0000006b7b900000,0x0000006b7ba00000] [id=14660]
  0x000002627a1f88a0 GCTaskThread "GC Thread#2" [stack: 0x0000006b7ba00000,0x0000006b7bb00000] [id=14620]
  0x000002627a172020 GCTaskThread "GC Thread#3" [stack: 0x0000006b7bb00000,0x0000006b7bc00000] [id=14144]
  0x000002627a17cdf0 GCTaskThread "GC Thread#4" [stack: 0x0000006b7bc00000,0x0000006b7bd00000] [id=4028]
  0x000002627a17d0b0 GCTaskThread "GC Thread#5" [stack: 0x0000006b7bd00000,0x0000006b7be00000] [id=12952]
  0x000002627a17d370 GCTaskThread "GC Thread#6" [stack: 0x0000006b7be00000,0x0000006b7bf00000] [id=12764]
  0x000002627a1bd410 GCTaskThread "GC Thread#7" [stack: 0x0000006b7c200000,0x0000006b7c300000] [id=14728]

Threads with active compile tasks:
C2 CompilerThread0     2287 1981   !   4       java.lang.String::<init> (843 bytes)

VM state: not at safepoint (normal execution)

VM Mutex/Monitor currently owned by a thread: None

Heap address: 0x00000000c0000000, size: 1024 MB, Compressed Oops mode: 32-bit

CDS archive(s) not mapped
Compressed class space mapped at: 0x0000000100000000-0x0000000140000000, reserved size: 1073741824
Narrow klass base: 0x0000000000000000, Narrow klass shift: 3, Narrow klass range: 0x140000000

GC Precious Log:
 CPUs: 8 total, 8 available
 Memory: 7969M
 Large Page Support: Disabled
 NUMA Support: Disabled
 Compressed Oops: Enabled (32-bit)
 Alignments: Space 512K, Generation 512K, Heap 2M
 Heap Min Capacity: 100M
 Heap Initial Capacity: 100M
 Heap Max Capacity: 1G
 Pre-touch: Disabled
 Parallel Workers: 8

Heap:
 PSYoungGen      total 29696K, used 25198K [0x00000000eab00000, 0x00000000ecc00000, 0x0000000100000000)
  eden space 25600K, 82% used [0x00000000eab00000,0x00000000ebfa2938,0x00000000ec400000)
  from space 4096K, 99% used [0x00000000ec800000,0x00000000ecbf8f48,0x00000000ecc00000)
  to   space 4096K, 0% used [0x00000000ec400000,0x00000000ec400000,0x00000000ec800000)
 ParOldGen       total 68608K, used 1516K [0x00000000c0000000, 0x00000000c4300000, 0x00000000eab00000)
  object space 68608K, 2% used [0x00000000c0000000,0x00000000c017b370,0x00000000c4300000)
 Metaspace       used 15797K, committed 16000K, reserved 1114112K
  class space    used 1590K, committed 1664K, reserved 1048576K

Card table byte_map: [0x00000262714f0000,0x0000026271700000] _byte_map_base: 0x0000026270ef0000

Marking Bits: (ParMarkBitMap*) 0x00007fff695cd820
 Begin Bits: [0x0000026271860000, 0x0000026272860000)
 End Bits:   [0x0000026272860000, 0x0000026273860000)

Polling page: 0x000002625df20000

Metaspace:

Usage:
  Non-class:     13.87 MB used.
      Class:      1.55 MB used.
       Both:     15.43 MB used.

Virtual space:
  Non-class space:       64.00 MB reserved,      14.00 MB ( 22%) committed,  1 nodes.
      Class space:        1.00 GB reserved,       1.62 MB ( <1%) committed,  1 nodes.
             Both:        1.06 GB reserved,      15.62 MB (  1%) committed. 

Chunk freelists:
   Non-Class:  1.97 MB
       Class:  14.38 MB
        Both:  16.35 MB

MaxMetaspaceSize: unlimited
CompressedClassSpaceSize: 1.00 GB
Initial GC threshold: 21.00 MB
Current GC threshold: 21.00 MB
CDS: off
MetaspaceReclaimPolicy: balanced
 - commit_granule_bytes: 65536.
 - commit_granule_words: 8192.
 - virtual_space_node_default_size: 8388608.
 - enlarge_chunks_in_place: 1.
 - new_chunks_are_fully_committed: 0.
 - uncommit_free_chunks: 1.
 - use_allocation_guard: 0.
 - handle_deallocations: 1.


Internal statistics:

num_allocs_failed_limit: 0.
num_arena_births: 100.
num_arena_deaths: 0.
num_vsnodes_births: 2.
num_vsnodes_deaths: 0.
num_space_committed: 250.
num_space_uncommitted: 0.
num_chunks_returned_to_freelist: 0.
num_chunks_taken_from_freelist: 316.
num_chunk_merges: 0.
num_chunk_splits: 195.
num_chunks_enlarged: 151.
num_inconsistent_stats: 0.

CodeHeap 'non-profiled nmethods': size=120000Kb used=834Kb max_used=834Kb free=119165Kb
 bounds [0x0000026269de0000, 0x000002626a050000, 0x0000026271310000]
CodeHeap 'profiled nmethods': size=120000Kb used=3818Kb max_used=3818Kb free=116181Kb
 bounds [0x0000026262310000, 0x00000262626d0000, 0x0000026269840000]
CodeHeap 'non-nmethods': size=5760Kb used=1164Kb max_used=1183Kb free=4595Kb
 bounds [0x0000026269840000, 0x0000026269ab0000, 0x0000026269de0000]
 total_blobs=2467 nmethods=2008 adapters=373
 compilation: enabled
              stopped_count=0, restarted_count=0
 full_count=0

Compilation events (20 events):
Event: 2.248 Thread 0x0000026278d94830 1985       1       org.eclipse.osgi.internal.loader.EquinoxClassLoader::getConfiguration (5 bytes)
Event: 2.248 Thread 0x0000026278d94830 nmethod 1985 0x0000026269eb0310 code [0x0000026269eb04a0, 0x0000026269eb0578]
Event: 2.251 Thread 0x0000026278d94830 1986       3       jdk.internal.misc.Unsafe::copyMemory (33 bytes)
Event: 2.251 Thread 0x0000026278d94830 nmethod 1986 0x00000262626b9290 code [0x00000262626b9540, 0x00000262626ba258]
Event: 2.251 Thread 0x0000026278d94830 1987       3       jdk.internal.misc.Unsafe::copyMemoryChecks (21 bytes)
Event: 2.252 Thread 0x0000026278d94830 nmethod 1987 0x00000262626ba810 code [0x00000262626baac0, 0x00000262626bb7c8]
Event: 2.252 Thread 0x0000026278d94830 1989       3       sun.nio.fs.WindowsNativeDispatcher::asNativeBuffer (105 bytes)
Event: 2.253 Thread 0x0000026278d94830 nmethod 1989 0x00000262626bbd90 code [0x00000262626bc000, 0x00000262626bc9b8]
Event: 2.255 Thread 0x0000026278d94830 1990       3       java.util.jar.Manifest$FastInputStream::fill (38 bytes)
Event: 2.255 Thread 0x0000026278d94830 nmethod 1990 0x00000262626bcd90 code [0x00000262626bcf40, 0x00000262626bd188]
Event: 2.258 Thread 0x0000026278d94830 1991       3       sun.nio.fs.WindowsPath::<init> (26 bytes)
Event: 2.258 Thread 0x0000026278d94830 nmethod 1991 0x00000262626bd290 code [0x00000262626bd420, 0x00000262626bd5d8]
Event: 2.259 Thread 0x0000026278d94830 1992       3       sun.nio.fs.WindowsPathParser::parse (6 bytes)
Event: 2.259 Thread 0x0000026278d94830 nmethod 1992 0x00000262626bd690 code [0x00000262626bd820, 0x00000262626bd948]
Event: 2.259 Thread 0x0000026278d94830 1993       3       sun.nio.fs.WindowsPathParser::parse (384 bytes)
Event: 2.261 Thread 0x0000026278d94830 nmethod 1993 0x00000262626bda10 code [0x00000262626be100, 0x00000262626c1ce8]
Event: 2.262 Thread 0x0000026278d94830 1995       3       sun.nio.fs.WindowsFileSystem::getPath (106 bytes)
Event: 2.262 Thread 0x0000026278d94830 nmethod 1995 0x00000262626c3390 code [0x00000262626c3620, 0x00000262626c4098]
Event: 2.262 Thread 0x0000026278d94830 1994       3       sun.nio.fs.WindowsPathParser$Result::<init> (20 bytes)
Event: 2.262 Thread 0x0000026278d94830 nmethod 1994 0x00000262626c4510 code [0x00000262626c46a0, 0x00000262626c4858]

GC Heap History (4 events):
Event: 1.180 GC heap before
{Heap before GC invocations=1 (full 0):
 PSYoungGen      total 29696K, used 25600K [0x00000000eab00000, 0x00000000ecc00000, 0x0000000100000000)
  eden space 25600K, 100% used [0x00000000eab00000,0x00000000ec400000,0x00000000ec400000)
  from space 4096K, 0% used [0x00000000ec800000,0x00000000ec800000,0x00000000ecc00000)
  to   space 4096K, 0% used [0x00000000ec400000,0x00000000ec400000,0x00000000ec800000)
 ParOldGen       total 68608K, used 0K [0x00000000c0000000, 0x00000000c4300000, 0x00000000eab00000)
  object space 68608K, 0% used [0x00000000c0000000,0x00000000c0000000,0x00000000c4300000)
 Metaspace       used 10960K, committed 11136K, reserved 1114112K
  class space    used 1090K, committed 1216K, reserved 1048576K
}
Event: 1.185 GC heap after
{Heap after GC invocations=1 (full 0):
 PSYoungGen      total 29696K, used 3149K [0x00000000eab00000, 0x00000000ecc00000, 0x0000000100000000)
  eden space 25600K, 0% used [0x00000000eab00000,0x00000000eab00000,0x00000000ec400000)
  from space 4096K, 76% used [0x00000000ec400000,0x00000000ec7136f0,0x00000000ec800000)
  to   space 4096K, 0% used [0x00000000ec800000,0x00000000ec800000,0x00000000ecc00000)
 ParOldGen       total 68608K, used 8K [0x00000000c0000000, 0x00000000c4300000, 0x00000000eab00000)
  object space 68608K, 0% used [0x00000000c0000000,0x00000000c0002000,0x00000000c4300000)
 Metaspace       used 10960K, committed 11136K, reserved 1114112K
  class space    used 1090K, committed 1216K, reserved 1048576K
}
Event: 1.729 GC heap before
{Heap before GC invocations=2 (full 0):
 PSYoungGen      total 29696K, used 28749K [0x00000000eab00000, 0x00000000ecc00000, 0x0000000100000000)
  eden space 25600K, 100% used [0x00000000eab00000,0x00000000ec400000,0x00000000ec400000)
  from space 4096K, 76% used [0x00000000ec400000,0x00000000ec7136f0,0x00000000ec800000)
  to   space 4096K, 0% used [0x00000000ec800000,0x00000000ec800000,0x00000000ecc00000)
 ParOldGen       total 68608K, used 8K [0x00000000c0000000, 0x00000000c4300000, 0x00000000eab00000)
  object space 68608K, 0% used [0x00000000c0000000,0x00000000c0002000,0x00000000c4300000)
 Metaspace       used 14458K, committed 14720K, reserved 1114112K
  class space    used 1443K, committed 1536K, reserved 1048576K
}
Event: 1.733 GC heap after
{Heap after GC invocations=2 (full 0):
 PSYoungGen      total 29696K, used 4067K [0x00000000eab00000, 0x00000000ecc00000, 0x0000000100000000)
  eden space 25600K, 0% used [0x00000000eab00000,0x00000000eab00000,0x00000000ec400000)
  from space 4096K, 99% used [0x00000000ec800000,0x00000000ecbf8f48,0x00000000ecc00000)
  to   space 4096K, 0% used [0x00000000ec400000,0x00000000ec400000,0x00000000ec800000)
 ParOldGen       total 68608K, used 1516K [0x00000000c0000000, 0x00000000c4300000, 0x00000000eab00000)
  object space 68608K, 2% used [0x00000000c0000000,0x00000000c017b370,0x00000000c4300000)
 Metaspace       used 14458K, committed 14720K, reserved 1114112K
  class space    used 1443K, committed 1536K, reserved 1048576K
}

Dll operation events (9 events):
Event: 0.009 Loaded shared library c:\Users\Admin\.vscode\extensions\redhat.java-1.32.0-win32-x64\jre\17.0.11-win32-x86_64\bin\java.dll
Event: 0.111 Loaded shared library c:\Users\Admin\.vscode\extensions\redhat.java-1.32.0-win32-x64\jre\17.0.11-win32-x86_64\bin\zip.dll
Event: 0.113 Loaded shared library C:\Users\Admin\.vscode\extensions\redhat.java-1.32.0-win32-x64\jre\17.0.11-win32-x86_64\bin\instrument.dll
Event: 0.121 Loaded shared library C:\Users\Admin\.vscode\extensions\redhat.java-1.32.0-win32-x64\jre\17.0.11-win32-x86_64\bin\net.dll
Event: 0.462 Loaded shared library C:\Users\Admin\.vscode\extensions\redhat.java-1.32.0-win32-x64\jre\17.0.11-win32-x86_64\bin\nio.dll
Event: 0.475 Loaded shared library C:\Users\Admin\.vscode\extensions\redhat.java-1.32.0-win32-x64\jre\17.0.11-win32-x86_64\bin\zip.dll
Event: 0.535 Loaded shared library C:\Users\Admin\.vscode\extensions\redhat.java-1.32.0-win32-x64\jre\17.0.11-win32-x86_64\bin\jimage.dll
Event: 0.629 Loaded shared library c:\Users\Admin\.vscode\extensions\redhat.java-1.32.0-win32-x64\jre\17.0.11-win32-x86_64\bin\verify.dll
Event: 1.673 Loaded shared library C:\Users\Admin\AppData\Roaming\Code\User\globalStorage\redhat.java\1.32.0\config_win\org.eclipse.equinox.launcher\org.eclipse.equinox.launcher.win32.win32.x86_64_1.2.1100.v20240613-2013\eclipse_11903.dll

Deoptimization events (20 events):
Event: 2.180 Thread 0x000002627a5a7270 DEOPT PACKING pc=0x0000026269df846c sp=0x0000006b7c1fddf0
Event: 2.180 Thread 0x000002627a5a7270 DEOPT UNPACKING pc=0x00000262698966a3 sp=0x0000006b7c1fdcc0 mode 2
Event: 2.180 Thread 0x000002627a5a7270 Uncommon trap: trap_request=0xffffff45 fr.pc=0x0000026269e34618 relative=0x00000000000003f8
Event: 2.180 Thread 0x000002627a5a7270 Uncommon trap: reason=unstable_if action=reinterpret pc=0x0000026269e34618 method=java.lang.String.substring(II)Ljava/lang/String; @ 31 c2
Event: 2.180 Thread 0x000002627a5a7270 DEOPT PACKING pc=0x0000026269e34618 sp=0x0000006b7c1fdda0
Event: 2.180 Thread 0x000002627a5a7270 DEOPT UNPACKING pc=0x00000262698966a3 sp=0x0000006b7c1fdd70 mode 2
Event: 2.228 Thread 0x000002627a5a7270 Uncommon trap: trap_request=0xffffff45 fr.pc=0x0000026269df2308 relative=0x0000000000000108
Event: 2.228 Thread 0x000002627a5a7270 Uncommon trap: reason=unstable_if action=reinterpret pc=0x0000026269df2308 method=java.lang.StringCoding.hasNegatives([BII)Z @ 12 c2
Event: 2.228 Thread 0x000002627a5a7270 DEOPT PACKING pc=0x0000026269df2308 sp=0x0000006b7c1fd260
Event: 2.228 Thread 0x000002627a5a7270 DEOPT UNPACKING pc=0x00000262698966a3 sp=0x0000006b7c1fd1f0 mode 2
Event: 2.230 Thread 0x000002627a5a7270 DEOPT PACKING pc=0x00000262626b5c56 sp=0x0000006b7c1fd260
Event: 2.230 Thread 0x000002627a5a7270 DEOPT UNPACKING pc=0x0000026269896e43 sp=0x0000006b7c1fc6e8 mode 0
Event: 2.235 Thread 0x000002627a5a7270 DEOPT PACKING pc=0x00000262626b5c56 sp=0x0000006b7c1fd2d0
Event: 2.235 Thread 0x000002627a5a7270 DEOPT UNPACKING pc=0x0000026269896e43 sp=0x0000006b7c1fc758 mode 0
Event: 2.243 Thread 0x000002627a5a7270 DEOPT PACKING pc=0x00000262626b5c56 sp=0x0000006b7c1fd2d0
Event: 2.243 Thread 0x000002627a5a7270 DEOPT UNPACKING pc=0x0000026269896e43 sp=0x0000006b7c1fc758 mode 0
Event: 2.250 Thread 0x000002627a5a7270 DEOPT PACKING pc=0x00000262626b5c56 sp=0x0000006b7c1fd260
Event: 2.250 Thread 0x000002627a5a7270 DEOPT UNPACKING pc=0x0000026269896e43 sp=0x0000006b7c1fc6e8 mode 0
Event: 2.252 Thread 0x000002627a5a7270 DEOPT PACKING pc=0x00000262626b5c56 sp=0x0000006b7c1fd260
Event: 2.252 Thread 0x000002627a5a7270 DEOPT UNPACKING pc=0x0000026269896e43 sp=0x0000006b7c1fc6e8 mode 0

Classes unloaded (0 events):
No events

Classes redefined (0 events):
No events

Internal exceptions (20 events):
Event: 0.925 Thread 0x000002625de75d50 Exception <a 'java/io/FileNotFoundException'{0x00000000eb8d6ad0}> (0x00000000eb8d6ad0) 
thrown [s\src\hotspot\share\prims\jni.cpp, line 516]
Event: 1.114 Thread 0x000002625de75d50 Exception <a 'java/lang/ClassNotFoundException'{0x00000000ec0f8a28}: sun/net/www/protocol/c/Handler> (0x00000000ec0f8a28) 
thrown [s\src\hotspot\share\classfile\systemDictionary.cpp, line 256]
Event: 1.114 Thread 0x000002625de75d50 Exception <a 'java/lang/ClassNotFoundException'{0x00000000ec0f9d70}: sun/net/www/protocol/c/Handler> (0x00000000ec0f9d70) 
thrown [s\src\hotspot\share\classfile\systemDictionary.cpp, line 256]
Event: 1.115 Thread 0x000002625de75d50 Exception <a 'java/lang/ClassNotFoundException'{0x00000000ec0faee8}: sun/net/www/protocol/c/Handler> (0x00000000ec0faee8) 
thrown [s\src\hotspot\share\classfile\systemDictionary.cpp, line 256]
Event: 1.119 Thread 0x000002625de75d50 Exception <a 'java/io/FileNotFoundException'{0x00000000ec122328}> (0x00000000ec122328) 
thrown [s\src\hotspot\share\prims\jni.cpp, line 516]
Event: 1.141 Thread 0x000002625de75d50 Implicit null exception at 0x0000026269e1ffec to 0x0000026269e201c4
Event: 1.141 Thread 0x000002625de75d50 Implicit null exception at 0x0000026269e1af8f to 0x0000026269e1b005
Event: 1.179 Thread 0x000002625de75d50 Exception <a 'java/lang/NoSuchMethodError'{0x00000000ec3fae58}: 'int java.lang.invoke.DirectMethodHandle$Holder.invokeStaticInit(java.lang.Object, java.lang.Object, java.lang.Object, java.lang.Object)'> (0x00000000ec3fae58) 
thrown [s\src\hotspot\share\interpreter\linkResolver.cpp, line 759]
Event: 1.186 Thread 0x000002625de75d50 Exception <a 'java/lang/NoSuchMethodError'{0x00000000eab05890}: 'java.lang.Object java.lang.invoke.DirectMethodHandle$Holder.invokeInterface(java.lang.Object, java.lang.Object)'> (0x00000000eab05890) 
thrown [s\src\hotspot\share\interpreter\linkResolver.cpp, line 759]
Event: 1.186 Thread 0x000002625de75d50 Exception <a 'java/lang/IncompatibleClassChangeError'{0x00000000eab09088}: Found class java.lang.Object, but interface was expected> (0x00000000eab09088) 
thrown [s\src\hotspot\share\interpreter\linkResolver.cpp, line 826]
Event: 1.187 Thread 0x000002625de75d50 Exception <a 'java/lang/NoSuchMethodError'{0x00000000eab0d578}: 'void java.lang.invoke.DirectMethodHandle$Holder.invokeStatic(java.lang.Object, java.lang.Object)'> (0x00000000eab0d578) 
thrown [s\src\hotspot\share\interpreter\linkResolver.cpp, line 759]
Event: 1.188 Thread 0x000002625de75d50 Exception <a 'java/lang/NoSuchMethodError'{0x00000000eab10d78}: 'void java.lang.invoke.DirectMethodHandle$Holder.invokeStaticInit(java.lang.Object, java.lang.Object)'> (0x00000000eab10d78) 
thrown [s\src\hotspot\share\interpreter\linkResolver.cpp, line 759]
Event: 1.188 Thread 0x000002625de75d50 Exception <a 'java/lang/NoSuchMethodError'{0x00000000eab18748}: 'int java.lang.invoke.DirectMethodHandle$Holder.invokeStaticInit(java.lang.Object, java.lang.Object)'> (0x00000000eab18748) 
thrown [s\src\hotspot\share\interpreter\linkResolver.cpp, line 759]
Event: 1.262 Thread 0x000002625de75d50 Exception <a 'java/lang/NoSuchMethodError'{0x00000000eaca6f08}: 'void java.lang.invoke.DirectMethodHandle$Holder.invokeSpecial(java.lang.Object, java.lang.Object, java.lang.Object)'> (0x00000000eaca6f08) 
thrown [s\src\hotspot\share\interpreter\linkResolver.cpp, line 759]
Event: 1.508 Thread 0x000002625de75d50 Exception <a 'java/lang/NoSuchMethodError'{0x00000000ebaa8e18}: 'java.lang.Object java.lang.invoke.DirectMethodHandle$Holder.newInvokeSpecial(java.lang.Object, int, java.lang.Object)'> (0x00000000ebaa8e18) 
thrown [s\src\hotspot\share\interpreter\linkResolver.cpp, line 759]
Event: 1.666 Thread 0x000002625de75d50 Exception <a 'java/lang/UnsatisfiedLinkError'{0x00000000ec0c4ad8}: 'void org.eclipse.equinox.launcher.JNIBridge._update_splash()'> (0x00000000ec0c4ad8) 
thrown [s\src\hotspot\share\prims\nativeLookup.cpp, line 543]
Event: 1.740 Thread 0x000002627a5a7270 Exception <a 'java/lang/NoSuchMethodError'{0x00000000eab6ee70}: 'java.lang.Object java.lang.invoke.DirectMethodHandle$Holder.invokeStaticInit(java.lang.Object)'> (0x00000000eab6ee70) 
thrown [s\src\hotspot\share\interpreter\linkResolver.cpp, line 759]
Event: 1.758 Thread 0x000002627a5a7270 Exception <a 'java/lang/NoSuchMethodError'{0x00000000eac387e8}: 'java.lang.Object java.lang.invoke.DirectMethodHandle$Holder.newInvokeSpecial(java.lang.Object, java.lang.Object, int, java.lang.Object)'> (0x00000000eac387e8) 
thrown [s\src\hotspot\share\interpreter\linkResolver.cpp, line 759]
Event: 1.758 Thread 0x000002627a5a7270 Exception <a 'java/lang/NoSuchMethodError'{0x00000000eac3ce88}: 'java.lang.Object java.lang.invoke.DirectMethodHandle$Holder.invokeSpecial(java.lang.Object, java.lang.Object, java.lang.Object, int, java.lang.Object)'> (0x00000000eac3ce88) 
thrown [s\src\hotspot\share\interpreter\linkResolver.cpp, line 759]
Event: 1.841 Thread 0x000002627a5a7270 Exception <a 'java/lang/ClassNotFoundException'{0x00000000eaf0bd98}: sun/util/logging/resources/spi/loggingProvider> (0x00000000eaf0bd98) 
thrown [s\src\hotspot\share\classfile\systemDictionary.cpp, line 256]

VM Operations (20 events):
Event: 1.490 Executing VM operation: HandshakeAllThreads
Event: 1.490 Executing VM operation: HandshakeAllThreads done
Event: 1.495 Executing VM operation: HandshakeAllThreads
Event: 1.495 Executing VM operation: HandshakeAllThreads done
Event: 1.504 Executing VM operation: HandshakeAllThreads
Event: 1.504 Executing VM operation: HandshakeAllThreads done
Event: 1.726 Executing VM operation: HandshakeAllThreads
Event: 1.726 Executing VM operation: HandshakeAllThreads done
Event: 1.729 Executing VM operation: ParallelGCFailedAllocation
Event: 1.733 Executing VM operation: ParallelGCFailedAllocation done
Event: 1.800 Executing VM operation: HandshakeAllThreads
Event: 1.800 Executing VM operation: HandshakeAllThreads done
Event: 1.870 Executing VM operation: HandshakeAllThreads
Event: 1.870 Executing VM operation: HandshakeAllThreads done
Event: 1.888 Executing VM operation: HandshakeAllThreads
Event: 1.888 Executing VM operation: HandshakeAllThreads done
Event: 1.909 Executing VM operation: HandshakeAllThreads
Event: 1.909 Executing VM operation: HandshakeAllThreads done
Event: 2.008 Executing VM operation: HandshakeAllThreads
Event: 2.008 Executing VM operation: HandshakeAllThreads done

Events (20 events):
Event: 1.886 loading class java/util/stream/Sink$OfInt
Event: 1.886 loading class java/util/function/IntConsumer
Event: 1.886 loading class java/util/function/IntConsumer done
Event: 1.886 loading class java/util/stream/Sink$OfInt done
Event: 1.886 loading class java/util/stream/FindOps$FindSink$OfInt done
Event: 1.886 loading class java/util/OptionalInt
Event: 1.886 loading class java/util/OptionalInt done
Event: 1.887 loading class java/util/stream/IntPipeline$10$1
Event: 1.887 loading class java/util/stream/Sink$ChainedInt
Event: 1.887 loading class java/util/stream/Sink$ChainedInt done
Event: 1.887 loading class java/util/stream/IntPipeline$10$1 done
Event: 1.887 loading class java/lang/StringUTF16$CharsSpliterator
Event: 1.887 loading class java/lang/StringUTF16$CharsSpliterator done
Event: 1.887 loading class java/lang/CharacterData00
Event: 1.888 loading class java/lang/CharacterData00 done
Event: 1.889 loading class java/time/LocalTime$1
Event: 1.889 loading class java/time/LocalTime$1 done
Event: 1.889 loading class java/util/Formattable
Event: 1.889 loading class java/util/Formattable done
Event: 2.176 Thread 0x000002627abf8610 Thread added: 0x000002627abf8610


Dynamic libraries:
0x00007ff7fddc0000 - 0x00007ff7fddce000 	c:\Users\Admin\.vscode\extensions\redhat.java-1.32.0-win32-x64\jre\17.0.11-win32-x86_64\bin\java.exe
0x00007fffdfcd0000 - 0x00007fffdfee7000 	C:\Windows\SYSTEM32\ntdll.dll
0x00007fffdf070000 - 0x00007fffdf134000 	C:\Windows\System32\KERNEL32.DLL
0x00007fffdd480000 - 0x00007fffdd826000 	C:\Windows\System32\KERNELBASE.dll
0x00007fffdd8d0000 - 0x00007fffdd9e1000 	C:\Windows\System32\ucrtbase.dll
0x00007fffc58b0000 - 0x00007fffc58cb000 	c:\Users\Admin\.vscode\extensions\redhat.java-1.32.0-win32-x64\jre\17.0.11-win32-x86_64\bin\VCRUNTIME140.dll
0x00007fffc5340000 - 0x00007fffc5357000 	c:\Users\Admin\.vscode\extensions\redhat.java-1.32.0-win32-x64\jre\17.0.11-win32-x86_64\bin\jli.dll
0x00007fffddb30000 - 0x00007fffddcde000 	C:\Windows\System32\USER32.dll
0x00007fffcebc0000 - 0x00007fffcee53000 	C:\Windows\WinSxS\amd64_microsoft.windows.common-controls_6595b64144ccf1df_6.0.22621.2506_none_270c5ae97388e100\COMCTL32.dll
0x00007fffdd010000 - 0x00007fffdd036000 	C:\Windows\System32\win32u.dll
0x00007fffde050000 - 0x00007fffde0f7000 	C:\Windows\System32\msvcrt.dll
0x00007fffde020000 - 0x00007fffde049000 	C:\Windows\System32\GDI32.dll
0x00007fffdd040000 - 0x00007fffdd158000 	C:\Windows\System32\gdi32full.dll
0x00007fffdd830000 - 0x00007fffdd8ca000 	C:\Windows\System32\msvcp_win.dll
0x00007fffdf3a0000 - 0x00007fffdf3d1000 	C:\Windows\System32\IMM32.DLL
0x00007fffc6470000 - 0x00007fffc647c000 	c:\Users\Admin\.vscode\extensions\redhat.java-1.32.0-win32-x64\jre\17.0.11-win32-x86_64\bin\vcruntime140_1.dll
0x00007fffc52b0000 - 0x00007fffc533d000 	c:\Users\Admin\.vscode\extensions\redhat.java-1.32.0-win32-x64\jre\17.0.11-win32-x86_64\bin\msvcp140.dll
0x00007fff68a30000 - 0x00007fff69692000 	c:\Users\Admin\.vscode\extensions\redhat.java-1.32.0-win32-x64\jre\17.0.11-win32-x86_64\bin\server\jvm.dll
0x00007fffdde80000 - 0x00007fffddf33000 	C:\Windows\System32\ADVAPI32.dll
0x00007fffde9f0000 - 0x00007fffdea98000 	C:\Windows\System32\sechost.dll
0x00007fffdd9f0000 - 0x00007fffdda18000 	C:\Windows\System32\bcrypt.dll
0x00007fffdeaa0000 - 0x00007fffdebb7000 	C:\Windows\System32\RPCRT4.dll
0x00007fffdbe60000 - 0x00007fffdbead000 	C:\Windows\SYSTEM32\POWRPROF.dll
0x00007fffcff70000 - 0x00007fffcff79000 	C:\Windows\SYSTEM32\WSOCK32.dll
0x00007fffddd00000 - 0x00007fffddd71000 	C:\Windows\System32\WS2_32.dll
0x00007fffcf000000 - 0x00007fffcf034000 	C:\Windows\SYSTEM32\WINMM.dll
0x00007fffd3850000 - 0x00007fffd385a000 	C:\Windows\SYSTEM32\VERSION.dll
0x00007fffdbe40000 - 0x00007fffdbe53000 	C:\Windows\SYSTEM32\UMPDC.dll
0x00007fffdc100000 - 0x00007fffdc118000 	C:\Windows\SYSTEM32\kernel.appcore.dll
0x00007fffc0760000 - 0x00007fffc076a000 	c:\Users\Admin\.vscode\extensions\redhat.java-1.32.0-win32-x64\jre\17.0.11-win32-x86_64\bin\jimage.dll
0x00007fffda9c0000 - 0x00007fffdabf3000 	C:\Windows\SYSTEM32\DBGHELP.DLL
0x00007fffdf900000 - 0x00007fffdfc89000 	C:\Windows\System32\combase.dll
0x00007fffddf40000 - 0x00007fffde017000 	C:\Windows\System32\OLEAUT32.dll
0x00007fffcd930000 - 0x00007fffcd962000 	C:\Windows\SYSTEM32\dbgcore.DLL
0x00007fffdd220000 - 0x00007fffdd29a000 	C:\Windows\System32\bcryptPrimitives.dll
0x00007fffb6830000 - 0x00007fffb683e000 	c:\Users\Admin\.vscode\extensions\redhat.java-1.32.0-win32-x64\jre\17.0.11-win32-x86_64\bin\instrument.dll
0x00007fffb6800000 - 0x00007fffb6825000 	c:\Users\Admin\.vscode\extensions\redhat.java-1.32.0-win32-x64\jre\17.0.11-win32-x86_64\bin\java.dll
0x00007fffc0740000 - 0x00007fffc0758000 	c:\Users\Admin\.vscode\extensions\redhat.java-1.32.0-win32-x64\jre\17.0.11-win32-x86_64\bin\zip.dll
0x00007fffde190000 - 0x00007fffde9eb000 	C:\Windows\System32\SHELL32.dll
0x00007fffdaf20000 - 0x00007fffdb816000 	C:\Windows\SYSTEM32\windows.storage.dll
0x00007fffdade0000 - 0x00007fffdaf1e000 	C:\Windows\SYSTEM32\wintypes.dll
0x00007fffdda20000 - 0x00007fffddb13000 	C:\Windows\System32\SHCORE.dll
0x00007fffdf4f0000 - 0x00007fffdf54e000 	C:\Windows\System32\shlwapi.dll
0x00007fffdcf40000 - 0x00007fffdcf66000 	C:\Windows\SYSTEM32\profapi.dll
0x00007fffbb390000 - 0x00007fffbb3a9000 	C:\Users\Admin\.vscode\extensions\redhat.java-1.32.0-win32-x64\jre\17.0.11-win32-x86_64\bin\net.dll
0x00007fffd7120000 - 0x00007fffd7257000 	C:\Windows\SYSTEM32\WINHTTP.dll
0x00007fffdc570000 - 0x00007fffdc5d9000 	C:\Windows\system32\mswsock.dll
0x00007fffb6860000 - 0x00007fffb6876000 	C:\Users\Admin\.vscode\extensions\redhat.java-1.32.0-win32-x64\jre\17.0.11-win32-x86_64\bin\nio.dll
0x00007fffbb380000 - 0x00007fffbb390000 	c:\Users\Admin\.vscode\extensions\redhat.java-1.32.0-win32-x64\jre\17.0.11-win32-x86_64\bin\verify.dll
0x00007fffb52f0000 - 0x00007fffb5334000 	C:\Users\Admin\AppData\Roaming\Code\User\globalStorage\redhat.java\1.32.0\config_win\org.eclipse.equinox.launcher\org.eclipse.equinox.launcher.win32.win32.x86_64_1.2.1100.v20240613-2013\eclipse_11903.dll
0x00007fffdf600000 - 0x00007fffdf7a0000 	C:\Windows\System32\ole32.dll

dbghelp: loaded successfully - version: 4.0.5 - missing functions: none
symbol engine: initialized successfully - sym options: 0x614 - pdb path: .;c:\Users\Admin\.vscode\extensions\redhat.java-1.32.0-win32-x64\jre\17.0.11-win32-x86_64\bin;C:\Windows\SYSTEM32;C:\Windows\WinSxS\amd64_microsoft.windows.common-controls_6595b64144ccf1df_6.0.22621.2506_none_270c5ae97388e100;c:\Users\Admin\.vscode\extensions\redhat.java-1.32.0-win32-x64\jre\17.0.11-win32-x86_64\bin\server;C:\Users\Admin\AppData\Roaming\Code\User\globalStorage\redhat.java\1.32.0\config_win\org.eclipse.equinox.launcher\org.eclipse.equinox.launcher.win32.win32.x86_64_1.2.1100.v20240613-2013

VM Arguments:
jvm_args: --add-modules=ALL-SYSTEM --add-opens=java.base/java.util=ALL-UNNAMED --add-opens=java.base/java.lang=ALL-UNNAMED --add-opens=java.base/sun.nio.fs=ALL-UNNAMED -Declipse.application=org.eclipse.jdt.ls.core.id1 -Dosgi.bundles.defaultStartLevel=4 -Declipse.product=org.eclipse.jdt.ls.core.product -Djava.import.generatesMetadataFilesAtProjectRoot=false -DDetectVMInstallationsJob.disabled=true -Dfile.encoding=utf8 -XX:+UseParallelGC -XX:GCTimeRatio=4 -XX:AdaptiveSizePolicyWeight=90 -Dsun.zip.disableMemoryMapping=true -Xmx1G -Xms100m -Xlog:disable -javaagent:c:\Users\Admin\.vscode\extensions\redhat.java-1.32.0-win32-x64\lombok\lombok-1.18.33.jar -XX:+HeapDumpOnOutOfMemoryError -XX:HeapDumpPath=c:\Users\Admin\AppData\Roaming\Code\User\workspaceStorage\78fca1ce46c824e0b38b32d691e66f7c\redhat.java -Daether.dependencyCollector.impl=bf 
java_command: c:\Users\Admin\.vscode\extensions\redhat.java-1.32.0-win32-x64\server\plugins\org.eclipse.equinox.launcher_1.6.900.v20240613-2009.jar -configuration c:\Users\Admin\AppData\Roaming\Code\User\globalStorage\redhat.java\1.32.0\config_win -data c:\Users\Admin\AppData\Roaming\Code\User\workspaceStorage\78fca1ce46c824e0b38b32d691e66f7c\redhat.java\jdt_ws --pipe=\\.\pipe\lsp-f8ec0c36c32a6673c133218e11e75140-sock
java_class_path (initial): c:\Users\Admin\.vscode\extensions\redhat.java-1.32.0-win32-x64\server\plugins\org.eclipse.equinox.launcher_1.6.900.v20240613-2009.jar
Launcher Type: SUN_STANDARD

[Global flags]
    uintx AdaptiveSizePolicyWeight                 = 90                                        {product} {command line}
     intx CICompilerCount                          = 4                                         {product} {ergonomic}
    uintx GCTimeRatio                              = 4                                         {product} {command line}
     bool HeapDumpOnOutOfMemoryError               = true                                   {manageable} {command line}
    ccstr HeapDumpPath                             = c:\Users\Admin\AppData\Roaming\Code\User\workspaceStorage\78fca1ce46c824e0b38b32d691e66f7c\redhat.java         {manageable} {command line}
   size_t InitialHeapSize                          = 104857600                                 {product} {command line}
   size_t MaxHeapSize                              = 1073741824                                {product} {command line}
   size_t MaxNewSize                               = 357564416                                 {product} {ergonomic}
   size_t MinHeapDeltaBytes                        = 524288                                    {product} {ergonomic}
   size_t MinHeapSize                              = 104857600                                 {product} {command line}
   size_t NewSize                                  = 34603008                                  {product} {ergonomic}
    uintx NonNMethodCodeHeapSize                   = 5839372                                {pd product} {ergonomic}
    uintx NonProfiledCodeHeapSize                  = 122909434                              {pd product} {ergonomic}
   size_t OldSize                                  = 70254592                                  {product} {ergonomic}
    uintx ProfiledCodeHeapSize                     = 122909434                              {pd product} {ergonomic}
    uintx ReservedCodeCacheSize                    = 251658240                              {pd product} {ergonomic}
     bool SegmentedCodeCache                       = true                                      {product} {ergonomic}
   size_t SoftMaxHeapSize                          = 1073741824                             {manageable} {ergonomic}
     bool UseCompressedClassPointers               = true                           {product lp64_product} {ergonomic}
     bool UseCompressedOops                        = true                           {product lp64_product} {ergonomic}
     bool UseLargePagesIndividualAllocation        = false                                  {pd product} {ergonomic}
     bool UseParallelGC                            = true                                      {product} {command line}

Logging:
Log output configuration:
 #0: stdout all=off uptime,level,tags
 #1: stderr all=off uptime,level,tags

Environment Variables:
JAVA_HOME=C:\Program Files\Eclipse Adoptium\jdk-21.0.3.9-hotspot
PATH=C:\Users\Admin\bin;C:\Program Files\Git\mingw64\bin;C:\Program Files\Git\usr\local\bin;C:\Program Files\Git\usr\bin;C:\Program Files\Git\usr\bin;C:\Program Files\Git\mingw64\bin;C:\Program Files\Git\usr\bin;C:\Users\Admin\bin;C:\Program Files\Eclipse Adoptium\jdk-21.0.3.9-hotspot\bin;C:\Windows\system32;C:\Windows;C:\Windows\System32\Wbem;C:\Windows\System32\WindowsPowerShell\v1.0;C:\Windows\System32\OpenSSH;C:\Program Files\Microsoft SQL Server\Client SDK\ODBC\170\Tools\Binn;C:\Program Files\Microsoft SQL Server\150\Tools\Binn;C:\Program Files\dotnet;C:\Program Files\nodejs;C:\Program Files\Docker\Docker\resources\bin;C:\Program Files\Git\cmd;C:\Program Files\apache-maven-3.9.8\bin;C:\Users\Admin\AppData\Local\Microsoft\WindowsApps;C:\Users\Admin\.dotnet\tools;C:\Users\Admin\AppData\Local\Programs\Microsoft VS Code\bin;C:\Users\Admin\AppData\Local\JetBrains\Toolbox\scripts;C:\Users\Admin\AppData\Roaming\npm;C:\Program Files\Git\usr\bin\vendor_perl;C:\Program Files\Git\usr\bin\core_perl
USERNAME=Admin
SHELL=C:\Program Files\Git\usr\bin\bash.exe
DISPLAY=needs-to-be-defined
LANG=es_ES.UTF-8
TERM=xterm-256color
TMPDIR=C:\Users\Admin\AppData\Local\Temp
OS=Windows_NT
PROCESSOR_IDENTIFIER=Intel64 Family 6 Model 151 Stepping 5, GenuineIntel
TMP=C:\Users\Admin\AppData\Local\Temp
TEMP=C:\Users\Admin\AppData\Local\Temp



Periodic native trim disabled


---------------  S Y S T E M  ---------------

OS:
 Windows 11 , 64 bit Build 22621 (10.0.22621.3078)
OS uptime: 0 days 4:04 hours
Hyper-V role detected

CPU: total 8 (initial active 8) (4 cores per cpu, 2 threads per core) family 6 model 151 stepping 5 microcode 0x1e, cx8, cmov, fxsr, ht, mmx, 3dnowpref, sse, sse2, sse3, ssse3, sse4.1, sse4.2, popcnt, lzcnt, tsc, tscinvbit, avx, avx2, aes, erms, clmul, bmi1, bmi2, adx, sha, fma, vzeroupper, clflush, clflushopt, clwb, hv
Processor Information for all 8 processors :
  Max Mhz: 3300, Current Mhz: 3300, Mhz Limit: 3300

Memory: 4k page, system-wide physical 7969M (7M free)
TotalPageFile size 16161M (AvailPageFile size 37M)
current process WorkingSet (physical memory assigned to process): 97M, peak: 98M
current process commit charge ("private bytes"): 212M, peak: 213M

vm_info: OpenJDK 64-Bit Server VM (17.0.11+9) for windows-amd64 JRE (17.0.11+9), built on Apr 17 2024 06:07:48 by "admin" with MS VC++ 16.10 / 16.11 (VS2019)

END.
