#
# There is insufficient memory for the Java Runtime Environment to continue.
# Native memory allocation (malloc) failed to allocate 32784 bytes. Error detail: Chunk::new
# Possible reasons:
#   The system is out of physical RAM or swap space
#   This process is running with CompressedOops enabled, and the Java Heap may be blocking the growth of the native heap
# Possible solutions:
#   Reduce memory load on the system
#   Increase physical memory or swap space
#   Check if swap backing store is full
#   Decrease Java heap size (-Xmx/-Xms)
#   Decrease number of Java threads
#   Decrease Java thread stack sizes (-Xss)
#   Set larger code cache with -XX:ReservedCodeCacheSize=
#   JVM is running with Unscaled Compressed Oops mode in which the Java heap is
#     placed in the first 4GB address space. The Java Heap base address is the
#     maximum limit for the native heap growth. Please use -XX:HeapBaseMinAddress
#     to set the Java Heap base and to place the Java Heap above 4GB virtual address.
# This output file may be truncated or incomplete.
#
#  Out of Memory Error (arena.cpp:168), pid=1544, tid=3780
#
# JRE version: OpenJDK Runtime Environment Temurin-21.0.3+9 (21.0.3+9) (build 21.0.3+9-LTS)
# Java VM: OpenJDK 64-Bit Server VM Temurin-21.0.3+9 (21.0.3+9-LTS, mixed mode, sharing, tiered, compressed oops, compressed class ptrs, g1 gc, windows-amd64)
# No core dump will be written. Minidumps are not enabled by default on client versions of Windows
#

---------------  S U M M A R Y ------------

Command Line: -Dcom.sun.management.jmxremote -Dcom.sun.management.jmxremote.port=61540 -Dcom.sun.management.jmxremote.authenticate=false -Dcom.sun.management.jmxremote.ssl=false -Dspring.jmx.enabled=true -Djava.rmi.server.hostname=localhost -Dspring.application.admin.enabled=true -Dspring.boot.project.name=gad-back -XX:+ShowCodeDetailsInExceptionMessages -Dmanagement.endpoints.jmx.exposure.include=* com.azo.backend.gadapp.gad_back.GadBackApplication

Host: 12th Gen Intel(R) Core(TM) i3-12100, 8 cores, 7G,  Windows 11 , 64 bit Build 22621 (10.0.22621.3078)
Time: Thu Jul 25 12:03:52 2024 Hora est. Pacífico, Sudamérica elapsed time: 18.862446 seconds (0d 0h 0m 18s)

---------------  T H R E A D  ---------------

Current thread (0x0000022b5ffba320):  JavaThread "C2 CompilerThread0" daemon [_thread_in_native, id=3780, stack(0x000000300a400000,0x000000300a500000) (1024K)]


Current CompileTask:
C2:  18862 12102       4       java.util.Locale::forLanguageTag (74 bytes)

Stack: [0x000000300a400000,0x000000300a500000]
Native frames: (J=compiled Java code, j=interpreted, Vv=VM code, C=native code)
V  [jvm.dll+0x6c8699]
V  [jvm.dll+0x8a2061]
V  [jvm.dll+0x8a458e]
V  [jvm.dll+0x8a4c63]
V  [jvm.dll+0x27e476]
V  [jvm.dll+0xc4a1d]
V  [jvm.dll+0xc4f53]
V  [jvm.dll+0xd231d]
V  [jvm.dll+0x5e220f]
V  [jvm.dll+0x5e05fd]
V  [jvm.dll+0x5e0e90]
V  [jvm.dll+0x5e041e]
V  [jvm.dll+0x5e0431]
V  [jvm.dll+0x5e0431]
V  [jvm.dll+0x5e0431]
V  [jvm.dll+0x5e0431]
V  [jvm.dll+0x5e0431]
V  [jvm.dll+0x5e0431]
V  [jvm.dll+0x5e0431]
V  [jvm.dll+0x5e0431]
V  [jvm.dll+0x5f2735]
V  [jvm.dll+0x24fa82]
V  [jvm.dll+0x24fe3f]
V  [jvm.dll+0x248804]
V  [jvm.dll+0x245e94]
V  [jvm.dll+0x1c6f4e]
V  [jvm.dll+0x255719]
V  [jvm.dll+0x253cba]
V  [jvm.dll+0x3ec1e6]
V  [jvm.dll+0x84bf8b]
V  [jvm.dll+0x6c6dcd]
C  [ucrtbase.dll+0x29363]
C  [KERNEL32.DLL+0x1257d]
C  [ntdll.dll+0x5aa58]


---------------  P R O C E S S  ---------------

Threads class SMR info:
_java_thread_list=0x0000022b69d87f30, length=37, elements={
0x0000022b5ffa4ad0, 0x0000022b5ffa5730, 0x0000022b5ffaacf0, 0x0000022b5ffaccf0,
0x0000022b5ffafc40, 0x0000022b5ffb0b80, 0x0000022b5ffba320, 0x0000022b5ffbd1c0,
0x0000022b5ff74540, 0x0000022b642dc580, 0x0000022b64b7c790, 0x0000022b64a91370,
0x0000022b64a91e20, 0x0000022b64be5620, 0x0000022b64dd1b10, 0x0000022b64deeb70,
0x0000022b64f82430, 0x0000022b66d9bf20, 0x0000022b66d97060, 0x0000022b66d9a4e0,
0x0000022b66d9ab70, 0x0000022b66d99e50, 0x0000022b66d9c5b0, 0x0000022b66d9e680,
0x0000022b66d9b200, 0x0000022b66d9dff0, 0x0000022b66d97d80, 0x0000022b66d976f0,
0x0000022b66d9b890, 0x0000022b66d997c0, 0x0000022b66d9cc40, 0x0000022b66d9d2d0,
0x0000022b66d9d960, 0x0000022b66d98410, 0x0000022b6538cca0, 0x0000022b6538e050,
0x0000022b6538bf80
}

Java Threads: ( => current thread )
  0x0000022b5ffa4ad0 JavaThread "Reference Handler"          daemon [_thread_blocked, id=11140, stack(0x0000003009e00000,0x0000003009f00000) (1024K)]
  0x0000022b5ffa5730 JavaThread "Finalizer"                  daemon [_thread_blocked, id=8896, stack(0x0000003009f00000,0x000000300a000000) (1024K)]
  0x0000022b5ffaacf0 JavaThread "Signal Dispatcher"          daemon [_thread_blocked, id=10032, stack(0x000000300a000000,0x000000300a100000) (1024K)]
  0x0000022b5ffaccf0 JavaThread "Attach Listener"            daemon [_thread_blocked, id=9572, stack(0x000000300a100000,0x000000300a200000) (1024K)]
  0x0000022b5ffafc40 JavaThread "Service Thread"             daemon [_thread_blocked, id=5308, stack(0x000000300a200000,0x000000300a300000) (1024K)]
  0x0000022b5ffb0b80 JavaThread "Monitor Deflation Thread"   daemon [_thread_blocked, id=4324, stack(0x000000300a300000,0x000000300a400000) (1024K)]
=>0x0000022b5ffba320 JavaThread "C2 CompilerThread0"         daemon [_thread_in_native, id=3780, stack(0x000000300a400000,0x000000300a500000) (1024K)]
  0x0000022b5ffbd1c0 JavaThread "C1 CompilerThread0"         daemon [_thread_blocked, id=12068, stack(0x000000300a500000,0x000000300a600000) (1024K)]
  0x0000022b5ff74540 JavaThread "Common-Cleaner"             daemon [_thread_blocked, id=12108, stack(0x000000300a600000,0x000000300a700000) (1024K)]
  0x0000022b642dc580 JavaThread "Notification Thread"        daemon [_thread_blocked, id=9944, stack(0x000000300a700000,0x000000300a800000) (1024K)]
  0x0000022b64b7c790 JavaThread "RMI TCP Accept-0"           daemon [_thread_in_native, id=9092, stack(0x000000300aa00000,0x000000300ab00000) (1024K)]
  0x0000022b64a91370 JavaThread "RMI TCP Accept-61540"       daemon [_thread_in_native, id=11016, stack(0x000000300ab00000,0x000000300ac00000) (1024K)]
  0x0000022b64a91e20 JavaThread "RMI TCP Accept-0"           daemon [_thread_in_native, id=10852, stack(0x000000300ac00000,0x000000300ad00000) (1024K)]
  0x0000022b64be5620 JavaThread "RMI TCP Connection(1)-127.0.0.1" daemon [_thread_in_native, id=1756, stack(0x000000300ad00000,0x000000300ae00000) (1024K)]
  0x0000022b64dd1b10 JavaThread "RMI Scheduler(0)"           daemon [_thread_blocked, id=9532, stack(0x000000300ae00000,0x000000300af00000) (1024K)]
  0x0000022b64deeb70 JavaThread "RMI TCP Connection(2)-127.0.0.1" daemon [_thread_in_native, id=11728, stack(0x000000300af00000,0x000000300b000000) (1024K)]
  0x0000022b64f82430 JavaThread "JMX server connection timeout 28" daemon [_thread_blocked, id=11580, stack(0x000000300b000000,0x000000300b100000) (1024K)]
  0x0000022b66d9bf20 JavaThread "PostgreSQL-JDBC-Cleaner"    daemon [_thread_blocked, id=6020, stack(0x000000300a900000,0x000000300aa00000) (1024K)]
  0x0000022b66d97060 JavaThread "HikariPool-1 housekeeper"   daemon [_thread_blocked, id=11760, stack(0x000000300bc00000,0x000000300bd00000) (1024K)]
  0x0000022b66d9a4e0 JavaThread "Catalina-utility-1"                [_thread_blocked, id=9560, stack(0x000000300bf00000,0x000000300c000000) (1024K)]
  0x0000022b66d9ab70 JavaThread "Catalina-utility-2"                [_thread_blocked, id=11588, stack(0x000000300c000000,0x000000300c100000) (1024K)]
  0x0000022b66d99e50 JavaThread "container-0"                       [_thread_blocked, id=7228, stack(0x000000300c100000,0x000000300c200000) (1024K)]
  0x0000022b66d9c5b0 JavaThread "File Watcher"               daemon [_thread_blocked, id=10228, stack(0x000000300c200000,0x000000300c300000) (1024K)]
  0x0000022b66d9e680 JavaThread "Live Reload Server"         daemon [_thread_in_native, id=616, stack(0x000000300c400000,0x000000300c500000) (1024K)]
  0x0000022b66d9b200 JavaThread "http-nio-8080-exec-1"       daemon [_thread_blocked, id=644, stack(0x000000300c300000,0x000000300c400000) (1024K)]
  0x0000022b66d9dff0 JavaThread "http-nio-8080-exec-2"       daemon [_thread_blocked, id=12020, stack(0x000000300c500000,0x000000300c600000) (1024K)]
  0x0000022b66d97d80 JavaThread "http-nio-8080-exec-3"       daemon [_thread_blocked, id=2772, stack(0x000000300c600000,0x000000300c700000) (1024K)]
  0x0000022b66d976f0 JavaThread "http-nio-8080-exec-4"       daemon [_thread_blocked, id=3368, stack(0x000000300c700000,0x000000300c800000) (1024K)]
  0x0000022b66d9b890 JavaThread "http-nio-8080-exec-5"       daemon [_thread_blocked, id=12196, stack(0x000000300c800000,0x000000300c900000) (1024K)]
  0x0000022b66d997c0 JavaThread "http-nio-8080-exec-6"       daemon [_thread_blocked, id=8512, stack(0x000000300c900000,0x000000300ca00000) (1024K)]
  0x0000022b66d9cc40 JavaThread "http-nio-8080-exec-7"       daemon [_thread_blocked, id=3512, stack(0x000000300ca00000,0x000000300cb00000) (1024K)]
  0x0000022b66d9d2d0 JavaThread "http-nio-8080-exec-8"       daemon [_thread_blocked, id=6100, stack(0x000000300cb00000,0x000000300cc00000) (1024K)]
  0x0000022b66d9d960 JavaThread "http-nio-8080-exec-9"       daemon [_thread_blocked, id=3468, stack(0x000000300cc00000,0x000000300cd00000) (1024K)]
  0x0000022b66d98410 JavaThread "http-nio-8080-exec-10"      daemon [_thread_blocked, id=11304, stack(0x000000300cd00000,0x000000300ce00000) (1024K)]
  0x0000022b6538cca0 JavaThread "http-nio-8080-Poller"       daemon [_thread_in_native, id=11676, stack(0x000000300ce00000,0x000000300cf00000) (1024K)]
  0x0000022b6538e050 JavaThread "http-nio-8080-Acceptor"     daemon [_thread_in_native, id=10372, stack(0x000000300cf00000,0x000000300d000000) (1024K)]
  0x0000022b6538bf80 JavaThread "DestroyJavaVM"                     [_thread_blocked, id=2884, stack(0x0000003009600000,0x0000003009700000) (1024K)]
Total: 37

Other Threads:
  0x0000022b411ce360 VMThread "VM Thread"                           [id=11948, stack(0x0000003009d00000,0x0000003009e00000) (1024K)]
  0x0000022b5ff6fe90 WatcherThread "VM Periodic Task Thread"        [id=4408, stack(0x0000003009c00000,0x0000003009d00000) (1024K)]
  0x0000022b411cdfc0 WorkerThread "GC Thread#0"                     [id=11308, stack(0x0000003009700000,0x0000003009800000) (1024K)]
  0x0000022b411ccda0 WorkerThread "GC Thread#1"                     [id=4212, stack(0x000000300b100000,0x000000300b200000) (1024K)]
  0x0000022b411cdc20 WorkerThread "GC Thread#2"                     [id=4824, stack(0x000000300b200000,0x000000300b300000) (1024K)]
  0x0000022b411cca00 WorkerThread "GC Thread#3"                     [id=3416, stack(0x000000300b300000,0x000000300b400000) (1024K)]
  0x0000022b650c2330 WorkerThread "GC Thread#4"                     [id=9512, stack(0x000000300b400000,0x000000300b500000) (1024K)]
  0x0000022b650c38f0 WorkerThread "GC Thread#5"                     [id=6916, stack(0x000000300b500000,0x000000300b600000) (1024K)]
  0x0000022b650c2e10 WorkerThread "GC Thread#6"                     [id=9524, stack(0x000000300b600000,0x000000300b700000) (1024K)]
  0x0000022b650c0630 WorkerThread "GC Thread#7"                     [id=6168, stack(0x000000300b700000,0x000000300b800000) (1024K)]
  0x0000022b434cd9f0 ConcurrentGCThread "G1 Main Marker"            [id=1244, stack(0x0000003009800000,0x0000003009900000) (1024K)]
  0x0000022b411cd4e0 WorkerThread "G1 Conc#0"                       [id=1528, stack(0x0000003009900000,0x0000003009a00000) (1024K)]
  0x0000022b650c1f90 WorkerThread "G1 Conc#1"                       [id=12124, stack(0x000000300bb00000,0x000000300bc00000) (1024K)]
  0x0000022b4350e810 ConcurrentGCThread "G1 Refine#0"               [id=10124, stack(0x0000003009a00000,0x0000003009b00000) (1024K)]
  0x0000022b5fe42560 ConcurrentGCThread "G1 Service"                [id=1936, stack(0x0000003009b00000,0x0000003009c00000) (1024K)]
Total: 15

Threads with active compile tasks:
C2 CompilerThread0    18877 12102       4       java.util.Locale::forLanguageTag (74 bytes)
Total: 1

VM state: not at safepoint (normal execution)

VM Mutex/Monitor currently owned by a thread: None

Heap address: 0x0000000083600000, size: 1994 MB, Compressed Oops mode: 32-bit

CDS archive(s) mapped at: [0x0000022b00000000-0x0000022b00c90000-0x0000022b00c90000), size 13172736, SharedBaseAddress: 0x0000022b00000000, ArchiveRelocationMode: 1.
Compressed class space mapped at: 0x0000022b01000000-0x0000022b41000000, reserved size: 1073741824
Narrow klass base: 0x0000022b00000000, Narrow klass shift: 0, Narrow klass range: 0x100000000

GC Precious Log:
 CardTable entry size: 512
 Card Set container configuration: InlinePtr #cards 5 size 8 Array Of Cards #cards 12 size 40 Howl #buckets 4 coarsen threshold 1843 Howl Bitmap #cards 512 size 80 coarsen threshold 460 Card regions per heap region 1 cards per card region 2048
 CPUs: 8 total, 8 available
 Memory: 7969M
 Large Page Support: Disabled
 NUMA Support: Disabled
 Compressed Oops: Enabled (32-bit)
 Heap Region Size: 1M
 Heap Min Capacity: 8M
 Heap Initial Capacity: 126M
 Heap Max Capacity: 1994M
 Pre-touch: Disabled
 Parallel Workers: 8
 Concurrent Workers: 2
 Concurrent Refinement Workers: 8
 Periodic GC: Disabled

Heap:
 garbage-first heap   total 91136K, used 60561K [0x0000000083600000, 0x0000000100000000)
  region size 1024K, 19 young (19456K), 3 survivors (3072K)
 Metaspace       used 88446K, committed 89280K, reserved 1179648K
  class space    used 12016K, committed 12416K, reserved 1048576K

Heap Regions: E=young(eden), S=young(survivor), O=old, HS=humongous(starts), HC=humongous(continues), CS=collection set, F=free, TAMS=top-at-mark-start, PB=parsable bottom
|   0|0x0000000083600000, 0x0000000083700000, 0x0000000083700000|100%|HS|  |TAMS 0x0000000083600000| PB 0x0000000083600000| Complete 
|   1|0x0000000083700000, 0x0000000083800000, 0x0000000083800000|100%| O|  |TAMS 0x0000000083700000| PB 0x0000000083700000| Untracked 
|   2|0x0000000083800000, 0x0000000083900000, 0x0000000083900000|100%| O|  |TAMS 0x0000000083800000| PB 0x0000000083800000| Untracked 
|   3|0x0000000083900000, 0x0000000083a00000, 0x0000000083a00000|100%| O|  |TAMS 0x0000000083900000| PB 0x0000000083900000| Untracked 
|   4|0x0000000083a00000, 0x0000000083b00000, 0x0000000083b00000|100%| O|  |TAMS 0x0000000083a00000| PB 0x0000000083a00000| Untracked 
|   5|0x0000000083b00000, 0x0000000083c00000, 0x0000000083c00000|100%| O|  |TAMS 0x0000000083b00000| PB 0x0000000083b00000| Untracked 
|   6|0x0000000083c00000, 0x0000000083d00000, 0x0000000083d00000|100%| O|  |TAMS 0x0000000083c00000| PB 0x0000000083c00000| Untracked 
|   7|0x0000000083d00000, 0x0000000083e00000, 0x0000000083e00000|100%| O|  |TAMS 0x0000000083d00000| PB 0x0000000083d00000| Untracked 
|   8|0x0000000083e00000, 0x0000000083f00000, 0x0000000083f00000|100%| O|  |TAMS 0x0000000083e00000| PB 0x0000000083e00000| Untracked 
|   9|0x0000000083f00000, 0x0000000084000000, 0x0000000084000000|100%| O|  |TAMS 0x0000000083f00000| PB 0x0000000083f00000| Untracked 
|  10|0x0000000084000000, 0x0000000084100000, 0x0000000084100000|100%| O|  |TAMS 0x0000000084000000| PB 0x0000000084000000| Untracked 
|  11|0x0000000084100000, 0x0000000084200000, 0x0000000084200000|100%| O|  |TAMS 0x0000000084100000| PB 0x0000000084100000| Untracked 
|  12|0x0000000084200000, 0x0000000084300000, 0x0000000084300000|100%| O|  |TAMS 0x0000000084200000| PB 0x0000000084200000| Untracked 
|  13|0x0000000084300000, 0x0000000084400000, 0x0000000084400000|100%| O|  |TAMS 0x0000000084300000| PB 0x0000000084300000| Untracked 
|  14|0x0000000084400000, 0x0000000084500000, 0x0000000084500000|100%| O|  |TAMS 0x0000000084400000| PB 0x0000000084400000| Untracked 
|  15|0x0000000084500000, 0x0000000084600000, 0x0000000084600000|100%| O|  |TAMS 0x0000000084500000| PB 0x0000000084500000| Untracked 
|  16|0x0000000084600000, 0x0000000084700000, 0x0000000084700000|100%| O|  |TAMS 0x0000000084600000| PB 0x0000000084600000| Untracked 
|  17|0x0000000084700000, 0x0000000084800000, 0x0000000084800000|100%| O|  |TAMS 0x0000000084700000| PB 0x0000000084700000| Untracked 
|  18|0x0000000084800000, 0x0000000084900000, 0x0000000084900000|100%| O|  |TAMS 0x0000000084800000| PB 0x0000000084800000| Untracked 
|  19|0x0000000084900000, 0x0000000084a00000, 0x0000000084a00000|100%| O|  |TAMS 0x0000000084900000| PB 0x0000000084900000| Untracked 
|  20|0x0000000084a00000, 0x0000000084b00000, 0x0000000084b00000|100%| O|  |TAMS 0x0000000084a00000| PB 0x0000000084a00000| Untracked 
|  21|0x0000000084b00000, 0x0000000084c00000, 0x0000000084c00000|100%| O|  |TAMS 0x0000000084b00000| PB 0x0000000084b00000| Untracked 
|  22|0x0000000084c00000, 0x0000000084d00000, 0x0000000084d00000|100%| O|  |TAMS 0x0000000084c00000| PB 0x0000000084c00000| Untracked 
|  23|0x0000000084d00000, 0x0000000084e00000, 0x0000000084e00000|100%| O|Cm|TAMS 0x0000000084d00000| PB 0x0000000084d00000| Complete 
|  24|0x0000000084e00000, 0x0000000084f00000, 0x0000000084f00000|100%| O|Cm|TAMS 0x0000000084e00000| PB 0x0000000084e00000| Complete 
|  25|0x0000000084f00000, 0x0000000085000000, 0x0000000085000000|100%| O|  |TAMS 0x0000000084f00000| PB 0x0000000084f00000| Untracked 
|  26|0x0000000085000000, 0x0000000085100000, 0x0000000085100000|100%| O|  |TAMS 0x0000000085000000| PB 0x0000000085000000| Untracked 
|  27|0x0000000085100000, 0x0000000085200000, 0x0000000085200000|100%| O|  |TAMS 0x0000000085100000| PB 0x0000000085100000| Untracked 
|  28|0x0000000085200000, 0x0000000085300000, 0x0000000085300000|100%| O|  |TAMS 0x0000000085200000| PB 0x0000000085200000| Untracked 
|  29|0x0000000085300000, 0x0000000085400000, 0x0000000085400000|100%| O|  |TAMS 0x0000000085300000| PB 0x0000000085300000| Untracked 
|  30|0x0000000085400000, 0x0000000085500000, 0x0000000085500000|100%| O|  |TAMS 0x0000000085400000| PB 0x0000000085400000| Untracked 
|  31|0x0000000085500000, 0x0000000085500000, 0x0000000085600000|  0%| F|  |TAMS 0x0000000085500000| PB 0x0000000085500000| Untracked 
|  32|0x0000000085600000, 0x0000000085700000, 0x0000000085700000|100%| O|  |TAMS 0x0000000085600000| PB 0x0000000085600000| Untracked 
|  33|0x0000000085700000, 0x0000000085800000, 0x0000000085800000|100%| O|  |TAMS 0x0000000085700000| PB 0x0000000085700000| Untracked 
|  34|0x0000000085800000, 0x0000000085800000, 0x0000000085900000|  0%| F|  |TAMS 0x0000000085800000| PB 0x0000000085800000| Untracked 
|  35|0x0000000085900000, 0x0000000085900000, 0x0000000085a00000|  0%| F|  |TAMS 0x0000000085900000| PB 0x0000000085900000| Untracked 
|  36|0x0000000085a00000, 0x0000000085b00000, 0x0000000085b00000|100%| O|  |TAMS 0x0000000085a00000| PB 0x0000000085a00000| Untracked 
|  37|0x0000000085b00000, 0x0000000085c00000, 0x0000000085c00000|100%| O|  |TAMS 0x0000000085b00000| PB 0x0000000085b00000| Untracked 
|  38|0x0000000085c00000, 0x0000000085d00000, 0x0000000085d00000|100%| O|  |TAMS 0x0000000085c00000| PB 0x0000000085c00000| Untracked 
|  39|0x0000000085d00000, 0x0000000085e00000, 0x0000000085e00000|100%| O|  |TAMS 0x0000000085d00000| PB 0x0000000085d00000| Untracked 
|  40|0x0000000085e00000, 0x0000000085f00000, 0x0000000085f00000|100%| O|  |TAMS 0x0000000085e00000| PB 0x0000000085e00000| Untracked 
|  41|0x0000000085f00000, 0x0000000086000000, 0x0000000086000000|100%| O|  |TAMS 0x0000000085f00000| PB 0x0000000085f00000| Untracked 
|  42|0x0000000086000000, 0x00000000860d73c0, 0x0000000086100000| 84%| O|  |TAMS 0x0000000086000000| PB 0x0000000086000000| Untracked 
|  43|0x0000000086100000, 0x0000000086100000, 0x0000000086200000|  0%| F|  |TAMS 0x0000000086100000| PB 0x0000000086100000| Untracked 
|  44|0x0000000086200000, 0x0000000086200000, 0x0000000086300000|  0%| F|  |TAMS 0x0000000086200000| PB 0x0000000086200000| Untracked 
|  45|0x0000000086300000, 0x0000000086400000, 0x0000000086400000|100%| O|  |TAMS 0x0000000086300000| PB 0x0000000086300000| Untracked 
|  46|0x0000000086400000, 0x0000000086500000, 0x0000000086500000|100%| O|  |TAMS 0x0000000086400000| PB 0x0000000086400000| Untracked 
|  47|0x0000000086500000, 0x0000000086500000, 0x0000000086600000|  0%| F|  |TAMS 0x0000000086500000| PB 0x0000000086500000| Untracked 
|  48|0x0000000086600000, 0x000000008664d238, 0x0000000086700000| 30%| S|CS|TAMS 0x0000000086600000| PB 0x0000000086600000| Complete 
|  49|0x0000000086700000, 0x0000000086700000, 0x0000000086800000|  0%| F|  |TAMS 0x0000000086700000| PB 0x0000000086700000| Untracked 
|  50|0x0000000086800000, 0x0000000086800000, 0x0000000086900000|  0%| F|  |TAMS 0x0000000086800000| PB 0x0000000086800000| Untracked 
|  51|0x0000000086900000, 0x0000000086a00000, 0x0000000086a00000|100%| S|CS|TAMS 0x0000000086900000| PB 0x0000000086900000| Complete 
|  52|0x0000000086a00000, 0x0000000086b00000, 0x0000000086b00000|100%| S|CS|TAMS 0x0000000086a00000| PB 0x0000000086a00000| Complete 
|  53|0x0000000086b00000, 0x0000000086b00000, 0x0000000086c00000|  0%| F|  |TAMS 0x0000000086b00000| PB 0x0000000086b00000| Untracked 
|  54|0x0000000086c00000, 0x0000000086c00000, 0x0000000086d00000|  0%| F|  |TAMS 0x0000000086c00000| PB 0x0000000086c00000| Untracked 
|  55|0x0000000086d00000, 0x0000000086d00000, 0x0000000086e00000|  0%| F|  |TAMS 0x0000000086d00000| PB 0x0000000086d00000| Untracked 
|  56|0x0000000086e00000, 0x0000000086e00000, 0x0000000086f00000|  0%| F|  |TAMS 0x0000000086e00000| PB 0x0000000086e00000| Untracked 
|  57|0x0000000086f00000, 0x0000000086f00000, 0x0000000087000000|  0%| F|  |TAMS 0x0000000086f00000| PB 0x0000000086f00000| Untracked 
|  58|0x0000000087000000, 0x0000000087000000, 0x0000000087100000|  0%| F|  |TAMS 0x0000000087000000| PB 0x0000000087000000| Untracked 
|  59|0x0000000087100000, 0x0000000087100000, 0x0000000087200000|  0%| F|  |TAMS 0x0000000087100000| PB 0x0000000087100000| Untracked 
|  60|0x0000000087200000, 0x0000000087200000, 0x0000000087300000|  0%| F|  |TAMS 0x0000000087200000| PB 0x0000000087200000| Untracked 
|  61|0x0000000087300000, 0x0000000087300000, 0x0000000087400000|  0%| F|  |TAMS 0x0000000087300000| PB 0x0000000087300000| Untracked 
|  62|0x0000000087400000, 0x0000000087400000, 0x0000000087500000|  0%| F|  |TAMS 0x0000000087400000| PB 0x0000000087400000| Untracked 
|  63|0x0000000087500000, 0x0000000087500000, 0x0000000087600000|  0%| F|  |TAMS 0x0000000087500000| PB 0x0000000087500000| Untracked 
|  64|0x0000000087600000, 0x0000000087600000, 0x0000000087700000|  0%| F|  |TAMS 0x0000000087600000| PB 0x0000000087600000| Untracked 
|  65|0x0000000087700000, 0x0000000087700000, 0x0000000087800000|  0%| F|  |TAMS 0x0000000087700000| PB 0x0000000087700000| Untracked 
|  66|0x0000000087800000, 0x0000000087800000, 0x0000000087900000|  0%| F|  |TAMS 0x0000000087800000| PB 0x0000000087800000| Untracked 
|  67|0x0000000087900000, 0x0000000087900000, 0x0000000087a00000|  0%| F|  |TAMS 0x0000000087900000| PB 0x0000000087900000| Untracked 
|  68|0x0000000087a00000, 0x0000000087a00000, 0x0000000087b00000|  0%| F|  |TAMS 0x0000000087a00000| PB 0x0000000087a00000| Untracked 
|  69|0x0000000087b00000, 0x0000000087b00000, 0x0000000087c00000|  0%| F|  |TAMS 0x0000000087b00000| PB 0x0000000087b00000| Untracked 
|  70|0x0000000087c00000, 0x0000000087c00000, 0x0000000087d00000|  0%| F|  |TAMS 0x0000000087c00000| PB 0x0000000087c00000| Untracked 
|  71|0x0000000087d00000, 0x0000000087d00000, 0x0000000087e00000|  0%| F|  |TAMS 0x0000000087d00000| PB 0x0000000087d00000| Untracked 
|  72|0x0000000087e00000, 0x0000000087e00000, 0x0000000087f00000|  0%| F|  |TAMS 0x0000000087e00000| PB 0x0000000087e00000| Untracked 
|  73|0x0000000087f00000, 0x0000000087fa90b8, 0x0000000088000000| 66%| E|  |TAMS 0x0000000087f00000| PB 0x0000000087f00000| Complete 
|  74|0x0000000088000000, 0x0000000088100000, 0x0000000088100000|100%| E|CS|TAMS 0x0000000088000000| PB 0x0000000088000000| Complete 
|  75|0x0000000088100000, 0x0000000088200000, 0x0000000088200000|100%| E|CS|TAMS 0x0000000088100000| PB 0x0000000088100000| Complete 
|  76|0x0000000088200000, 0x0000000088300000, 0x0000000088300000|100%| E|CS|TAMS 0x0000000088200000| PB 0x0000000088200000| Complete 
|  77|0x0000000088300000, 0x0000000088400000, 0x0000000088400000|100%| E|CS|TAMS 0x0000000088300000| PB 0x0000000088300000| Complete 
|  78|0x0000000088400000, 0x0000000088500000, 0x0000000088500000|100%| E|CS|TAMS 0x0000000088400000| PB 0x0000000088400000| Complete 
|  79|0x0000000088500000, 0x0000000088600000, 0x0000000088600000|100%| E|CS|TAMS 0x0000000088500000| PB 0x0000000088500000| Complete 
|  80|0x0000000088600000, 0x0000000088700000, 0x0000000088700000|100%| E|CS|TAMS 0x0000000088600000| PB 0x0000000088600000| Complete 
|  81|0x0000000088700000, 0x0000000088800000, 0x0000000088800000|100%| E|CS|TAMS 0x0000000088700000| PB 0x0000000088700000| Complete 
|  82|0x0000000088800000, 0x0000000088900000, 0x0000000088900000|100%| E|CS|TAMS 0x0000000088800000| PB 0x0000000088800000| Complete 
|  83|0x0000000088900000, 0x0000000088a00000, 0x0000000088a00000|100%| E|CS|TAMS 0x0000000088900000| PB 0x0000000088900000| Complete 
|  84|0x0000000088a00000, 0x0000000088b00000, 0x0000000088b00000|100%| E|CS|TAMS 0x0000000088a00000| PB 0x0000000088a00000| Complete 
|  85|0x0000000088b00000, 0x0000000088c00000, 0x0000000088c00000|100%| E|CS|TAMS 0x0000000088b00000| PB 0x0000000088b00000| Complete 
|  86|0x0000000088c00000, 0x0000000088d00000, 0x0000000088d00000|100%| E|CS|TAMS 0x0000000088c00000| PB 0x0000000088c00000| Complete 
| 124|0x000000008b200000, 0x000000008b300000, 0x000000008b300000|100%| E|CS|TAMS 0x000000008b200000| PB 0x000000008b200000| Complete 
| 125|0x000000008b300000, 0x000000008b400000, 0x000000008b400000|100%| E|CS|TAMS 0x000000008b300000| PB 0x000000008b300000| Complete 

Card table byte_map: [0x0000022b5b240000,0x0000022b5b630000] _byte_map_base: 0x0000022b5ae25000

Marking Bits: (CMBitMap*) 0x0000022b434bce80
 Bits: [0x0000022b5b630000, 0x0000022b5d558000)

Polling page: 0x0000022b42c10000

Metaspace:

Usage:
  Non-class:     74.64 MB used.
      Class:     11.73 MB used.
       Both:     86.37 MB used.

Virtual space:
  Non-class space:      128.00 MB reserved,      75.06 MB ( 59%) committed,  2 nodes.
      Class space:        1.00 GB reserved,      12.12 MB (  1%) committed,  1 nodes.
             Both:        1.12 GB reserved,      87.19 MB (  8%) committed. 

Chunk freelists:
   Non-Class:  4.12 MB
       Class:  3.69 MB
        Both:  7.82 MB

MaxMetaspaceSize: unlimited
CompressedClassSpaceSize: 1.00 GB
Initial GC threshold: 21.00 MB
Current GC threshold: 145.31 MB
CDS: on
 - commit_granule_bytes: 65536.
 - commit_granule_words: 8192.
 - virtual_space_node_default_size: 8388608.
 - enlarge_chunks_in_place: 1.
 - use_allocation_guard: 0.


Internal statistics:

num_allocs_failed_limit: 9.
num_arena_births: 1368.
num_arena_deaths: 6.
num_vsnodes_births: 3.
num_vsnodes_deaths: 0.
num_space_committed: 1395.
num_space_uncommitted: 0.
num_chunks_returned_to_freelist: 18.
num_chunks_taken_from_freelist: 4588.
num_chunk_merges: 9.
num_chunk_splits: 3274.
num_chunks_enlarged: 2511.
num_inconsistent_stats: 0.

CodeHeap 'non-profiled nmethods': size=120000Kb used=7459Kb max_used=7568Kb free=112540Kb
 bounds [0x0000022b535f0000, 0x0000022b53d60000, 0x0000022b5ab20000]
CodeHeap 'profiled nmethods': size=120000Kb used=20186Kb max_used=20808Kb free=99813Kb
 bounds [0x0000022b4bb20000, 0x0000022b4cf80000, 0x0000022b53050000]
CodeHeap 'non-nmethods': size=5760Kb used=1727Kb max_used=1803Kb free=4032Kb
 bounds [0x0000022b53050000, 0x0000022b532c0000, 0x0000022b535f0000]
 total_blobs=10905 nmethods=10154 adapters=653
 compilation: enabled
              stopped_count=0, restarted_count=0
 full_count=0

Compilation events (20 events):
Event: 18.757 Thread 0x0000022b5ffbd1c0 nmethod 12092 0x0000022b4c11c790 code [0x0000022b4c11c940, 0x0000022b4c11caa8]
Event: 18.757 Thread 0x0000022b5ffbd1c0 12093       3       io.jsonwebtoken.impl.DefaultClaimsBuilder::build (5 bytes)
Event: 18.758 Thread 0x0000022b5ffbd1c0 nmethod 12093 0x0000022b4c171210 code [0x0000022b4c171400, 0x0000022b4c171958]
Event: 18.758 Thread 0x0000022b5ffbd1c0 12094       3       io.jsonwebtoken.impl.DefaultClaimsBuilder::build (15 bytes)
Event: 18.758 Thread 0x0000022b5ffbd1c0 nmethod 12094 0x0000022b4bfb1910 code [0x0000022b4bfb1b00, 0x0000022b4bfb1ff8]
Event: 18.758 Thread 0x0000022b5ffbd1c0 12095       3       io.jsonwebtoken.impl.DefaultClaims::<init> (10 bytes)
Event: 18.758 Thread 0x0000022b5ffbd1c0 nmethod 12095 0x0000022b4c95b010 code [0x0000022b4c95b1e0, 0x0000022b4c95b508]
Event: 18.758 Thread 0x0000022b5ffbd1c0 12096       3       io.jsonwebtoken.impl.ParameterMap::size (10 bytes)
Event: 18.758 Thread 0x0000022b5ffbd1c0 nmethod 12096 0x0000022b4bfb5c10 code [0x0000022b4bfb5dc0, 0x0000022b4bfb5f98]
Event: 18.758 Thread 0x0000022b5ffbd1c0 12097       3       io.jsonwebtoken.impl.DefaultJwtParser::<init> (202 bytes)
Event: 18.759 Thread 0x0000022b5ffbd1c0 nmethod 12097 0x0000022b4beb7b10 code [0x0000022b4beb7ea0, 0x0000022b4beb9978]
Event: 18.789 Thread 0x0000022b5ffba320 12098       4       java.nio.charset.CharsetDecoder::implReplaceWith (1 bytes)
Event: 18.790 Thread 0x0000022b5ffba320 nmethod 12098 0x0000022b538ecb10 code [0x0000022b538ecca0, 0x0000022b538ecd28]
Event: 18.800 Thread 0x0000022b5ffba320 12099       4       io.jsonwebtoken.lang.Strings::clean (20 bytes)
Event: 18.803 Thread 0x0000022b5ffba320 nmethod 12099 0x0000022b538ec090 code [0x0000022b538ec280, 0x0000022b538ec6c8]
Event: 18.806 Thread 0x0000022b5ffba320 12100       4       java.util.Locale::getInstance (55 bytes)
Event: 18.809 Thread 0x0000022b5ffba320 nmethod 12100 0x0000022b538eb510 code [0x0000022b538eb720, 0x0000022b538ebb88]
Event: 18.811 Thread 0x0000022b5ffba320 12101       4       sun.util.locale.LanguageTag::<init> (50 bytes)
Event: 18.814 Thread 0x0000022b5ffba320 nmethod 12101 0x0000022b538eac10 code [0x0000022b538eade0, 0x0000022b538eb488]
Event: 18.820 Thread 0x0000022b5ffba320 12102       4       java.util.Locale::forLanguageTag (74 bytes)

GC Heap History (20 events):
Event: 7.202 GC heap before
{Heap before GC invocations=22 (full 0):
 garbage-first heap   total 75776K, used 57158K [0x0000000083600000, 0x0000000100000000)
  region size 1024K, 24 young (24576K), 4 survivors (4096K)
 Metaspace       used 75935K, committed 76736K, reserved 1179648K
  class space    used 10512K, committed 10880K, reserved 1048576K
}
Event: 7.205 GC heap after
{Heap after GC invocations=23 (full 0):
 garbage-first heap   total 75776K, used 37586K [0x0000000083600000, 0x0000000100000000)
  region size 1024K, 2 young (2048K), 2 survivors (2048K)
 Metaspace       used 75935K, committed 76736K, reserved 1179648K
  class space    used 10512K, committed 10880K, reserved 1048576K
}
Event: 7.570 GC heap before
{Heap before GC invocations=23 (full 0):
 garbage-first heap   total 75776K, used 67282K [0x0000000083600000, 0x0000000100000000)
  region size 1024K, 31 young (31744K), 2 survivors (2048K)
 Metaspace       used 77908K, committed 78656K, reserved 1179648K
  class space    used 10779K, committed 11136K, reserved 1048576K
}
Event: 7.573 GC heap after
{Heap after GC invocations=24 (full 0):
 garbage-first heap   total 75776K, used 39097K [0x0000000083600000, 0x0000000100000000)
  region size 1024K, 4 young (4096K), 4 survivors (4096K)
 Metaspace       used 77908K, committed 78656K, reserved 1179648K
  class space    used 10779K, committed 11136K, reserved 1048576K
}
Event: 7.905 GC heap before
{Heap before GC invocations=24 (full 0):
 garbage-first heap   total 75776K, used 65721K [0x0000000083600000, 0x0000000100000000)
  region size 1024K, 30 young (30720K), 4 survivors (4096K)
 Metaspace       used 79135K, committed 80000K, reserved 1179648K
  class space    used 10981K, committed 11392K, reserved 1048576K
}
Event: 7.908 GC heap after
{Heap after GC invocations=25 (full 0):
 garbage-first heap   total 75776K, used 41024K [0x0000000083600000, 0x0000000100000000)
  region size 1024K, 3 young (3072K), 3 survivors (3072K)
 Metaspace       used 79135K, committed 80000K, reserved 1179648K
  class space    used 10981K, committed 11392K, reserved 1048576K
}
Event: 8.218 GC heap before
{Heap before GC invocations=26 (full 0):
 garbage-first heap   total 75776K, used 66624K [0x0000000083600000, 0x0000000100000000)
  region size 1024K, 28 young (28672K), 3 survivors (3072K)
 Metaspace       used 80602K, committed 81472K, reserved 1179648K
  class space    used 11187K, committed 11584K, reserved 1048576K
}
Event: 8.222 GC heap after
{Heap after GC invocations=27 (full 0):
 garbage-first heap   total 75776K, used 43324K [0x0000000083600000, 0x0000000100000000)
  region size 1024K, 4 young (4096K), 4 survivors (4096K)
 Metaspace       used 80602K, committed 81472K, reserved 1179648K
  class space    used 11187K, committed 11584K, reserved 1048576K
}
Event: 8.457 GC heap before
{Heap before GC invocations=27 (full 0):
 garbage-first heap   total 75776K, used 65852K [0x0000000083600000, 0x0000000100000000)
  region size 1024K, 26 young (26624K), 4 survivors (4096K)
 Metaspace       used 82082K, committed 82944K, reserved 1179648K
  class space    used 11425K, committed 11840K, reserved 1048576K
}
Event: 8.461 GC heap after
{Heap after GC invocations=28 (full 0):
 garbage-first heap   total 75776K, used 44046K [0x0000000083600000, 0x0000000100000000)
  region size 1024K, 2 young (2048K), 2 survivors (2048K)
 Metaspace       used 82082K, committed 82944K, reserved 1179648K
  class space    used 11425K, committed 11840K, reserved 1048576K
}
Event: 9.468 GC heap before
{Heap before GC invocations=28 (full 0):
 garbage-first heap   total 75776K, used 66574K [0x0000000083600000, 0x0000000100000000)
  region size 1024K, 25 young (25600K), 2 survivors (2048K)
 Metaspace       used 84213K, committed 85184K, reserved 1179648K
  class space    used 11567K, committed 12032K, reserved 1048576K
}
Event: 9.470 GC heap after
{Heap after GC invocations=29 (full 0):
 garbage-first heap   total 91136K, used 44905K [0x0000000083600000, 0x0000000100000000)
  region size 1024K, 3 young (3072K), 3 survivors (3072K)
 Metaspace       used 84213K, committed 85184K, reserved 1179648K
  class space    used 11567K, committed 12032K, reserved 1048576K
}
Event: 10.286 GC heap before
{Heap before GC invocations=30 (full 0):
 garbage-first heap   total 91136K, used 81769K [0x0000000083600000, 0x0000000100000000)
  region size 1024K, 39 young (39936K), 3 survivors (3072K)
 Metaspace       used 87359K, committed 88320K, reserved 1179648K
  class space    used 12005K, committed 12416K, reserved 1048576K
}
Event: 10.290 GC heap after
{Heap after GC invocations=31 (full 0):
 garbage-first heap   total 91136K, used 46136K [0x0000000083600000, 0x0000000100000000)
  region size 1024K, 4 young (4096K), 4 survivors (4096K)
 Metaspace       used 87359K, committed 88320K, reserved 1179648K
  class space    used 12005K, committed 12416K, reserved 1048576K
}
Event: 12.983 GC heap before
{Heap before GC invocations=31 (full 0):
 garbage-first heap   total 91136K, used 79928K [0x0000000083600000, 0x0000000100000000)
  region size 1024K, 38 young (38912K), 4 survivors (4096K)
 Metaspace       used 88052K, committed 88960K, reserved 1179648K
  class space    used 12011K, committed 12416K, reserved 1048576K
}
Event: 12.988 GC heap after
{Heap after GC invocations=32 (full 0):
 garbage-first heap   total 91136K, used 45410K [0x0000000083600000, 0x0000000100000000)
  region size 1024K, 3 young (3072K), 3 survivors (3072K)
 Metaspace       used 88052K, committed 88960K, reserved 1179648K
  class space    used 12011K, committed 12416K, reserved 1048576K
}
Event: 15.330 GC heap before
{Heap before GC invocations=32 (full 0):
 garbage-first heap   total 91136K, used 81250K [0x0000000083600000, 0x0000000100000000)
  region size 1024K, 39 young (39936K), 3 survivors (3072K)
 Metaspace       used 88414K, committed 89280K, reserved 1179648K
  class space    used 12013K, committed 12416K, reserved 1048576K
}
Event: 15.334 GC heap after
{Heap after GC invocations=33 (full 0):
 garbage-first heap   total 91136K, used 45141K [0x0000000083600000, 0x0000000100000000)
  region size 1024K, 3 young (3072K), 3 survivors (3072K)
 Metaspace       used 88414K, committed 89280K, reserved 1179648K
  class space    used 12013K, committed 12416K, reserved 1048576K
}
Event: 18.095 GC heap before
{Heap before GC invocations=34 (full 0):
 garbage-first heap   total 91136K, used 80981K [0x0000000083600000, 0x0000000100000000)
  region size 1024K, 39 young (39936K), 3 survivors (3072K)
 Metaspace       used 88430K, committed 89280K, reserved 1179648K
  class space    used 12014K, committed 12416K, reserved 1048576K
}
Event: 18.098 GC heap after
{Heap after GC invocations=35 (full 0):
 garbage-first heap   total 91136K, used 45201K [0x0000000083600000, 0x0000000100000000)
  region size 1024K, 3 young (3072K), 3 survivors (3072K)
 Metaspace       used 88430K, committed 89280K, reserved 1179648K
  class space    used 12014K, committed 12416K, reserved 1048576K
}

Dll operation events (11 events):
Event: 0.026 Loaded shared library C:\Program Files\Eclipse Adoptium\jdk-21.0.3.9-hotspot\bin\java.dll
Event: 0.117 Loaded shared library C:\Program Files\Eclipse Adoptium\jdk-21.0.3.9-hotspot\bin\jsvml.dll
Event: 0.165 Loaded shared library C:\Program Files\Eclipse Adoptium\jdk-21.0.3.9-hotspot\bin\jimage.dll
Event: 0.172 Loaded shared library C:\Program Files\Eclipse Adoptium\jdk-21.0.3.9-hotspot\bin\net.dll
Event: 0.174 Loaded shared library C:\Program Files\Eclipse Adoptium\jdk-21.0.3.9-hotspot\bin\nio.dll
Event: 0.176 Loaded shared library C:\Program Files\Eclipse Adoptium\jdk-21.0.3.9-hotspot\bin\zip.dll
Event: 0.219 Loaded shared library C:\Program Files\Eclipse Adoptium\jdk-21.0.3.9-hotspot\bin\management.dll
Event: 0.236 Loaded shared library C:\Program Files\Eclipse Adoptium\jdk-21.0.3.9-hotspot\bin\management_ext.dll
Event: 0.482 Loaded shared library C:\Program Files\Eclipse Adoptium\jdk-21.0.3.9-hotspot\bin\extnet.dll
Event: 1.696 Loaded shared library C:\Program Files\Eclipse Adoptium\jdk-21.0.3.9-hotspot\bin\sunmscapi.dll
Event: 4.198 Loaded shared library C:\Program Files\Eclipse Adoptium\jdk-21.0.3.9-hotspot\bin\verify.dll

Deoptimization events (20 events):
Event: 13.676 Thread 0x0000022b66d97d80 Uncommon trap: trap_request=0xffffffbe fr.pc=0x0000022b53d1498c relative=0x000000000000052c
Event: 13.676 Thread 0x0000022b66d97d80 Uncommon trap: reason=profile_predicate action=maybe_recompile pc=0x0000022b53d1498c method=com.sun.crypto.provider.HmacCore.engineInit(Ljava/security/Key;Ljava/security/spec/AlgorithmParameterSpec;)V @ 88 c2
Event: 13.676 Thread 0x0000022b66d97d80 DEOPT PACKING pc=0x0000022b53d1498c sp=0x000000300c6f9980
Event: 13.676 Thread 0x0000022b66d97d80 DEOPT UNPACKING pc=0x0000022b530a46a2 sp=0x000000300c6f9918 mode 2
Event: 13.828 Thread 0x0000022b66d997c0 DEOPT PACKING pc=0x0000022b4cd4cf0a sp=0x000000300c9fe570
Event: 13.828 Thread 0x0000022b66d997c0 DEOPT UNPACKING pc=0x0000022b530a4e42 sp=0x000000300c9fda08 mode 0
Event: 13.931 Thread 0x0000022b66d9cc40 Uncommon trap: trap_request=0xffffff45 fr.pc=0x0000022b53be9668 relative=0x0000000000000248
Event: 13.931 Thread 0x0000022b66d9cc40 Uncommon trap: reason=unstable_if action=reinterpret pc=0x0000022b53be9668 method=java.util.HashMap.clear()V @ 23 c2
Event: 13.931 Thread 0x0000022b66d9cc40 DEOPT PACKING pc=0x0000022b53be9668 sp=0x000000300cafec90
Event: 13.931 Thread 0x0000022b66d9cc40 DEOPT UNPACKING pc=0x0000022b530a46a2 sp=0x000000300cafec38 mode 2
Event: 15.495 Thread 0x0000022b66d9b890 DEOPT PACKING pc=0x0000022b4cd47f5f sp=0x000000300c8fad00
Event: 15.495 Thread 0x0000022b66d9b890 DEOPT UNPACKING pc=0x0000022b530a4e42 sp=0x000000300c8fa180 mode 0
Event: 16.877 Thread 0x0000022b66d98410 DEOPT PACKING pc=0x0000022b4cd59912 sp=0x000000300cdfb470
Event: 16.877 Thread 0x0000022b66d98410 DEOPT UNPACKING pc=0x0000022b530a4e42 sp=0x000000300cdfa8e0 mode 0
Event: 17.352 Thread 0x0000022b66d9b200 DEOPT PACKING pc=0x0000022b4c9e3226 sp=0x000000300c3fed50
Event: 17.352 Thread 0x0000022b66d9b200 DEOPT UNPACKING pc=0x0000022b530a4e42 sp=0x000000300c3fe218 mode 0
Event: 18.363 Thread 0x0000022b66d976f0 DEOPT PACKING pc=0x0000022b4cb2648f sp=0x000000300c7fe7e0
Event: 18.363 Thread 0x0000022b66d976f0 DEOPT UNPACKING pc=0x0000022b530a4e42 sp=0x000000300c7fdc00 mode 0
Event: 18.745 Thread 0x0000022b66d97d80 DEOPT PACKING pc=0x0000022b4c9d0e9b sp=0x000000300c6fe540
Event: 18.745 Thread 0x0000022b66d97d80 DEOPT UNPACKING pc=0x0000022b530a4e42 sp=0x000000300c6fd960 mode 0

Classes loaded (20 events):
Event: 9.661 Loading class java/util/ArrayDeque$DescendingIterator
Event: 9.661 Loading class java/util/ArrayDeque$DescendingIterator done
Event: 9.998 Loading class javax/management/remote/rmi/RMIConnectionImpl$7
Event: 9.998 Loading class javax/management/remote/rmi/RMIConnectionImpl$7 done
Event: 9.998 Loading class com/sun/jmx/remote/util/OrderClassLoaders
Event: 9.998 Loading class com/sun/jmx/remote/util/OrderClassLoaders done
Event: 10.022 Loading class org/w3c/dom/Node
Event: 10.023 Loading class org/w3c/dom/Node done
Event: 10.023 Loading class org/w3c/dom/Document
Event: 10.023 Loading class org/w3c/dom/Document done
Event: 10.111 Loading class jdk/internal/vm/annotation/ForceInline
Event: 10.111 Loading class jdk/internal/vm/annotation/ForceInline done
Event: 10.112 Loading class java/lang/constant/ClassDesc
Event: 10.112 Loading class java/lang/constant/ClassDesc done
Event: 10.161 Loading class sun/reflect/misc/MethodUtil
Event: 10.161 Loading class sun/reflect/misc/MethodUtil done
Event: 10.162 Loading class sun/reflect/misc/MethodUtil$1
Event: 10.162 Loading class sun/reflect/misc/MethodUtil$1 done
Event: 18.805 Loading class sun/util/locale/LocaleExtensions
Event: 18.806 Loading class sun/util/locale/LocaleExtensions done

Classes unloaded (3 events):
Event: 7.934 Thread 0x0000022b411ce360 Unloading class 0x0000022b01a80800 'jdk/internal/reflect/GeneratedSerializationConstructorAccessor24'
Event: 9.501 Thread 0x0000022b411ce360 Unloading class 0x0000022b01a81000 'jdk/internal/reflect/GeneratedSerializationConstructorAccessor26'
Event: 9.501 Thread 0x0000022b411ce360 Unloading class 0x0000022b01a80c00 'jdk/internal/reflect/GeneratedSerializationConstructorAccessor25'

Classes redefined (0 events):
No events

Internal exceptions (20 events):
Event: 10.190 Thread 0x0000022b64deeb70 Exception <a 'java/lang/ClassNotFoundException'{0x000000008743cfe0}: org/springframework/boot/actuate/endpoint/jmx/EndpointMBean> (0x000000008743cfe0) 
thrown [s\src\hotspot\share\classfile\systemDictionary.cpp, line 312]
Event: 10.190 Thread 0x0000022b64deeb70 Exception <a 'java/lang/ClassNotFoundException'{0x000000008743d3a8}: org/springframework/boot/actuate/endpoint/jmx/DataEndpointMBean> (0x000000008743d3a8) 
thrown [s\src\hotspot\share\classfile\systemDictionary.cpp, line 312]
Event: 10.190 Thread 0x0000022b64deeb70 Exception <a 'java/lang/ClassNotFoundException'{0x000000008743d768}: org/springframework/context/support/LiveBeansView> (0x000000008743d768) 
thrown [s\src\hotspot\share\classfile\systemDictionary.cpp, line 312]
Event: 10.190 Thread 0x0000022b64deeb70 Exception <a 'java/lang/ClassNotFoundException'{0x000000008743db20}: org/springframework/boot/actuate/endpoint/jmx/EndpointMBean> (0x000000008743db20) 
thrown [s\src\hotspot\share\classfile\systemDictionary.cpp, line 312]
Event: 10.190 Thread 0x0000022b64deeb70 Exception <a 'java/lang/ClassNotFoundException'{0x000000008743ded8}: org/springframework/boot/actuate/endpoint/jmx/DataEndpointMBean> (0x000000008743ded8) 
thrown [s\src\hotspot\share\classfile\systemDictionary.cpp, line 312]
Event: 10.190 Thread 0x0000022b64deeb70 Exception <a 'java/lang/ClassNotFoundException'{0x000000008743e288}: org/springframework/context/support/LiveBeansView> (0x000000008743e288) 
thrown [s\src\hotspot\share\classfile\systemDictionary.cpp, line 312]
Event: 10.195 Thread 0x0000022b64deeb70 Exception <a 'java/lang/ClassNotFoundException'{0x00000000872ff068}: org/springframework/boot/actuate/endpoint/jmx/EndpointMBean> (0x00000000872ff068) 
thrown [s\src\hotspot\share\classfile\systemDictionary.cpp, line 312]
Event: 10.202 Thread 0x0000022b64deeb70 Exception <a 'java/lang/ClassNotFoundException'{0x0000000086fd96b0}: org/springframework/boot/actuate/endpoint/jmx/DataEndpointMBean> (0x0000000086fd96b0) 
thrown [s\src\hotspot\share\classfile\systemDictionary.cpp, line 312]
Event: 10.211 Thread 0x0000022b64deeb70 Exception <a 'java/lang/ClassNotFoundException'{0x0000000086c98600}: org/springframework/context/support/LiveBeansView> (0x0000000086c98600) 
thrown [s\src\hotspot\share\classfile\systemDictionary.cpp, line 312]
Event: 10.211 Thread 0x0000022b64deeb70 Exception <a 'java/lang/ClassNotFoundException'{0x0000000086c9b1c0}: org/springframework/boot/actuate/endpoint/jmx/EndpointMBean> (0x0000000086c9b1c0) 
thrown [s\src\hotspot\share\classfile\systemDictionary.cpp, line 312]
Event: 10.211 Thread 0x0000022b64deeb70 Exception <a 'java/lang/ClassNotFoundException'{0x0000000086c9b598}: org/springframework/boot/actuate/endpoint/jmx/DataEndpointMBean> (0x0000000086c9b598) 
thrown [s\src\hotspot\share\classfile\systemDictionary.cpp, line 312]
Event: 10.211 Thread 0x0000022b64deeb70 Exception <a 'java/lang/ClassNotFoundException'{0x0000000086c9b968}: org/springframework/context/support/LiveBeansView> (0x0000000086c9b968) 
thrown [s\src\hotspot\share\classfile\systemDictionary.cpp, line 312]
Event: 10.211 Thread 0x0000022b64deeb70 Exception <a 'java/lang/ClassNotFoundException'{0x0000000086c9bd28}: org/springframework/boot/actuate/endpoint/jmx/EndpointMBean> (0x0000000086c9bd28) 
thrown [s\src\hotspot\share\classfile\systemDictionary.cpp, line 312]
Event: 10.211 Thread 0x0000022b64deeb70 Exception <a 'java/lang/ClassNotFoundException'{0x0000000086c9c0e8}: org/springframework/boot/actuate/endpoint/jmx/DataEndpointMBean> (0x0000000086c9c0e8) 
thrown [s\src\hotspot\share\classfile\systemDictionary.cpp, line 312]
Event: 10.211 Thread 0x0000022b64deeb70 Exception <a 'java/lang/ClassNotFoundException'{0x0000000086c9c4a0}: org/springframework/context/support/LiveBeansView> (0x0000000086c9c4a0) 
thrown [s\src\hotspot\share\classfile\systemDictionary.cpp, line 312]
Event: 10.211 Thread 0x0000022b64deeb70 Exception <a 'java/lang/ClassNotFoundException'{0x0000000086c9c860}: org/springframework/boot/actuate/endpoint/jmx/EndpointMBean> (0x0000000086c9c860) 
thrown [s\src\hotspot\share\classfile\systemDictionary.cpp, line 312]
Event: 10.211 Thread 0x0000022b64deeb70 Exception <a 'java/lang/ClassNotFoundException'{0x0000000086c9cc20}: org/springframework/boot/actuate/endpoint/jmx/DataEndpointMBean> (0x0000000086c9cc20) 
thrown [s\src\hotspot\share\classfile\systemDictionary.cpp, line 312]
Event: 10.211 Thread 0x0000022b64deeb70 Exception <a 'java/lang/ClassNotFoundException'{0x0000000086c9cfd8}: org/springframework/context/support/LiveBeansView> (0x0000000086c9cfd8) 
thrown [s\src\hotspot\share\classfile\systemDictionary.cpp, line 312]
Event: 10.217 Thread 0x0000022b64deeb70 Exception <a 'java/lang/NoSuchMethodError'{0x0000000086cd7230}: 'double java.lang.invoke.DirectMethodHandle$Holder.invokeInterface(java.lang.Object, java.lang.Object)'> (0x0000000086cd7230) 
thrown [s\src\hotspot\share\interpreter\linkResolver.cpp, line 773]
Event: 10.618 Thread 0x0000022b64deeb70 Exception <a 'java/lang/NoSuchMethodError'{0x0000000088a84d90}: 'double java.lang.invoke.DirectMethodHandle$Holder.invokeSpecialIFC(java.lang.Object, java.lang.Object)'> (0x0000000088a84d90) 
thrown [s\src\hotspot\share\interpreter\linkResolver.cpp, line 773]

ZGC Phase Switch (0 events):
No events

VM Operations (20 events):
Event: 12.157 Executing VM operation: Cleanup
Event: 12.157 Executing VM operation: Cleanup done
Event: 12.983 Executing VM operation: G1CollectForAllocation (G1 Evacuation Pause)
Event: 12.988 Executing VM operation: G1CollectForAllocation (G1 Evacuation Pause) done
Event: 13.991 Executing VM operation: Cleanup
Event: 13.991 Executing VM operation: Cleanup done
Event: 15.002 Executing VM operation: Cleanup
Event: 15.002 Executing VM operation: Cleanup done
Event: 15.330 Executing VM operation: G1CollectForAllocation (G1 Evacuation Pause)
Event: 15.334 Executing VM operation: G1CollectForAllocation (G1 Evacuation Pause) done
Event: 15.360 Executing VM operation: G1PauseRemark
Event: 15.365 Executing VM operation: G1PauseRemark done
Event: 15.386 Executing VM operation: G1PauseCleanup
Event: 15.386 Executing VM operation: G1PauseCleanup done
Event: 16.391 Executing VM operation: Cleanup
Event: 16.391 Executing VM operation: Cleanup done
Event: 17.392 Executing VM operation: Cleanup
Event: 17.392 Executing VM operation: Cleanup done
Event: 18.095 Executing VM operation: G1CollectForAllocation (G1 Evacuation Pause)
Event: 18.098 Executing VM operation: G1CollectForAllocation (G1 Evacuation Pause) done

Events (20 events):
Event: 15.365 Thread 0x0000022b411ce360 flushing nmethod 0x0000022b5397bd90
Event: 15.365 Thread 0x0000022b411ce360 flushing nmethod 0x0000022b53968010
Event: 15.365 Thread 0x0000022b411ce360 flushing nmethod 0x0000022b53927c90
Event: 15.365 Thread 0x0000022b411ce360 flushing nmethod 0x0000022b53853990
Event: 15.365 Thread 0x0000022b411ce360 flushing nmethod 0x0000022b53887e10
Event: 15.365 Thread 0x0000022b411ce360 flushing nmethod 0x0000022b53890610
Event: 15.365 Thread 0x0000022b411ce360 flushing nmethod 0x0000022b53867410
Event: 15.365 Thread 0x0000022b411ce360 flushing nmethod 0x0000022b53814e10
Event: 15.365 Thread 0x0000022b411ce360 flushing nmethod 0x0000022b53710910
Event: 15.365 Thread 0x0000022b411ce360 flushing nmethod 0x0000022b537b7190
Event: 15.365 Thread 0x0000022b411ce360 flushing nmethod 0x0000022b537b6710
Event: 15.365 Thread 0x0000022b411ce360 flushing nmethod 0x0000022b53786490
Event: 15.365 Thread 0x0000022b411ce360 flushing nmethod 0x0000022b536b0090
Event: 15.365 Thread 0x0000022b411ce360 flushing nmethod 0x0000022b53736310
Event: 15.365 Thread 0x0000022b411ce360 flushing nmethod 0x0000022b536e0710
Event: 15.365 Thread 0x0000022b411ce360 flushing nmethod 0x0000022b536db910
Event: 15.365 Thread 0x0000022b411ce360 flushing nmethod 0x0000022b53744410
Event: 15.365 Thread 0x0000022b411ce360 flushing nmethod 0x0000022b536f5890
Event: 15.365 Thread 0x0000022b411ce360 flushing nmethod 0x0000022b53637410
Event: 15.365 Thread 0x0000022b411ce360 flushing nmethod 0x0000022b535fa210


Dynamic libraries:
0x00007ff7414f0000 - 0x00007ff7414fe000 	C:\Program Files\Eclipse Adoptium\jdk-21.0.3.9-hotspot\bin\java.exe
0x00007ffe1fbf0000 - 0x00007ffe1fe07000 	C:\Windows\SYSTEM32\ntdll.dll
0x00007ffe1ed50000 - 0x00007ffe1ee14000 	C:\Windows\System32\KERNEL32.DLL
0x00007ffe1d590000 - 0x00007ffe1d936000 	C:\Windows\System32\KERNELBASE.dll
0x00007ffe1d1c0000 - 0x00007ffe1d2d1000 	C:\Windows\System32\ucrtbase.dll
0x00007ffe08490000 - 0x00007ffe084ab000 	C:\Program Files\Eclipse Adoptium\jdk-21.0.3.9-hotspot\bin\VCRUNTIME140.dll
0x00007ffe08470000 - 0x00007ffe08488000 	C:\Program Files\Eclipse Adoptium\jdk-21.0.3.9-hotspot\bin\jli.dll
0x00007ffe1eee0000 - 0x00007ffe1f08e000 	C:\Windows\System32\USER32.dll
0x00007ffe1d560000 - 0x00007ffe1d586000 	C:\Windows\System32\win32u.dll
0x00007ffe0ef80000 - 0x00007ffe0f213000 	C:\Windows\WinSxS\amd64_microsoft.windows.common-controls_6595b64144ccf1df_6.0.22621.2506_none_270c5ae97388e100\COMCTL32.dll
0x00007ffe1ec70000 - 0x00007ffe1ec99000 	C:\Windows\System32\GDI32.dll
0x00007ffe1f090000 - 0x00007ffe1f137000 	C:\Windows\System32\msvcrt.dll
0x00007ffe1d0a0000 - 0x00007ffe1d1b8000 	C:\Windows\System32\gdi32full.dll
0x00007ffe1d310000 - 0x00007ffe1d3aa000 	C:\Windows\System32\msvcp_win.dll
0x00007ffe1f600000 - 0x00007ffe1f631000 	C:\Windows\System32\IMM32.DLL
0x00007ffe0f220000 - 0x00007ffe0f22c000 	C:\Program Files\Eclipse Adoptium\jdk-21.0.3.9-hotspot\bin\vcruntime140_1.dll
0x00007ffe06c20000 - 0x00007ffe06cae000 	C:\Program Files\Eclipse Adoptium\jdk-21.0.3.9-hotspot\bin\msvcp140.dll
0x00007ffdc79c0000 - 0x00007ffdc8742000 	C:\Program Files\Eclipse Adoptium\jdk-21.0.3.9-hotspot\bin\server\jvm.dll
0x00007ffe1ee20000 - 0x00007ffe1eed3000 	C:\Windows\System32\ADVAPI32.dll
0x00007ffe1dde0000 - 0x00007ffe1de88000 	C:\Windows\System32\sechost.dll
0x00007ffe1d2e0000 - 0x00007ffe1d308000 	C:\Windows\System32\bcrypt.dll
0x00007ffe1f1c0000 - 0x00007ffe1f2d7000 	C:\Windows\System32\RPCRT4.dll
0x00007ffe1f140000 - 0x00007ffe1f1b1000 	C:\Windows\System32\WS2_32.dll
0x00007ffe1bd80000 - 0x00007ffe1bdcd000 	C:\Windows\SYSTEM32\POWRPROF.dll
0x00007ffe0f590000 - 0x00007ffe0f5c4000 	C:\Windows\SYSTEM32\WINMM.dll
0x00007ffe10880000 - 0x00007ffe1088a000 	C:\Windows\SYSTEM32\VERSION.dll
0x00007ffe1bd60000 - 0x00007ffe1bd73000 	C:\Windows\SYSTEM32\UMPDC.dll
0x00007ffe1c020000 - 0x00007ffe1c038000 	C:\Windows\SYSTEM32\kernel.appcore.dll
0x00007ffe0dd00000 - 0x00007ffe0dd0a000 	C:\Program Files\Eclipse Adoptium\jdk-21.0.3.9-hotspot\bin\jimage.dll
0x00007ffe1a730000 - 0x00007ffe1a963000 	C:\Windows\SYSTEM32\DBGHELP.DLL
0x00007ffe1f820000 - 0x00007ffe1fba9000 	C:\Windows\System32\combase.dll
0x00007ffe1f640000 - 0x00007ffe1f717000 	C:\Windows\System32\OLEAUT32.dll
0x00007ffe08eb0000 - 0x00007ffe08ee2000 	C:\Windows\SYSTEM32\dbgcore.DLL
0x00007ffe1d3b0000 - 0x00007ffe1d42a000 	C:\Windows\System32\bcryptPrimitives.dll
0x00007ffe08430000 - 0x00007ffe0844f000 	C:\Program Files\Eclipse Adoptium\jdk-21.0.3.9-hotspot\bin\java.dll
0x00007ffe1e010000 - 0x00007ffe1e86b000 	C:\Windows\System32\SHELL32.dll
0x00007ffe1ae40000 - 0x00007ffe1b736000 	C:\Windows\SYSTEM32\windows.storage.dll
0x00007ffe1ad00000 - 0x00007ffe1ae3e000 	C:\Windows\SYSTEM32\wintypes.dll
0x00007ffe1f720000 - 0x00007ffe1f813000 	C:\Windows\System32\SHCORE.dll
0x00007ffe1e870000 - 0x00007ffe1e8ce000 	C:\Windows\System32\shlwapi.dll
0x00007ffe1ce60000 - 0x00007ffe1ce86000 	C:\Windows\SYSTEM32\profapi.dll
0x00007ffe06b40000 - 0x00007ffe06c17000 	C:\Program Files\Eclipse Adoptium\jdk-21.0.3.9-hotspot\bin\jsvml.dll
0x00007ffe0db00000 - 0x00007ffe0db10000 	C:\Program Files\Eclipse Adoptium\jdk-21.0.3.9-hotspot\bin\net.dll
0x00007ffe16a80000 - 0x00007ffe16bb7000 	C:\Windows\SYSTEM32\WINHTTP.dll
0x00007ffe1c490000 - 0x00007ffe1c4f9000 	C:\Windows\system32\mswsock.dll
0x00007ffe08410000 - 0x00007ffe08426000 	C:\Program Files\Eclipse Adoptium\jdk-21.0.3.9-hotspot\bin\nio.dll
0x00007ffe083f0000 - 0x00007ffe08408000 	C:\Program Files\Eclipse Adoptium\jdk-21.0.3.9-hotspot\bin\zip.dll
0x00007ffe08d60000 - 0x00007ffe08d6a000 	C:\Program Files\Eclipse Adoptium\jdk-21.0.3.9-hotspot\bin\management.dll
0x00007ffe083e0000 - 0x00007ffe083eb000 	C:\Program Files\Eclipse Adoptium\jdk-21.0.3.9-hotspot\bin\management_ext.dll
0x00007ffe1f5f0000 - 0x00007ffe1f5f8000 	C:\Windows\System32\PSAPI.DLL
0x00007ffe0f620000 - 0x00007ffe0f637000 	C:\Windows\system32\napinsp.dll
0x00007ffe0db30000 - 0x00007ffe0db4b000 	C:\Windows\system32\pnrpnsp.dll
0x00007ffe1ba60000 - 0x00007ffe1bb59000 	C:\Windows\SYSTEM32\DNSAPI.dll
0x00007ffe1b9a0000 - 0x00007ffe1b9cd000 	C:\Windows\SYSTEM32\IPHLPAPI.DLL
0x00007ffe1ddd0000 - 0x00007ffe1ddd9000 	C:\Windows\System32\NSI.dll
0x00007ffe0db10000 - 0x00007ffe0db21000 	C:\Windows\System32\winrnr.dll
0x00007ffe0dd40000 - 0x00007ffe0dd55000 	C:\Windows\system32\wshbth.dll
0x00007ffe0dd10000 - 0x00007ffe0dd31000 	C:\Windows\system32\nlansp_c.dll
0x00007ffe14840000 - 0x00007ffe1484a000 	C:\Windows\System32\rasadhlp.dll
0x00007ffe16570000 - 0x00007ffe165f3000 	C:\Windows\System32\fwpuclnt.dll
0x00007ffe1c7e0000 - 0x00007ffe1c7fb000 	C:\Windows\SYSTEM32\CRYPTSP.dll
0x00007ffe1bf80000 - 0x00007ffe1bfb5000 	C:\Windows\system32\rsaenh.dll
0x00007ffe1c530000 - 0x00007ffe1c55c000 	C:\Windows\SYSTEM32\USERENV.dll
0x00007ffe1c7c0000 - 0x00007ffe1c7cc000 	C:\Windows\SYSTEM32\CRYPTBASE.dll
0x00007ffe083d0000 - 0x00007ffe083d9000 	C:\Program Files\Eclipse Adoptium\jdk-21.0.3.9-hotspot\bin\extnet.dll
0x00007ffe06b30000 - 0x00007ffe06b3e000 	C:\Program Files\Eclipse Adoptium\jdk-21.0.3.9-hotspot\bin\sunmscapi.dll
0x00007ffe1cf30000 - 0x00007ffe1d096000 	C:\Windows\System32\CRYPT32.dll
0x00007ffe1c8f0000 - 0x00007ffe1c91e000 	C:\Windows\SYSTEM32\ncrypt.dll
0x00007ffe1c8b0000 - 0x00007ffe1c8e7000 	C:\Windows\SYSTEM32\NTASN1.dll
0x00007ffe06b20000 - 0x00007ffe06b30000 	C:\Program Files\Eclipse Adoptium\jdk-21.0.3.9-hotspot\bin\verify.dll
0x00007ffe06340000 - 0x00007ffe06348000 	C:\Windows\system32\wshunix.dll

dbghelp: loaded successfully - version: 4.0.5 - missing functions: none
symbol engine: initialized successfully - sym options: 0x614 - pdb path: .;C:\Program Files\Eclipse Adoptium\jdk-21.0.3.9-hotspot\bin;C:\Windows\SYSTEM32;C:\Windows\WinSxS\amd64_microsoft.windows.common-controls_6595b64144ccf1df_6.0.22621.2506_none_270c5ae97388e100;C:\Program Files\Eclipse Adoptium\jdk-21.0.3.9-hotspot\bin\server

VM Arguments:
jvm_args: -Dcom.sun.management.jmxremote -Dcom.sun.management.jmxremote.port=61540 -Dcom.sun.management.jmxremote.authenticate=false -Dcom.sun.management.jmxremote.ssl=false -Dspring.jmx.enabled=true -Djava.rmi.server.hostname=localhost -Dspring.application.admin.enabled=true -Dspring.boot.project.name=gad-back -XX:+ShowCodeDetailsInExceptionMessages -Dmanagement.endpoints.jmx.exposure.include=* 
java_command: com.azo.backend.gadapp.gad_back.GadBackApplication
java_class_path (initial): C:\Users\Admin\DEV\projects\gad-back\target\classes;C:\Users\Admin\.m2\repository\org\springframework\boot\spring-boot-starter-actuator\3.3.2\spring-boot-starter-actuator-3.3.2.jar;C:\Users\Admin\.m2\repository\org\springframework\boot\spring-boot-starter\3.3.2\spring-boot-starter-3.3.2.jar;C:\Users\Admin\.m2\repository\org\springframework\boot\spring-boot-starter-logging\3.3.2\spring-boot-starter-logging-3.3.2.jar;C:\Users\Admin\.m2\repository\ch\qos\logback\logback-classic\1.5.6\logback-classic-1.5.6.jar;C:\Users\Admin\.m2\repository\ch\qos\logback\logback-core\1.5.6\logback-core-1.5.6.jar;C:\Users\Admin\.m2\repository\org\apache\logging\log4j\log4j-to-slf4j\2.23.1\log4j-to-slf4j-2.23.1.jar;C:\Users\Admin\.m2\repository\org\apache\logging\log4j\log4j-api\2.23.1\log4j-api-2.23.1.jar;C:\Users\Admin\.m2\repository\org\slf4j\jul-to-slf4j\2.0.13\jul-to-slf4j-2.0.13.jar;C:\Users\Admin\.m2\repository\jakarta\annotation\jakarta.annotation-api\2.1.1\jakarta.annotation-api-2.1.1.jar;C:\Users\Admin\.m2\repository\org\yaml\snakeyaml\2.2\snakeyaml-2.2.jar;C:\Users\Admin\.m2\repository\org\springframework\boot\spring-boot-actuator-autoconfigure\3.3.2\spring-boot-actuator-autoconfigure-3.3.2.jar;C:\Users\Admin\.m2\repository\org\springframework\boot\spring-boot-actuator\3.3.2\spring-boot-actuator-3.3.2.jar;C:\Users\Admin\.m2\repository\com\fasterxml\jackson\datatype\jackson-datatype-jsr310\2.17.2\jackson-datatype-jsr310-2.17.2.jar;C:\Users\Admin\.m2\repository\io\micrometer\micrometer-observation\1.13.2\micrometer-observation-1.13.2.jar;C:\Users\Admin\.m2\repository\io\micrometer\micrometer-commons\1.13.2\micrometer-commons-1.13.2.jar;C:\Users\Admin\.m2\repository\io\micrometer\micrometer-jakarta9\1.13.2\micrometer-jakarta9-1.13.2.jar;C:\Users\Admin\.m2\repository\io\micrometer\micrometer-core\1.13.2\micrometer-core-1.13.2.jar;C:\Users\Admin\.m2\repository\org\hdrhistogram\HdrHistogram\2.2.2\HdrHistogram-2.2.2.jar;C:\Users\Admin\.m2\repository\org\latencyutils\LatencyUtils\2.0.3\LatencyUtils-2.0.3.jar;C:\Users\Admin\.m2\repository\org\springframework\boot\spring-boot-starter-data-jpa\3.3.2\spring-boot-starter-data-jpa-3.3.2.jar;C:\Users\Admin\.m2\repository\org\springframework\boot\spring-boot-starter-aop\3.3.2\spring-boot-starter-aop-3.3.2.jar;C:\Users\Admin\.m2\repository\org\aspectj\aspectjweaver\1.9.22.1\aspectjweaver-1.9.22.1.jar;C:\Users\Admin\.m2\repository\org\springframework\boot\spring-boot-starter-jdbc\3.3.2\spring-boot-starter-jdbc-3.3.2.jar;C:\Users\Admin\.m2\repository\com\zaxxer\HikariCP\5.1.0\HikariCP-5.1.0.jar;C:\Users\Admin\.m2\repository\org\springframework\spring-jdbc\6.1.11\spring-jdbc-6.1.11.jar;C:\Users\Admin\.m2\repository\org\hibernate\orm\hibernate-core\6.5.2.Final\hibernate-core-6.5.2.Final.jar;C:\Users\Admin\.m2\repository\jakarta\persistence\jakarta.persistence-api\3.1.0\jakarta.persistence-api-3.1.0.jar;C:\Users\Admin\.m2\repository\jakarta\transaction\jakarta.transaction-api\2.0.1\jakarta.transaction-api-2.0.1.jar;C:\Users\Admin\.m2\repository\org\jboss\logging\jboss-logging\3.5.3.Final\jboss-logging-3.5.3.Final.jar;C:\Users\Admin\.m2\repository\org\hibernate\common\hibernate-commons-annotations\6.0.6.Final\hibernate-commons-annotations-6.0.6.Final.jar;C:\Users\Admin\.m2\repository\io\smallrye\jandex\3.1.2\jandex-3.1.2.jar;C:\Users\Admin\.m2\repository\com\fasterxml\classmate\1.7.0\classmate-1.7.0.jar;C:\Users\Admin\.m2\repository\net\bytebuddy\byte-buddy\1.14.18\byte-buddy-1.14.18.jar;C:\Users\Admin\.m2\repository\org\glassfish\jaxb\jaxb-runtime\4.0.5\jaxb-runtime-4.0.5.jar;C:\Users\Admin\.m2\repository\org\glassfish\jaxb\jaxb-core\4.0.5\jaxb-core-4.0.5.jar;C:\Users\Admin\.m2\repository\org\glassfish\jaxb\txw2\4.0.5\txw2-4.0.5.jar;C:\Users\Admin\.m2\repository\com\sun\istack\istack-commons-runtime\4.1.2\istack-commons-runtime-4.1.2.jar;C:\Users\Admin\.m2\repository\jakarta\inject\jakarta.inject-api\2.0.1\jakarta.inject-api-2.0.1.jar;C:\Users\Admin\.m2\repository\org\antlr\antlr4-runtime\4.13.0\antlr4-runtime-4.13.0.jar;C:\Users\Admin\.m2\repository\org\springframework\data\spring-data-jpa\3.3.2\spring-data-jpa-3.3.2.jar;C:\Users\Admin\.m2\repository\org\springframework\data\spring-data-commons\3.3.2\spring-data-commons-3.3.2.jar;C:\Users\Admin\.m2\repository\org\springframework\spring-orm\6.1.11\spring-orm-6.1.11.jar;C:\Users\Admin\.m2\repository\org\springframework\spring-context\6.1.11\spring-context-6.1.11.jar;C:\Users\Admin\.m2\repository\org\springframework\spring-tx\6.1.11\spring-tx-6.1.11.jar;C:\Users\Admin\.m2\repository\org\springframework\spring-beans\6.1.11\spring-beans-6.1.11.jar;C:\Users\Admin\.m2\repository\org\slf4j\slf4j-api\2.0.13\slf4j-api-2.0.13.jar;C:\Users\Admin\.m2\repository\org\springframework\spring-aspects\6.1.11\spring-aspects-6.1.11.jar;C:\Users\Admin\.m2\repository\org\springframework\boot\spring-boot-starter-web\3.3.2\spring-boot-starter-web-3.3.2.jar;C:\Users\Admin\.m2\repository\org\springframework\boot\spring-boot-starter-json\3.3.2\spring-boot-starter-json-3.3.2.jar;C:\Users\Admin\.m2\repository\com\fasterxml\jackson\datatype\jackson-datatype-jdk8\2.17.2\jackson-datatype-jdk8-2.17.2.jar;C:\Users\Admin\.m2\repository\com\fasterxml\jackson\module\jackson-module-parameter-names\2.17.2\jackson-module-parameter-names-2.17.2.jar;C:\Users\Admin\.m2\repository\org\springframework\boot\spring-boot-starter-tomcat\3.3.2\spring-boot-starter-tomcat-3.3.2.jar;C:\Users\Admin\.m2\repository\org\apache\tomcat\embed\tomcat-embed-core\10.1.26\tomcat-embed-core-10.1.26.jar;C:\Users\Admin\.m2\repository\org\apache\tomcat\embed\tomcat-embed-websocket\10.1.26\tomcat-embed-websocket-10.1.26.jar;C:\Users\Admin\.m2\repository\org\springframework\spring-web\6.1.11\spring-web-6.1.11.jar;C:\Users\Admin\.m2\repository\org\springframework\spring-webmvc\6.1.11\spring-webmvc-6.1.11.jar;C:\Users\Admin\.m2\repository\org\springframework\spring-expression\6.1.11\spring-expression-6.1.11.jar;C:\Users\Admin\.m2\repository\org\springframework\boot\spring-boot-devtools\3.3.2\spring-boot-devtools-3.3.2.jar;C:\Users\Admin\.m2\repository\org\springframework\boot\spring-boot\3.3.2\spring-boot-3.3.2.jar;C:\Users\Admin\.m2\repository\org\springframework\boot\spring-boot-autoconfigure\3.3.2\spring-boot-autoconfigure-3.3.2.jar;C:\Users\Admin\.m2\repository\org\postgresql\postgresql\42.7.3\postgresql-42.7.3.jar;C:\Users\Admin\.m2\repository\org\checkerframework\checker-qual\3.42.0\checker-qual-3.42.0.jar;C:\Users\Admin\.m2\repository\jakarta\xml\bind\jakarta.xml.bind-api\4.0.2\jakarta.xml.bind-api-4.0.2.jar;C:\Users\Admin\.m2\repository\jakarta\activation\jakarta.activation-api\2.1.3\jakarta.activation-api-2.1.3.jar;C:\Users\Admin\.m2\repository\org\springframework\spring-core\6.1.11\spring-core-6.1.11.jar;C:\Users\Admin\.m2\repository\org\springframework\spring-jcl\6.1.11\spring-jcl-6.1.11.jar;C:\Users\Admin\.m2\repository\org\springframework\boot\spring-boot-starter-validation\3.3.2\spring-boot-starter-validation-3.3.2.jar;C:\Users\Admin\.m2\repository\org\apache\tomcat\embed\tomcat-embed-el\10.1.26\tomcat-embed-el-10.1.26.jar;C:\Users\Admin\.m2\repository\org\hibernate\validator\hibernate-validator\8.0.1.Final\hibernate-validator-8.0.1.Final.jar;C:\Users\Admin\.m2\repository\jakarta\validation\jakarta.validation-api\3.0.2\jakarta.validation-api-3.0.2.jar;C:\Users\Admin\.m2\repository\org\springframework\boot\spring-boot-starter-security\3.3.2\spring-boot-starter-security-3.3.2.jar;C:\Users\Admin\.m2\repository\org\springframework\spring-aop\6.1.11\spring-aop-6.1.11.jar;C:\Users\Admin\.m2\repository\org\springframework\security\spring-security-config\6.3.1\spring-security-config-6.3.1.jar;C:\Users\Admin\.m2\repository\org\springframework\security\spring-security-core\6.3.1\spring-security-core-6.3.1.jar;C:\Users\Admin\.m2\repository\org\springframework\security\spring-security-crypto\6.3.1\spring-security-crypto-6.3.1.jar;C:\Users\Admin\.m2\repository\org\springframework\security\spring-security-web\6.3.1\spring-security-web-6.3.1.jar;C:\Users\Admin\.m2\repository\io\jsonwebtoken\jjwt-api\0.12.6\jjwt-api-0.12.6.jar;C:\Users\Admin\.m2\repository\io\jsonwebtoken\jjwt-impl\0.12.6\jjwt-impl-0.12.6.jar;C:\Users\Admin\.m2\repository\io\jsonwebtoken\jjwt-jackson\0.12.6\jjwt-jackson-0.12.6.jar;C:\Users\Admin\.m2\repository\com\fasterxml\jackson\core\jackson-databind\2.17.2\jackson-databind-2.17.2.jar;C:\Users\Admin\.m2\repository\com\fasterxml\jackson\core\jackson-annotations\2.17.2\jackson-annotations-2.17.2.jar;C:\Users\Admin\.m2\repository\com\fasterxml\jackson\core\jackson-core\2.17.2\jackson-core-2.17.2.jar;C:\Users\Admin\.m2\repository\org\springframework\boot\spring-boot-starter-mail\3.3.2\spring-boot-starter-mail-3.3.2.jar;C:\Users\Admin\.m2\repository\org\springframework\spring-context-support\6.1.11\spring-context-support-6.1.11.jar;C:\Users\Admin\.m2\repository\org\eclipse\angus\jakarta.mail\2.0.3\jakarta.mail-2.0.3.jar;C:\Users\Admin\.m2\repository\org\eclipse\angus\angus-activation\2.0.2\angus-activation-2.0.2.jar;C:\Users\Admin\.m2\repository\me\paulschwarz\spring-dotenv\2.5.4\spring-dotenv-2.5.4.jar;C:\Users\Admin\.m2\repository\io\github\cdimascio\dotenv-java\2.2.3\dotenv-java-2.2.3.jar
Launcher Type: SUN_STANDARD

[Global flags]
     intx CICompilerCount                          = 4                                         {product} {ergonomic}
     uint ConcGCThreads                            = 2                                         {product} {ergonomic}
     uint G1ConcRefinementThreads                  = 8                                         {product} {ergonomic}
   size_t G1HeapRegionSize                         = 1048576                                   {product} {ergonomic}
    uintx GCDrainStackTargetSize                   = 64                                        {product} {ergonomic}
   size_t InitialHeapSize                          = 132120576                                 {product} {ergonomic}
     bool ManagementServer                         = true                                      {product} {command line}
   size_t MarkStackSize                            = 4194304                                   {product} {ergonomic}
   size_t MaxHeapSize                              = 2090860544                                {product} {ergonomic}
   size_t MaxNewSize                               = 1254096896                                {product} {ergonomic}
   size_t MinHeapDeltaBytes                        = 1048576                                   {product} {ergonomic}
   size_t MinHeapSize                              = 8388608                                   {product} {ergonomic}
    uintx NonNMethodCodeHeapSize                   = 5839372                                {pd product} {ergonomic}
    uintx NonProfiledCodeHeapSize                  = 122909434                              {pd product} {ergonomic}
    uintx ProfiledCodeHeapSize                     = 122909434                              {pd product} {ergonomic}
    uintx ReservedCodeCacheSize                    = 251658240                              {pd product} {ergonomic}
     bool SegmentedCodeCache                       = true                                      {product} {ergonomic}
     bool ShowCodeDetailsInExceptionMessages       = true                                   {manageable} {command line}
   size_t SoftMaxHeapSize                          = 2090860544                             {manageable} {ergonomic}
     bool UseCompressedOops                        = true                           {product lp64_product} {ergonomic}
     bool UseG1GC                                  = true                                      {product} {ergonomic}
     bool UseLargePagesIndividualAllocation        = false                                  {pd product} {ergonomic}

Logging:
Log output configuration:
 #0: stdout all=warning uptime,level,tags foldmultilines=false
 #1: stderr all=off uptime,level,tags foldmultilines=false

Environment Variables:
JAVA_HOME=C:\Program Files\Eclipse Adoptium\jdk-21.0.3.9-hotspot
PATH=C:\Program Files\Eclipse Adoptium\jdk-21.0.3.9-hotspot\bin;C:\Windows\system32;C:\Windows;C:\Windows\System32\Wbem;C:\Windows\System32\WindowsPowerShell\v1.0\;C:\Windows\System32\OpenSSH\;C:\Program Files\Microsoft SQL Server\Client SDK\ODBC\170\Tools\Binn\;C:\Program Files\Microsoft SQL Server\150\Tools\Binn\;C:\Program Files\dotnet\;C:\Program Files\nodejs\;C:\Program Files\Docker\Docker\resources\bin;C:\Program Files\Git\cmd;C:\Program Files\apache-maven-3.9.8\bin;C:\Users\Admin\AppData\Local\Microsoft\WindowsApps;C:\Users\Admin\.dotnet\tools;C:\Users\Admin\AppData\Local\Programs\Microsoft VS Code\bin;C:\Users\Admin\AppData\Local\JetBrains\Toolbox\scripts;C:\Users\Admin\AppData\Roaming\npm
USERNAME=Admin
LANG=es_ES.UTF-8
OS=Windows_NT
PROCESSOR_IDENTIFIER=Intel64 Family 6 Model 151 Stepping 5, GenuineIntel
TMP=C:\Users\Admin\AppData\Local\Temp
TEMP=C:\Users\Admin\AppData\Local\Temp




Periodic native trim disabled

---------------  S Y S T E M  ---------------

OS:
 Windows 11 , 64 bit Build 22621 (10.0.22621.3078)
OS uptime: 0 days 3:28 hours
Hyper-V role detected

CPU: total 8 (initial active 8) (4 cores per cpu, 2 threads per core) family 6 model 151 stepping 5 microcode 0x1e, cx8, cmov, fxsr, ht, mmx, 3dnowpref, sse, sse2, sse3, ssse3, sse4.1, sse4.2, popcnt, lzcnt, tsc, tscinvbit, avx, avx2, aes, erms, clmul, bmi1, bmi2, adx, sha, fma, vzeroupper, clflush, clflushopt, clwb, hv, serialize, rdtscp, rdpid, fsrm, f16c, cet_ibt, cet_ss
Processor Information for all 8 processors :
  Max Mhz: 3300, Current Mhz: 3300, Mhz Limit: 3300

Memory: 4k page, system-wide physical 7969M (725M free)
TotalPageFile size 16161M (AvailPageFile size 0M)
current process WorkingSet (physical memory assigned to process): 331M, peak: 360M
current process commit charge ("private bytes"): 368M, peak: 396M

vm_info: OpenJDK 64-Bit Server VM (21.0.3+9-LTS) for windows-amd64 JRE (21.0.3+9-LTS), built on 2024-04-16T00:00:00Z by "admin" with MS VC++ 17.7 (VS2022)

END.
