#
# There is insufficient memory for the Java Runtime Environment to continue.
# Native memory allocation (malloc) failed to allocate 1048816 bytes. Error detail: Chunk::new
# Possible reasons:
#   The system is out of physical RAM or swap space
#   This process is running with CompressedOops enabled, and the Java Heap may be blocking the growth of the native heap
# Possible solutions:
#   Reduce memory load on the system
#   Increase physical memory or swap space
#   Check if swap backing store is full
#   Decrease Java heap size (-Xmx/-Xms)
#   Decrease number of Java threads
#   Decrease Java thread stack sizes (-Xss)
#   Set larger code cache with -XX:ReservedCodeCacheSize=
#   JVM is running with Unscaled Compressed Oops mode in which the Java heap is
#     placed in the first 4GB address space. The Java Heap base address is the
#     maximum limit for the native heap growth. Please use -XX:HeapBaseMinAddress
#     to set the Java Heap base and to place the Java Heap above 4GB virtual address.
# This output file may be truncated or incomplete.
#
#  Out of Memory Error (arena.cpp:168), pid=5020, tid=5192
#
# JRE version: OpenJDK Runtime Environment Temurin-21.0.3+9 (21.0.3+9) (build 21.0.3+9-LTS)
# Java VM: OpenJDK 64-Bit Server VM Temurin-21.0.3+9 (21.0.3+9-LTS, mixed mode, sharing, tiered, compressed oops, compressed class ptrs, g1 gc, windows-amd64)
# No core dump will be written. Minidumps are not enabled by default on client versions of Windows
#

---------------  S U M M A R Y ------------

Command Line: -Dcom.sun.management.jmxremote -Dcom.sun.management.jmxremote.port=50471 -Dcom.sun.management.jmxremote.authenticate=false -Dcom.sun.management.jmxremote.ssl=false -Dspring.jmx.enabled=true -Djava.rmi.server.hostname=localhost -Dspring.application.admin.enabled=true -Dspring.boot.project.name=gad-back -XX:+ShowCodeDetailsInExceptionMessages -Dmanagement.endpoints.jmx.exposure.include=* com.azo.backend.gadapp.gad_back.GadBackApplication

Host: 12th Gen Intel(R) Core(TM) i3-12100, 8 cores, 7G,  Windows 11 , 64 bit Build 22621 (10.0.22621.3078)
Time: Wed Jul 24 15:15:44 2024 Hora est. Pacífico, Sudamérica elapsed time: 26130.171011 seconds (0d 7h 15m 30s)

---------------  T H R E A D  ---------------

Current thread (0x000001d6e5b356e0):  JavaThread "C2 CompilerThread0" daemon [_thread_in_native, id=5192, stack(0x0000004993c00000,0x0000004993d00000) (1024K)]


Current CompileTask:
C2:26130171 31446       4       org.hibernate.internal.SessionFactoryImpl::buildEntityManager (187 bytes)

Stack: [0x0000004993c00000,0x0000004993d00000]
Native frames: (J=compiled Java code, j=interpreted, Vv=VM code, C=native code)
V  [jvm.dll+0x6c8699]
V  [jvm.dll+0x8a2061]
V  [jvm.dll+0x8a458e]
V  [jvm.dll+0x8a4c63]
V  [jvm.dll+0x27e476]
V  [jvm.dll+0xc4a1d]
V  [jvm.dll+0xc4f53]
V  [jvm.dll+0x2f11cf]
V  [jvm.dll+0x5f1fca]
V  [jvm.dll+0x24fa82]
V  [jvm.dll+0x24834c]
V  [jvm.dll+0x245e94]
V  [jvm.dll+0x1c6f4e]
V  [jvm.dll+0x255719]
V  [jvm.dll+0x253cba]
V  [jvm.dll+0x3ec1e6]
V  [jvm.dll+0x84bf8b]
V  [jvm.dll+0x6c6dcd]
C  [ucrtbase.dll+0x29363]
C  [KERNEL32.DLL+0x1257d]
C  [ntdll.dll+0x5aa58]


---------------  P R O C E S S  ---------------

Threads class SMR info:
_java_thread_list=0x000001d6ee00c660, length=36, elements={
0x000001d6e5b1bfc0, 0x000001d6e5b1dc30, 0x000001d6e5b20b70, 0x000001d6e5b23810,
0x000001d6e5b24a10, 0x000001d6e5b26e80, 0x000001d6e5b356e0, 0x000001d6e5b3b6d0,
0x000001d6ea0cefd0, 0x000001d6ea160760, 0x000001d6ea8ea7c0, 0x000001d6ea82fd20,
0x000001d6eaa6f570, 0x000001d6ea724470, 0x000001d6eaeb9460, 0x000001d6eaee2210,
0x000001d6ec6573c0, 0x000001d6ec659b20, 0x000001d6f20b4360, 0x000001d6ed211de0,
0x000001d6ed20dc40, 0x000001d6ed212470, 0x000001d6ec6545d0, 0x000001d6ec656d30,
0x000001d6ec65a1b0, 0x000001d6ec65b560, 0x000001d6ec657a50, 0x000001d6ec65bbf0,
0x000001d6ec6580e0, 0x000001d6ec658e00, 0x000001d6ec654c60, 0x000001d6ec6552f0,
0x000001d6ec65a840, 0x000001d6ec659490, 0x000001d6ec655980, 0x000001d6ec656010
}

Java Threads: ( => current thread )
  0x000001d6e5b1bfc0 JavaThread "Reference Handler"          daemon [_thread_blocked, id=4348, stack(0x0000004993600000,0x0000004993700000) (1024K)]
  0x000001d6e5b1dc30 JavaThread "Finalizer"                  daemon [_thread_blocked, id=11208, stack(0x0000004993700000,0x0000004993800000) (1024K)]
  0x000001d6e5b20b70 JavaThread "Signal Dispatcher"          daemon [_thread_blocked, id=10224, stack(0x0000004993800000,0x0000004993900000) (1024K)]
  0x000001d6e5b23810 JavaThread "Attach Listener"            daemon [_thread_blocked, id=9312, stack(0x0000004993900000,0x0000004993a00000) (1024K)]
  0x000001d6e5b24a10 JavaThread "Service Thread"             daemon [_thread_blocked, id=5024, stack(0x0000004993a00000,0x0000004993b00000) (1024K)]
  0x000001d6e5b26e80 JavaThread "Monitor Deflation Thread"   daemon [_thread_blocked, id=3676, stack(0x0000004993b00000,0x0000004993c00000) (1024K)]
=>0x000001d6e5b356e0 JavaThread "C2 CompilerThread0"         daemon [_thread_in_native, id=5192, stack(0x0000004993c00000,0x0000004993d00000) (1024K)]
  0x000001d6e5b3b6d0 JavaThread "C1 CompilerThread0"         daemon [_thread_blocked, id=1392, stack(0x0000004993d00000,0x0000004993e00000) (1024K)]
  0x000001d6ea0cefd0 JavaThread "Common-Cleaner"             daemon [_thread_blocked, id=6068, stack(0x0000004993e00000,0x0000004993f00000) (1024K)]
  0x000001d6ea160760 JavaThread "Notification Thread"        daemon [_thread_blocked, id=5840, stack(0x0000004993f00000,0x0000004994000000) (1024K)]
  0x000001d6ea8ea7c0 JavaThread "RMI TCP Accept-0"           daemon [_thread_in_native, id=9288, stack(0x0000004994200000,0x0000004994300000) (1024K)]
  0x000001d6ea82fd20 JavaThread "RMI TCP Accept-50471"       daemon [_thread_in_native, id=4392, stack(0x0000004994300000,0x0000004994400000) (1024K)]
  0x000001d6eaa6f570 JavaThread "RMI TCP Accept-0"           daemon [_thread_in_native, id=2148, stack(0x0000004994400000,0x0000004994500000) (1024K)]
  0x000001d6ea724470 JavaThread "RMI Scheduler(0)"           daemon [_thread_blocked, id=5836, stack(0x0000004994600000,0x0000004994700000) (1024K)]
  0x000001d6eaeb9460 JavaThread "RMI TCP Connection(2)-127.0.0.1" daemon [_thread_in_native, id=11140, stack(0x0000004994700000,0x0000004994800000) (1024K)]
  0x000001d6eaee2210 JavaThread "JMX server connection timeout 28" daemon [_thread_blocked, id=8188, stack(0x0000004994800000,0x0000004994900000) (1024K)]
  0x000001d6ec6573c0 JavaThread "PostgreSQL-JDBC-Cleaner"    daemon [_thread_blocked, id=11772, stack(0x0000004995300000,0x0000004995400000) (1024K)]
  0x000001d6ec659b20 JavaThread "Live Reload Server"         daemon [_thread_in_native, id=11352, stack(0x0000004995c00000,0x0000004995d00000) (1024K)]
  0x000001d6f20b4360 JavaThread "DestroyJavaVM"                     [_thread_blocked, id=5216, stack(0x0000004992e00000,0x0000004992f00000) (1024K)]
  0x000001d6ed211de0 JavaThread "HikariPool-7 housekeeper"   daemon [_thread_blocked, id=11716, stack(0x0000004994000000,0x0000004994100000) (1024K)]
  0x000001d6ed20dc40 JavaThread "Catalina-utility-1"                [_thread_blocked, id=13828, stack(0x0000004994500000,0x0000004994600000) (1024K)]
  0x000001d6ed212470 JavaThread "Catalina-utility-2"                [_thread_blocked, id=3440, stack(0x0000004995000000,0x0000004995100000) (1024K)]
  0x000001d6ec6545d0 JavaThread "container-0"                       [_thread_blocked, id=2932, stack(0x0000004995100000,0x0000004995200000) (1024K)]
  0x000001d6ec656d30 JavaThread "File Watcher"               daemon [_thread_blocked, id=4640, stack(0x0000004995200000,0x0000004995300000) (1024K)]
  0x000001d6ec65a1b0 JavaThread "http-nio-8080-exec-1"       daemon [_thread_blocked, id=5212, stack(0x0000004995500000,0x0000004995600000) (1024K)]
  0x000001d6ec65b560 JavaThread "http-nio-8080-exec-2"       daemon [_thread_blocked, id=5140, stack(0x0000004995600000,0x0000004995700000) (1024K)]
  0x000001d6ec657a50 JavaThread "http-nio-8080-exec-3"       daemon [_thread_blocked, id=13460, stack(0x0000004995700000,0x0000004995800000) (1024K)]
  0x000001d6ec65bbf0 JavaThread "http-nio-8080-exec-4"       daemon [_thread_blocked, id=14140, stack(0x0000004995800000,0x0000004995900000) (1024K)]
  0x000001d6ec6580e0 JavaThread "http-nio-8080-exec-5"       daemon [_thread_blocked, id=504, stack(0x0000004995900000,0x0000004995a00000) (1024K)]
  0x000001d6ec658e00 JavaThread "http-nio-8080-exec-6"       daemon [_thread_blocked, id=2784, stack(0x0000004995a00000,0x0000004995b00000) (1024K)]
  0x000001d6ec654c60 JavaThread "http-nio-8080-exec-7"       daemon [_thread_blocked, id=4544, stack(0x0000004995b00000,0x0000004995c00000) (1024K)]
  0x000001d6ec6552f0 JavaThread "http-nio-8080-exec-8"       daemon [_thread_blocked, id=6692, stack(0x0000004995d00000,0x0000004995e00000) (1024K)]
  0x000001d6ec65a840 JavaThread "http-nio-8080-exec-9"       daemon [_thread_blocked, id=1376, stack(0x0000004995e00000,0x0000004995f00000) (1024K)]
  0x000001d6ec659490 JavaThread "http-nio-8080-exec-10"      daemon [_thread_blocked, id=10976, stack(0x0000004995f00000,0x0000004996000000) (1024K)]
  0x000001d6ec655980 JavaThread "http-nio-8080-Poller"       daemon [_thread_in_native, id=13108, stack(0x0000004996000000,0x0000004996100000) (1024K)]
  0x000001d6ec656010 JavaThread "http-nio-8080-Acceptor"     daemon [_thread_in_native, id=9960, stack(0x0000004996100000,0x0000004996200000) (1024K)]
Total: 36

Other Threads:
  0x000001d6e5b00a70 VMThread "VM Thread"                           [id=6484, stack(0x0000004993500000,0x0000004993600000) (1024K)]
  0x000001d6e5aea0a0 WatcherThread "VM Periodic Task Thread"        [id=6356, stack(0x0000004993400000,0x0000004993500000) (1024K)]
  0x000001d6c9032500 WorkerThread "GC Thread#0"                     [id=3096, stack(0x0000004992f00000,0x0000004993000000) (1024K)]
  0x000001d6eab82aa0 WorkerThread "GC Thread#1"                     [id=4084, stack(0x0000004994900000,0x0000004994a00000) (1024K)]
  0x000001d6eac663f0 WorkerThread "GC Thread#2"                     [id=10812, stack(0x0000004994a00000,0x0000004994b00000) (1024K)]
  0x000001d6eac61a00 WorkerThread "GC Thread#3"                     [id=9768, stack(0x0000004994b00000,0x0000004994c00000) (1024K)]
  0x000001d6eb07b900 WorkerThread "GC Thread#4"                     [id=6056, stack(0x0000004994c00000,0x0000004994d00000) (1024K)]
  0x000001d6eafb8200 WorkerThread "GC Thread#5"                     [id=6120, stack(0x0000004994d00000,0x0000004994e00000) (1024K)]
  0x000001d6eafb85a0 WorkerThread "GC Thread#6"                     [id=5920, stack(0x0000004994e00000,0x0000004994f00000) (1024K)]
  0x000001d6eafb8940 WorkerThread "GC Thread#7"                     [id=10744, stack(0x0000004994f00000,0x0000004995000000) (1024K)]
  0x000001d6c9044780 ConcurrentGCThread "G1 Main Marker"            [id=6128, stack(0x0000004993000000,0x0000004993100000) (1024K)]
  0x000001d6c9045280 WorkerThread "G1 Conc#0"                       [id=1552, stack(0x0000004993100000,0x0000004993200000) (1024K)]
  0x000001d6eb818f30 WorkerThread "G1 Conc#1"                       [id=3336, stack(0x0000004995400000,0x0000004995500000) (1024K)]
  0x000001d6c908eb80 ConcurrentGCThread "G1 Refine#0"               [id=8808, stack(0x0000004993200000,0x0000004993300000) (1024K)]
  0x000001d6e59ba130 ConcurrentGCThread "G1 Service"                [id=3444, stack(0x0000004993300000,0x0000004993400000) (1024K)]
Total: 15

Threads with active compile tasks:
C2 CompilerThread0  26130197 31446       4       org.hibernate.internal.SessionFactoryImpl::buildEntityManager (187 bytes)
Total: 1

VM state: not at safepoint (normal execution)

VM Mutex/Monitor currently owned by a thread: None

Heap address: 0x0000000083600000, size: 1994 MB, Compressed Oops mode: 32-bit

CDS archive(s) mapped at: [0x000001d680000000-0x000001d680c90000-0x000001d680c90000), size 13172736, SharedBaseAddress: 0x000001d680000000, ArchiveRelocationMode: 1.
Compressed class space mapped at: 0x000001d681000000-0x000001d6c1000000, reserved size: 1073741824
Narrow klass base: 0x000001d680000000, Narrow klass shift: 0, Narrow klass range: 0x100000000

GC Precious Log:
 CardTable entry size: 512
 Card Set container configuration: InlinePtr #cards 5 size 8 Array Of Cards #cards 12 size 40 Howl #buckets 4 coarsen threshold 1843 Howl Bitmap #cards 512 size 80 coarsen threshold 460 Card regions per heap region 1 cards per card region 2048
 CPUs: 8 total, 8 available
 Memory: 7969M
 Large Page Support: Disabled
 NUMA Support: Disabled
 Compressed Oops: Enabled (32-bit)
 Heap Region Size: 1M
 Heap Min Capacity: 8M
 Heap Initial Capacity: 126M
 Heap Max Capacity: 1994M
 Pre-touch: Disabled
 Parallel Workers: 8
 Concurrent Workers: 2
 Concurrent Refinement Workers: 8
 Periodic GC: Disabled

Heap:
 garbage-first heap   total 130048K, used 78006K [0x0000000083600000, 0x0000000100000000)
  region size 1024K, 35 young (35840K), 1 survivors (1024K)
 Metaspace       used 106759K, committed 107648K, reserved 1179648K
  class space    used 13494K, committed 13952K, reserved 1048576K

Heap Regions: E=young(eden), S=young(survivor), O=old, HS=humongous(starts), HC=humongous(continues), CS=collection set, F=free, TAMS=top-at-mark-start, PB=parsable bottom
|   0|0x0000000083600000, 0x0000000083700000, 0x0000000083700000|100%|HS|  |TAMS 0x0000000083600000| PB 0x0000000083600000| Complete 
|   1|0x0000000083700000, 0x00000000837ffff8, 0x0000000083800000| 99%| O|  |TAMS 0x0000000083700000| PB 0x0000000083700000| Untracked 
|   2|0x0000000083800000, 0x00000000838fffa8, 0x0000000083900000| 99%| O|  |TAMS 0x0000000083800000| PB 0x0000000083800000| Untracked 
|   3|0x0000000083900000, 0x0000000083a00000, 0x0000000083a00000|100%| O|  |TAMS 0x0000000083900000| PB 0x0000000083900000| Untracked 
|   4|0x0000000083a00000, 0x0000000083b00000, 0x0000000083b00000|100%| O|  |TAMS 0x0000000083a00000| PB 0x0000000083a00000| Untracked 
|   5|0x0000000083b00000, 0x0000000083bfffc8, 0x0000000083c00000| 99%| O|  |TAMS 0x0000000083b00000| PB 0x0000000083b00000| Untracked 
|   6|0x0000000083c00000, 0x0000000083cfffe8, 0x0000000083d00000| 99%| O|  |TAMS 0x0000000083c00000| PB 0x0000000083c00000| Untracked 
|   7|0x0000000083d00000, 0x0000000083e00000, 0x0000000083e00000|100%| O|  |TAMS 0x0000000083d00000| PB 0x0000000083d00000| Untracked 
|   8|0x0000000083e00000, 0x0000000083efffb8, 0x0000000083f00000| 99%| O|  |TAMS 0x0000000083e00000| PB 0x0000000083e00000| Untracked 
|   9|0x0000000083f00000, 0x0000000083ffffe8, 0x0000000084000000| 99%| O|  |TAMS 0x0000000083f00000| PB 0x0000000083f00000| Untracked 
|  10|0x0000000084000000, 0x00000000840fffe8, 0x0000000084100000| 99%| O|  |TAMS 0x0000000084000000| PB 0x0000000084000000| Untracked 
|  11|0x0000000084100000, 0x0000000084200000, 0x0000000084200000|100%| O|  |TAMS 0x0000000084100000| PB 0x0000000084100000| Untracked 
|  12|0x0000000084200000, 0x00000000842fffd0, 0x0000000084300000| 99%| O|  |TAMS 0x0000000084200000| PB 0x0000000084200000| Untracked 
|  13|0x0000000084300000, 0x0000000084400000, 0x0000000084400000|100%| O|  |TAMS 0x0000000084300000| PB 0x0000000084300000| Untracked 
|  14|0x0000000084400000, 0x00000000844fffe8, 0x0000000084500000| 99%| O|  |TAMS 0x0000000084400000| PB 0x0000000084400000| Untracked 
|  15|0x0000000084500000, 0x00000000845fff68, 0x0000000084600000| 99%| O|  |TAMS 0x0000000084500000| PB 0x0000000084500000| Untracked 
|  16|0x0000000084600000, 0x0000000084700000, 0x0000000084700000|100%| O|  |TAMS 0x0000000084600000| PB 0x0000000084600000| Untracked 
|  17|0x0000000084700000, 0x00000000847ffff0, 0x0000000084800000| 99%| O|  |TAMS 0x0000000084700000| PB 0x0000000084700000| Untracked 
|  18|0x0000000084800000, 0x00000000848ffff0, 0x0000000084900000| 99%| O|  |TAMS 0x0000000084800000| PB 0x0000000084800000| Untracked 
|  19|0x0000000084900000, 0x00000000849ffe68, 0x0000000084a00000| 99%| O|  |TAMS 0x0000000084900000| PB 0x0000000084900000| Untracked 
|  20|0x0000000084a00000, 0x0000000084b00000, 0x0000000084b00000|100%| O|  |TAMS 0x0000000084a00000| PB 0x0000000084a00000| Untracked 
|  21|0x0000000084b00000, 0x0000000084bfffd8, 0x0000000084c00000| 99%| O|  |TAMS 0x0000000084b00000| PB 0x0000000084b00000| Untracked 
|  22|0x0000000084c00000, 0x0000000084cffff8, 0x0000000084d00000| 99%| O|  |TAMS 0x0000000084c00000| PB 0x0000000084c00000| Untracked 
|  23|0x0000000084d00000, 0x0000000084dfffe8, 0x0000000084e00000| 99%| O|  |TAMS 0x0000000084d00000| PB 0x0000000084d00000| Untracked 
|  24|0x0000000084e00000, 0x0000000084f00000, 0x0000000084f00000|100%| O|  |TAMS 0x0000000084e00000| PB 0x0000000084e00000| Untracked 
|  25|0x0000000084f00000, 0x0000000085000000, 0x0000000085000000|100%| O|  |TAMS 0x0000000084f00000| PB 0x0000000084f00000| Untracked 
|  26|0x0000000085000000, 0x0000000085100000, 0x0000000085100000|100%| O|  |TAMS 0x0000000085000000| PB 0x0000000085000000| Untracked 
|  27|0x0000000085100000, 0x00000000851fff18, 0x0000000085200000| 99%| O|  |TAMS 0x0000000085100000| PB 0x0000000085100000| Untracked 
|  28|0x0000000085200000, 0x0000000085300000, 0x0000000085300000|100%| O|  |TAMS 0x0000000085200000| PB 0x0000000085200000| Untracked 
|  29|0x0000000085300000, 0x0000000085400000, 0x0000000085400000|100%| O|  |TAMS 0x0000000085300000| PB 0x0000000085300000| Untracked 
|  30|0x0000000085400000, 0x0000000085500000, 0x0000000085500000|100%| O|  |TAMS 0x0000000085400000| PB 0x0000000085400000| Untracked 
|  31|0x0000000085500000, 0x0000000085600000, 0x0000000085600000|100%| O|  |TAMS 0x0000000085500000| PB 0x0000000085500000| Untracked 
|  32|0x0000000085600000, 0x0000000085700000, 0x0000000085700000|100%| O|  |TAMS 0x0000000085600000| PB 0x0000000085600000| Untracked 
|  33|0x0000000085700000, 0x0000000085800000, 0x0000000085800000|100%| O|  |TAMS 0x0000000085700000| PB 0x0000000085700000| Untracked 
|  34|0x0000000085800000, 0x0000000085874e58, 0x0000000085900000| 45%| O|  |TAMS 0x0000000085800000| PB 0x0000000085800000| Untracked 
|  35|0x0000000085900000, 0x0000000085900000, 0x0000000085a00000|  0%| F|  |TAMS 0x0000000085900000| PB 0x0000000085900000| Untracked 
|  36|0x0000000085a00000, 0x0000000085b00000, 0x0000000085b00000|100%| O|  |TAMS 0x0000000085a00000| PB 0x0000000085a00000| Untracked 
|  37|0x0000000085b00000, 0x0000000085b00000, 0x0000000085c00000|  0%| F|  |TAMS 0x0000000085b00000| PB 0x0000000085b00000| Untracked 
|  38|0x0000000085c00000, 0x0000000085d00000, 0x0000000085d00000|100%| O|  |TAMS 0x0000000085c00000| PB 0x0000000085c00000| Untracked 
|  39|0x0000000085d00000, 0x0000000085e00000, 0x0000000085e00000|100%| O|Cm|TAMS 0x0000000085d00000| PB 0x0000000085d00000| Complete 
|  40|0x0000000085e00000, 0x0000000085f00000, 0x0000000085f00000|100%| O|  |TAMS 0x0000000085e00000| PB 0x0000000085e00000| Untracked 
|  41|0x0000000085f00000, 0x0000000085f00000, 0x0000000086000000|  0%| F|  |TAMS 0x0000000085f00000| PB 0x0000000085f00000| Untracked 
|  42|0x0000000086000000, 0x0000000086000000, 0x0000000086100000|  0%| F|  |TAMS 0x0000000086000000| PB 0x0000000086000000| Untracked 
|  43|0x0000000086100000, 0x0000000086100000, 0x0000000086200000|  0%| F|  |TAMS 0x0000000086100000| PB 0x0000000086100000| Untracked 
|  44|0x0000000086200000, 0x0000000086200000, 0x0000000086300000|  0%| F|  |TAMS 0x0000000086200000| PB 0x0000000086200000| Untracked 
|  45|0x0000000086300000, 0x0000000086400000, 0x0000000086400000|100%| O|  |TAMS 0x0000000086300000| PB 0x0000000086300000| Untracked 
|  46|0x0000000086400000, 0x0000000086500000, 0x0000000086500000|100%| O|Cm|TAMS 0x0000000086400000| PB 0x0000000086400000| Complete 
|  47|0x0000000086500000, 0x0000000086600000, 0x0000000086600000|100%| O|  |TAMS 0x0000000086500000| PB 0x0000000086500000| Untracked 
|  48|0x0000000086600000, 0x0000000086600000, 0x0000000086700000|  0%| F|  |TAMS 0x0000000086600000| PB 0x0000000086600000| Untracked 
|  49|0x0000000086700000, 0x0000000086700000, 0x0000000086800000|  0%| F|  |TAMS 0x0000000086700000| PB 0x0000000086700000| Untracked 
|  50|0x0000000086800000, 0x0000000086800000, 0x0000000086900000|  0%| F|  |TAMS 0x0000000086800000| PB 0x0000000086800000| Untracked 
|  51|0x0000000086900000, 0x0000000086a00000, 0x0000000086a00000|100%| O|  |TAMS 0x0000000086900000| PB 0x0000000086900000| Untracked 
|  52|0x0000000086a00000, 0x0000000086a00000, 0x0000000086b00000|  0%| F|  |TAMS 0x0000000086a00000| PB 0x0000000086a00000| Untracked 
|  53|0x0000000086b00000, 0x0000000086bb91a0, 0x0000000086c00000| 72%| S|CS|TAMS 0x0000000086b00000| PB 0x0000000086b00000| Complete 
|  54|0x0000000086c00000, 0x0000000086c00000, 0x0000000086d00000|  0%| F|  |TAMS 0x0000000086c00000| PB 0x0000000086c00000| Untracked 
|  55|0x0000000086d00000, 0x0000000086d00000, 0x0000000086e00000|  0%| F|  |TAMS 0x0000000086d00000| PB 0x0000000086d00000| Untracked 
|  56|0x0000000086e00000, 0x0000000086e00000, 0x0000000086f00000|  0%| F|  |TAMS 0x0000000086e00000| PB 0x0000000086e00000| Untracked 
|  57|0x0000000086f00000, 0x0000000086f00000, 0x0000000087000000|  0%| F|  |TAMS 0x0000000086f00000| PB 0x0000000086f00000| Untracked 
|  58|0x0000000087000000, 0x0000000087000000, 0x0000000087100000|  0%| F|  |TAMS 0x0000000087000000| PB 0x0000000087000000| Untracked 
|  59|0x0000000087100000, 0x0000000087100000, 0x0000000087200000|  0%| F|  |TAMS 0x0000000087100000| PB 0x0000000087100000| Untracked 
|  60|0x0000000087200000, 0x0000000087200000, 0x0000000087300000|  0%| F|  |TAMS 0x0000000087200000| PB 0x0000000087200000| Untracked 
|  61|0x0000000087300000, 0x0000000087300000, 0x0000000087400000|  0%| F|  |TAMS 0x0000000087300000| PB 0x0000000087300000| Untracked 
|  62|0x0000000087400000, 0x0000000087400000, 0x0000000087500000|  0%| F|  |TAMS 0x0000000087400000| PB 0x0000000087400000| Untracked 
|  63|0x0000000087500000, 0x0000000087500000, 0x0000000087600000|  0%| F|  |TAMS 0x0000000087500000| PB 0x0000000087500000| Untracked 
|  64|0x0000000087600000, 0x0000000087600000, 0x0000000087700000|  0%| F|  |TAMS 0x0000000087600000| PB 0x0000000087600000| Untracked 
|  65|0x0000000087700000, 0x0000000087700000, 0x0000000087800000|  0%| F|  |TAMS 0x0000000087700000| PB 0x0000000087700000| Untracked 
|  66|0x0000000087800000, 0x0000000087800000, 0x0000000087900000|  0%| F|  |TAMS 0x0000000087800000| PB 0x0000000087800000| Untracked 
|  67|0x0000000087900000, 0x0000000087900000, 0x0000000087a00000|  0%| F|  |TAMS 0x0000000087900000| PB 0x0000000087900000| Untracked 
|  68|0x0000000087a00000, 0x0000000087a00000, 0x0000000087b00000|  0%| F|  |TAMS 0x0000000087a00000| PB 0x0000000087a00000| Untracked 
|  69|0x0000000087b00000, 0x0000000087b00000, 0x0000000087c00000|  0%| F|  |TAMS 0x0000000087b00000| PB 0x0000000087b00000| Untracked 
|  70|0x0000000087c00000, 0x0000000087c00000, 0x0000000087d00000|  0%| F|  |TAMS 0x0000000087c00000| PB 0x0000000087c00000| Untracked 
|  71|0x0000000087d00000, 0x0000000087d00000, 0x0000000087e00000|  0%| F|  |TAMS 0x0000000087d00000| PB 0x0000000087d00000| Untracked 
|  72|0x0000000087e00000, 0x0000000087e00000, 0x0000000087f00000|  0%| F|  |TAMS 0x0000000087e00000| PB 0x0000000087e00000| Untracked 
|  73|0x0000000087f00000, 0x0000000087f00000, 0x0000000088000000|  0%| F|  |TAMS 0x0000000087f00000| PB 0x0000000087f00000| Untracked 
|  74|0x0000000088000000, 0x0000000088000000, 0x0000000088100000|  0%| F|  |TAMS 0x0000000088000000| PB 0x0000000088000000| Untracked 
|  75|0x0000000088100000, 0x0000000088100000, 0x0000000088200000|  0%| F|  |TAMS 0x0000000088100000| PB 0x0000000088100000| Untracked 
|  76|0x0000000088200000, 0x0000000088200000, 0x0000000088300000|  0%| F|  |TAMS 0x0000000088200000| PB 0x0000000088200000| Untracked 
|  77|0x0000000088300000, 0x0000000088300000, 0x0000000088400000|  0%| F|  |TAMS 0x0000000088300000| PB 0x0000000088300000| Untracked 
|  78|0x0000000088400000, 0x0000000088400000, 0x0000000088500000|  0%| F|  |TAMS 0x0000000088400000| PB 0x0000000088400000| Untracked 
|  79|0x0000000088500000, 0x0000000088500000, 0x0000000088600000|  0%| F|  |TAMS 0x0000000088500000| PB 0x0000000088500000| Untracked 
|  80|0x0000000088600000, 0x0000000088600000, 0x0000000088700000|  0%| F|  |TAMS 0x0000000088600000| PB 0x0000000088600000| Untracked 
|  81|0x0000000088700000, 0x0000000088700000, 0x0000000088800000|  0%| F|  |TAMS 0x0000000088700000| PB 0x0000000088700000| Untracked 
|  82|0x0000000088800000, 0x0000000088800000, 0x0000000088900000|  0%| F|  |TAMS 0x0000000088800000| PB 0x0000000088800000| Untracked 
|  83|0x0000000088900000, 0x0000000088900000, 0x0000000088a00000|  0%| F|  |TAMS 0x0000000088900000| PB 0x0000000088900000| Untracked 
|  84|0x0000000088a00000, 0x0000000088a00000, 0x0000000088b00000|  0%| F|  |TAMS 0x0000000088a00000| PB 0x0000000088a00000| Untracked 
|  85|0x0000000088b00000, 0x0000000088b00000, 0x0000000088c00000|  0%| F|  |TAMS 0x0000000088b00000| PB 0x0000000088b00000| Untracked 
|  86|0x0000000088c00000, 0x0000000088c00000, 0x0000000088d00000|  0%| F|  |TAMS 0x0000000088c00000| PB 0x0000000088c00000| Untracked 
|  87|0x0000000088d00000, 0x0000000088d00000, 0x0000000088e00000|  0%| F|  |TAMS 0x0000000088d00000| PB 0x0000000088d00000| Untracked 
|  88|0x0000000088e00000, 0x0000000088e00000, 0x0000000088f00000|  0%| F|  |TAMS 0x0000000088e00000| PB 0x0000000088e00000| Untracked 
|  89|0x0000000088f00000, 0x0000000088f00000, 0x0000000089000000|  0%| F|  |TAMS 0x0000000088f00000| PB 0x0000000088f00000| Untracked 
|  90|0x0000000089000000, 0x0000000089000000, 0x0000000089100000|  0%| F|  |TAMS 0x0000000089000000| PB 0x0000000089000000| Untracked 
|  91|0x0000000089100000, 0x0000000089100000, 0x0000000089200000|  0%| F|  |TAMS 0x0000000089100000| PB 0x0000000089100000| Untracked 
|  92|0x0000000089200000, 0x0000000089200000, 0x0000000089300000|  0%| F|  |TAMS 0x0000000089200000| PB 0x0000000089200000| Untracked 
|  93|0x0000000089300000, 0x00000000893e1108, 0x0000000089400000| 87%| E|  |TAMS 0x0000000089300000| PB 0x0000000089300000| Complete 
|  94|0x0000000089400000, 0x0000000089500000, 0x0000000089500000|100%| E|CS|TAMS 0x0000000089400000| PB 0x0000000089400000| Complete 
|  95|0x0000000089500000, 0x0000000089600000, 0x0000000089600000|100%| E|CS|TAMS 0x0000000089500000| PB 0x0000000089500000| Complete 
|  96|0x0000000089600000, 0x0000000089700000, 0x0000000089700000|100%| E|CS|TAMS 0x0000000089600000| PB 0x0000000089600000| Complete 
|  97|0x0000000089700000, 0x0000000089800000, 0x0000000089800000|100%| E|CS|TAMS 0x0000000089700000| PB 0x0000000089700000| Complete 
|  98|0x0000000089800000, 0x0000000089900000, 0x0000000089900000|100%| E|CS|TAMS 0x0000000089800000| PB 0x0000000089800000| Complete 
|  99|0x0000000089900000, 0x0000000089a00000, 0x0000000089a00000|100%| E|CS|TAMS 0x0000000089900000| PB 0x0000000089900000| Complete 
| 100|0x0000000089a00000, 0x0000000089b00000, 0x0000000089b00000|100%| E|CS|TAMS 0x0000000089a00000| PB 0x0000000089a00000| Complete 
| 101|0x0000000089b00000, 0x0000000089c00000, 0x0000000089c00000|100%| E|CS|TAMS 0x0000000089b00000| PB 0x0000000089b00000| Complete 
| 102|0x0000000089c00000, 0x0000000089d00000, 0x0000000089d00000|100%| E|CS|TAMS 0x0000000089c00000| PB 0x0000000089c00000| Complete 
| 103|0x0000000089d00000, 0x0000000089e00000, 0x0000000089e00000|100%| E|CS|TAMS 0x0000000089d00000| PB 0x0000000089d00000| Complete 
| 104|0x0000000089e00000, 0x0000000089f00000, 0x0000000089f00000|100%| E|CS|TAMS 0x0000000089e00000| PB 0x0000000089e00000| Complete 
| 105|0x0000000089f00000, 0x000000008a000000, 0x000000008a000000|100%| E|CS|TAMS 0x0000000089f00000| PB 0x0000000089f00000| Complete 
| 106|0x000000008a000000, 0x000000008a100000, 0x000000008a100000|100%| E|CS|TAMS 0x000000008a000000| PB 0x000000008a000000| Complete 
| 107|0x000000008a100000, 0x000000008a200000, 0x000000008a200000|100%| E|CS|TAMS 0x000000008a100000| PB 0x000000008a100000| Complete 
| 108|0x000000008a200000, 0x000000008a300000, 0x000000008a300000|100%| E|CS|TAMS 0x000000008a200000| PB 0x000000008a200000| Complete 
| 109|0x000000008a300000, 0x000000008a400000, 0x000000008a400000|100%| E|CS|TAMS 0x000000008a300000| PB 0x000000008a300000| Complete 
| 110|0x000000008a400000, 0x000000008a500000, 0x000000008a500000|100%| E|CS|TAMS 0x000000008a400000| PB 0x000000008a400000| Complete 
| 111|0x000000008a500000, 0x000000008a600000, 0x000000008a600000|100%| E|CS|TAMS 0x000000008a500000| PB 0x000000008a500000| Complete 
| 112|0x000000008a600000, 0x000000008a700000, 0x000000008a700000|100%| E|CS|TAMS 0x000000008a600000| PB 0x000000008a600000| Complete 
| 113|0x000000008a700000, 0x000000008a800000, 0x000000008a800000|100%| E|CS|TAMS 0x000000008a700000| PB 0x000000008a700000| Complete 
| 114|0x000000008a800000, 0x000000008a900000, 0x000000008a900000|100%| E|CS|TAMS 0x000000008a800000| PB 0x000000008a800000| Complete 
| 115|0x000000008a900000, 0x000000008aa00000, 0x000000008aa00000|100%| E|CS|TAMS 0x000000008a900000| PB 0x000000008a900000| Complete 
| 116|0x000000008aa00000, 0x000000008ab00000, 0x000000008ab00000|100%| E|CS|TAMS 0x000000008aa00000| PB 0x000000008aa00000| Complete 
| 117|0x000000008ab00000, 0x000000008ac00000, 0x000000008ac00000|100%| E|CS|TAMS 0x000000008ab00000| PB 0x000000008ab00000| Complete 
| 118|0x000000008ac00000, 0x000000008ad00000, 0x000000008ad00000|100%| E|CS|TAMS 0x000000008ac00000| PB 0x000000008ac00000| Complete 
| 119|0x000000008ad00000, 0x000000008ae00000, 0x000000008ae00000|100%| E|CS|TAMS 0x000000008ad00000| PB 0x000000008ad00000| Complete 
| 120|0x000000008ae00000, 0x000000008af00000, 0x000000008af00000|100%| E|CS|TAMS 0x000000008ae00000| PB 0x000000008ae00000| Complete 
| 121|0x000000008af00000, 0x000000008b000000, 0x000000008b000000|100%| E|CS|TAMS 0x000000008af00000| PB 0x000000008af00000| Complete 
| 122|0x000000008b000000, 0x000000008b100000, 0x000000008b100000|100%| E|CS|TAMS 0x000000008b000000| PB 0x000000008b000000| Complete 
| 123|0x000000008b100000, 0x000000008b200000, 0x000000008b200000|100%| E|CS|TAMS 0x000000008b100000| PB 0x000000008b100000| Complete 
| 124|0x000000008b200000, 0x000000008b300000, 0x000000008b300000|100%| E|CS|TAMS 0x000000008b200000| PB 0x000000008b200000| Complete 
| 125|0x000000008b300000, 0x000000008b400000, 0x000000008b400000|100%| E|CS|TAMS 0x000000008b300000| PB 0x000000008b300000| Complete 
| 126|0x000000008b400000, 0x000000008b500000, 0x000000008b500000|100%| E|CS|TAMS 0x000000008b400000| PB 0x000000008b400000| Complete 

Card table byte_map: [0x000001d6e0dc0000,0x000001d6e11b0000] _byte_map_base: 0x000001d6e09a5000

Marking Bits: (CMBitMap*) 0x000001d6c9032c00
 Bits: [0x000001d6e11b0000, 0x000001d6e30d8000)

Polling page: 0x000001d6c8790000

Metaspace:

Usage:
  Non-class:     91.08 MB used.
      Class:     13.18 MB used.
       Both:    104.26 MB used.

Virtual space:
  Non-class space:      128.00 MB reserved,      91.50 MB ( 71%) committed,  2 nodes.
      Class space:        1.00 GB reserved,      13.62 MB (  1%) committed,  1 nodes.
             Both:        1.12 GB reserved,     105.12 MB (  9%) committed. 

Chunk freelists:
   Non-Class:  3.78 MB
       Class:  2.50 MB
        Both:  6.28 MB

MaxMetaspaceSize: unlimited
CompressedClassSpaceSize: 1.00 GB
Initial GC threshold: 21.00 MB
Current GC threshold: 175.00 MB
CDS: on
 - commit_granule_bytes: 65536.
 - commit_granule_words: 8192.
 - virtual_space_node_default_size: 8388608.
 - enlarge_chunks_in_place: 1.
 - use_allocation_guard: 0.


Internal statistics:

num_allocs_failed_limit: 9.
num_arena_births: 2828.
num_arena_deaths: 1696.
num_vsnodes_births: 3.
num_vsnodes_deaths: 0.
num_space_committed: 1685.
num_space_uncommitted: 3.
num_chunks_returned_to_freelist: 2343.
num_chunks_taken_from_freelist: 8013.
num_chunk_merges: 422.
num_chunk_splits: 4386.
num_chunks_enlarged: 3040.
num_inconsistent_stats: 0.

CodeHeap 'non-profiled nmethods': size=120000Kb used=11450Kb max_used=13346Kb free=108550Kb
 bounds [0x000001d6d9170000, 0x000001d6d9eb0000, 0x000001d6e06a0000]
CodeHeap 'profiled nmethods': size=120000Kb used=12109Kb max_used=32056Kb free=107890Kb
 bounds [0x000001d6d16a0000, 0x000001d6d35f0000, 0x000001d6d8bd0000]
CodeHeap 'non-nmethods': size=5760Kb used=1802Kb max_used=1860Kb free=3958Kb
 bounds [0x000001d6d8bd0000, 0x000001d6d8e40000, 0x000001d6d9170000]
 total_blobs=6905 nmethods=6105 adapters=702
 compilation: enabled
              stopped_count=0, restarted_count=0
 full_count=0

Compilation events (20 events):
Event: 26129.785 Thread 0x000001d6e5b356e0 nmethod 31436 0x000001d6d97ebb10 code [0x000001d6d97ebd40, 0x000001d6d97ec978]
Event: 26129.785 Thread 0x000001d6e5b356e0 31437   !   4       org.apache.coyote.http11.Http11Processor::ack (58 bytes)
Event: 26129.786 Thread 0x000001d6e5b356e0 nmethod 31437 0x000001d6d9b07890 code [0x000001d6d9b07a20, 0x000001d6d9b07b70]
Event: 26129.895 Thread 0x000001d6e5b356e0 31438       4       com.fasterxml.jackson.annotation.JsonAutoDetect$Visibility::isVisible (92 bytes)
Event: 26129.896 Thread 0x000001d6e5b356e0 nmethod 31438 0x000001d6d9bc1810 code [0x000001d6d9bc19a0, 0x000001d6d9bc1ad0]
Event: 26129.898 Thread 0x000001d6e5b356e0 31439       4       org.hibernate.engine.internal.StatefulPersistenceContext::clear (191 bytes)
Event: 26129.931 Thread 0x000001d6e5b356e0 nmethod 31439 0x000001d6d9531e10 code [0x000001d6d95320c0, 0x000001d6d9533748]
Event: 26129.931 Thread 0x000001d6e5b356e0 31440       4       java.util.concurrent.ConcurrentLinkedDeque::unlink (335 bytes)
Event: 26129.946 Thread 0x000001d6e5b356e0 nmethod 31440 0x000001d6d9543c90 code [0x000001d6d9543ee0, 0x000001d6d9544c90]
Event: 26129.978 Thread 0x000001d6e5b356e0 31441       4       org.apache.coyote.Request::action (37 bytes)
Event: 26129.979 Thread 0x000001d6e5b356e0 nmethod 31441 0x000001d6d9c0e590 code [0x000001d6d9c0e740, 0x000001d6d9c0e888]
Event: 26129.996 Thread 0x000001d6e5b356e0 31442   !   4       sun.nio.ch.WEPollSelectorImpl::clearInterrupt (31 bytes)
Event: 26129.997 Thread 0x000001d6e5b356e0 nmethod 31442 0x000001d6d94fc290 code [0x000001d6d94fc420, 0x000001d6d94fc710]
Event: 26130.001 Thread 0x000001d6e5b356e0 31443   !   4       sun.nio.ch.IOUtil::readIntoNativeBuffer (169 bytes)
Event: 26130.004 Thread 0x000001d6e5b356e0 nmethod 31443 0x000001d6d9ae4090 code [0x000001d6d9ae4280, 0x000001d6d9ae4678]
Event: 26130.017 Thread 0x000001d6e5b356e0 31444   !   4       sun.nio.ch.IOUtil::read (133 bytes)
Event: 26130.037 Thread 0x000001d6e5b356e0 nmethod 31444 0x000001d6d965d310 code [0x000001d6d965d660, 0x000001d6d965ec78]
Event: 26130.037 Thread 0x000001d6e5b356e0 31445       4       org.hibernate.event.internal.AbstractFlushingEventListener::getCascadingAction (17 bytes)
Event: 26130.038 Thread 0x000001d6e5b356e0 nmethod 31445 0x000001d6d925e790 code [0x000001d6d925e920, 0x000001d6d925e9d0]
Event: 26130.076 Thread 0x000001d6e5b356e0 31446       4       org.hibernate.internal.SessionFactoryImpl::buildEntityManager (187 bytes)

GC Heap History (20 events):
Event: 26112.960 GC heap before
{Heap before GC invocations=112 (full 6):
 garbage-first heap   total 130048K, used 118718K [0x0000000083600000, 0x0000000100000000)
  region size 1024K, 75 young (76800K), 4 survivors (4096K)
 Metaspace       used 106805K, committed 107648K, reserved 1179648K
  class space    used 13506K, committed 13952K, reserved 1048576K
}
Event: 26112.967 GC heap after
{Heap after GC invocations=113 (full 6):
 garbage-first heap   total 130048K, used 46251K [0x0000000083600000, 0x0000000100000000)
  region size 1024K, 5 young (5120K), 5 survivors (5120K)
 Metaspace       used 106805K, committed 107648K, reserved 1179648K
  class space    used 13506K, committed 13952K, reserved 1048576K
}
Event: 26114.644 GC heap before
{Heap before GC invocations=113 (full 6):
 garbage-first heap   total 130048K, used 116907K [0x0000000083600000, 0x0000000100000000)
  region size 1024K, 74 young (75776K), 5 survivors (5120K)
 Metaspace       used 106806K, committed 107648K, reserved 1179648K
  class space    used 13507K, committed 13952K, reserved 1048576K
}
Event: 26114.652 GC heap after
{Heap after GC invocations=114 (full 6):
 garbage-first heap   total 130048K, used 45087K [0x0000000083600000, 0x0000000100000000)
  region size 1024K, 4 young (4096K), 4 survivors (4096K)
 Metaspace       used 106806K, committed 107648K, reserved 1179648K
  class space    used 13507K, committed 13952K, reserved 1048576K
}
Event: 26116.287 GC heap before
{Heap before GC invocations=114 (full 6):
 garbage-first heap   total 130048K, used 117791K [0x0000000083600000, 0x0000000100000000)
  region size 1024K, 75 young (76800K), 4 survivors (4096K)
 Metaspace       used 106807K, committed 107648K, reserved 1179648K
  class space    used 13507K, committed 13952K, reserved 1048576K
}
Event: 26116.296 GC heap after
{Heap after GC invocations=115 (full 6):
 garbage-first heap   total 130048K, used 45264K [0x0000000083600000, 0x0000000100000000)
  region size 1024K, 3 young (3072K), 3 survivors (3072K)
 Metaspace       used 106807K, committed 107648K, reserved 1179648K
  class space    used 13507K, committed 13952K, reserved 1048576K
}
Event: 26117.852 GC heap before
{Heap before GC invocations=116 (full 6):
 garbage-first heap   total 130048K, used 117968K [0x0000000083600000, 0x0000000100000000)
  region size 1024K, 75 young (76800K), 3 survivors (3072K)
 Metaspace       used 106808K, committed 107648K, reserved 1179648K
  class space    used 13507K, committed 13952K, reserved 1048576K
}
Event: 26117.858 GC heap after
{Heap after GC invocations=117 (full 6):
 garbage-first heap   total 130048K, used 45523K [0x0000000083600000, 0x0000000100000000)
  region size 1024K, 3 young (3072K), 3 survivors (3072K)
 Metaspace       used 106808K, committed 107648K, reserved 1179648K
  class space    used 13507K, committed 13952K, reserved 1048576K
}
Event: 26119.575 GC heap before
{Heap before GC invocations=117 (full 6):
 garbage-first heap   total 130048K, used 119251K [0x0000000083600000, 0x0000000100000000)
  region size 1024K, 75 young (76800K), 3 survivors (3072K)
 Metaspace       used 106813K, committed 107648K, reserved 1179648K
  class space    used 13508K, committed 13952K, reserved 1048576K
}
Event: 26119.585 GC heap after
{Heap after GC invocations=118 (full 6):
 garbage-first heap   total 130048K, used 45042K [0x0000000083600000, 0x0000000100000000)
  region size 1024K, 3 young (3072K), 3 survivors (3072K)
 Metaspace       used 106813K, committed 107648K, reserved 1179648K
  class space    used 13508K, committed 13952K, reserved 1048576K
}
Event: 26121.358 GC heap before
{Heap before GC invocations=118 (full 6):
 garbage-first heap   total 130048K, used 117746K [0x0000000083600000, 0x0000000100000000)
  region size 1024K, 75 young (76800K), 3 survivors (3072K)
 Metaspace       used 106813K, committed 107648K, reserved 1179648K
  class space    used 13508K, committed 13952K, reserved 1048576K
}
Event: 26121.364 GC heap after
{Heap after GC invocations=119 (full 6):
 garbage-first heap   total 130048K, used 44824K [0x0000000083600000, 0x0000000100000000)
  region size 1024K, 3 young (3072K), 3 survivors (3072K)
 Metaspace       used 106813K, committed 107648K, reserved 1179648K
  class space    used 13508K, committed 13952K, reserved 1048576K
}
Event: 26123.421 GC heap before
{Heap before GC invocations=120 (full 6):
 garbage-first heap   total 130048K, used 117528K [0x0000000083600000, 0x0000000100000000)
  region size 1024K, 75 young (76800K), 3 survivors (3072K)
 Metaspace       used 106754K, committed 107648K, reserved 1179648K
  class space    used 13492K, committed 13952K, reserved 1048576K
}
Event: 26123.424 GC heap after
{Heap after GC invocations=121 (full 6):
 garbage-first heap   total 130048K, used 44868K [0x0000000083600000, 0x0000000100000000)
  region size 1024K, 3 young (3072K), 3 survivors (3072K)
 Metaspace       used 106754K, committed 107648K, reserved 1179648K
  class space    used 13492K, committed 13952K, reserved 1048576K
}
Event: 26125.036 GC heap before
{Heap before GC invocations=121 (full 6):
 garbage-first heap   total 130048K, used 118596K [0x0000000083600000, 0x0000000100000000)
  region size 1024K, 75 young (76800K), 3 survivors (3072K)
 Metaspace       used 106756K, committed 107648K, reserved 1179648K
  class space    used 13493K, committed 13952K, reserved 1048576K
}
Event: 26125.047 GC heap after
{Heap after GC invocations=122 (full 6):
 garbage-first heap   total 130048K, used 44175K [0x0000000083600000, 0x0000000100000000)
  region size 1024K, 2 young (2048K), 2 survivors (2048K)
 Metaspace       used 106756K, committed 107648K, reserved 1179648K
  class space    used 13493K, committed 13952K, reserved 1048576K
}
Event: 26128.180 GC heap before
{Heap before GC invocations=122 (full 6):
 garbage-first heap   total 130048K, used 119951K [0x0000000083600000, 0x0000000100000000)
  region size 1024K, 76 young (77824K), 2 survivors (2048K)
 Metaspace       used 106759K, committed 107648K, reserved 1179648K
  class space    used 13494K, committed 13952K, reserved 1048576K
}
Event: 26128.184 GC heap after
{Heap after GC invocations=123 (full 6):
 garbage-first heap   total 130048K, used 44257K [0x0000000083600000, 0x0000000100000000)
  region size 1024K, 2 young (2048K), 2 survivors (2048K)
 Metaspace       used 106759K, committed 107648K, reserved 1179648K
  class space    used 13494K, committed 13952K, reserved 1048576K
}
Event: 26129.605 GC heap before
{Heap before GC invocations=124 (full 6):
 garbage-first heap   total 130048K, used 119009K [0x0000000083600000, 0x0000000100000000)
  region size 1024K, 75 young (76800K), 2 survivors (2048K)
 Metaspace       used 106759K, committed 107648K, reserved 1179648K
  class space    used 13494K, committed 13952K, reserved 1048576K
}
Event: 26129.609 GC heap after
{Heap after GC invocations=125 (full 6):
 garbage-first heap   total 130048K, used 44214K [0x0000000083600000, 0x0000000100000000)
  region size 1024K, 1 young (1024K), 1 survivors (1024K)
 Metaspace       used 106759K, committed 107648K, reserved 1179648K
  class space    used 13494K, committed 13952K, reserved 1048576K
}

Dll operation events (11 events):
Event: 0.023 Loaded shared library C:\Program Files\Eclipse Adoptium\jdk-21.0.3.9-hotspot\bin\java.dll
Event: 0.110 Loaded shared library C:\Program Files\Eclipse Adoptium\jdk-21.0.3.9-hotspot\bin\jsvml.dll
Event: 0.155 Loaded shared library C:\Program Files\Eclipse Adoptium\jdk-21.0.3.9-hotspot\bin\jimage.dll
Event: 0.160 Loaded shared library C:\Program Files\Eclipse Adoptium\jdk-21.0.3.9-hotspot\bin\net.dll
Event: 0.162 Loaded shared library C:\Program Files\Eclipse Adoptium\jdk-21.0.3.9-hotspot\bin\nio.dll
Event: 0.164 Loaded shared library C:\Program Files\Eclipse Adoptium\jdk-21.0.3.9-hotspot\bin\zip.dll
Event: 0.201 Loaded shared library C:\Program Files\Eclipse Adoptium\jdk-21.0.3.9-hotspot\bin\management.dll
Event: 0.217 Loaded shared library C:\Program Files\Eclipse Adoptium\jdk-21.0.3.9-hotspot\bin\management_ext.dll
Event: 0.442 Loaded shared library C:\Program Files\Eclipse Adoptium\jdk-21.0.3.9-hotspot\bin\extnet.dll
Event: 1.603 Loaded shared library C:\Program Files\Eclipse Adoptium\jdk-21.0.3.9-hotspot\bin\sunmscapi.dll
Event: 4.353 Loaded shared library C:\Program Files\Eclipse Adoptium\jdk-21.0.3.9-hotspot\bin\verify.dll

Deoptimization events (20 events):
Event: 26126.565 Thread 0x000001d6ec6552f0 DEOPT PACKING pc=0x000001d6d95c995c sp=0x0000004995dfe6b0
Event: 26126.565 Thread 0x000001d6ec6580e0 DEOPT PACKING pc=0x000001d6d95c995c sp=0x00000049959fea20
Event: 26126.565 Thread 0x000001d6ec6580e0 DEOPT UNPACKING pc=0x000001d6d8c246a2 sp=0x00000049959fe990 mode 2
Event: 26126.565 Thread 0x000001d6ec6552f0 DEOPT UNPACKING pc=0x000001d6d8c246a2 sp=0x0000004995dfe620 mode 2
Event: 26129.275 Thread 0x000001d6ec6580e0 Uncommon trap: trap_request=0xffffffd6 fr.pc=0x000001d6d996cfb8 relative=0x0000000000002498
Event: 26129.275 Thread 0x000001d6ec6580e0 Uncommon trap: reason=array_check action=maybe_recompile pc=0x000001d6d996cfb8 method=org.hibernate.sql.exec.spi.JdbcParametersList$Builder.add(Lorg/hibernate/sql/ast/tree/expression/JdbcParameter;)V @ 70 c2
Event: 26129.275 Thread 0x000001d6ec6580e0 DEOPT PACKING pc=0x000001d6d996cfb8 sp=0x00000049959f95e0
Event: 26129.275 Thread 0x000001d6ec6580e0 DEOPT UNPACKING pc=0x000001d6d8c246a2 sp=0x00000049959f9420 mode 2
Event: 26129.285 Thread 0x000001d6ec657a50 Uncommon trap: trap_request=0xffffffd6 fr.pc=0x000001d6d996cfb8 relative=0x0000000000002498
Event: 26129.285 Thread 0x000001d6ec657a50 Uncommon trap: reason=array_check action=maybe_recompile pc=0x000001d6d996cfb8 method=org.hibernate.sql.exec.spi.JdbcParametersList$Builder.add(Lorg/hibernate/sql/ast/tree/expression/JdbcParameter;)V @ 70 c2
Event: 26129.285 Thread 0x000001d6ec657a50 DEOPT PACKING pc=0x000001d6d996cfb8 sp=0x00000049957f94d0
Event: 26129.285 Thread 0x000001d6ec657a50 DEOPT UNPACKING pc=0x000001d6d8c246a2 sp=0x00000049957f9310 mode 2
Event: 26129.295 Thread 0x000001d6ec65a840 Uncommon trap: trap_request=0xffffffd6 fr.pc=0x000001d6d996cfb8 relative=0x0000000000002498
Event: 26129.295 Thread 0x000001d6ec65a840 Uncommon trap: reason=array_check action=maybe_recompile pc=0x000001d6d996cfb8 method=org.hibernate.sql.exec.spi.JdbcParametersList$Builder.add(Lorg/hibernate/sql/ast/tree/expression/JdbcParameter;)V @ 70 c2
Event: 26129.295 Thread 0x000001d6ec65a840 DEOPT PACKING pc=0x000001d6d996cfb8 sp=0x0000004995ef9600
Event: 26129.295 Thread 0x000001d6ec65a840 DEOPT UNPACKING pc=0x000001d6d8c246a2 sp=0x0000004995ef9440 mode 2
Event: 26129.307 Thread 0x000001d6ec659490 Uncommon trap: trap_request=0xffffffd6 fr.pc=0x000001d6d996cfb8 relative=0x0000000000002498
Event: 26129.308 Thread 0x000001d6ec659490 Uncommon trap: reason=array_check action=maybe_recompile pc=0x000001d6d996cfb8 method=org.hibernate.sql.exec.spi.JdbcParametersList$Builder.add(Lorg/hibernate/sql/ast/tree/expression/JdbcParameter;)V @ 70 c2
Event: 26129.308 Thread 0x000001d6ec659490 DEOPT PACKING pc=0x000001d6d996cfb8 sp=0x0000004995ff9250
Event: 26129.308 Thread 0x000001d6ec659490 DEOPT UNPACKING pc=0x000001d6d8c246a2 sp=0x0000004995ff9090 mode 2

Classes loaded (20 events):
Event: 15752.529 Loading class java/util/ResourceBundle$Control$1
Event: 15752.532 Loading class java/util/ResourceBundle$Control$1 done
Event: 15752.718 Loading class java/util/stream/ReferencePipeline$4
Event: 15752.719 Loading class java/util/stream/ReferencePipeline$4 done
Event: 15752.719 Loading class java/util/function/IntBinaryOperator
Event: 15752.720 Loading class java/util/function/IntBinaryOperator done
Event: 15752.720 Loading class java/util/stream/ReduceOps$7
Event: 15752.721 Loading class java/util/stream/ReduceOps$7 done
Event: 15752.721 Loading class java/util/stream/ReduceOps$6ReducingSink
Event: 15752.721 Loading class java/util/stream/ReduceOps$6ReducingSink done
Event: 15752.721 Loading class java/util/stream/ReferencePipeline$4$1
Event: 15752.721 Loading class java/util/stream/ReferencePipeline$4$1 done
Event: 16230.308 Loading class java/time/DurationEditor
Event: 16230.308 Loading class java/time/DurationEditor done
Event: 17830.023 Loading class java/util/concurrent/locks/ReentrantReadWriteLock$Sync$HoldCounter
Event: 17830.023 Loading class java/util/concurrent/locks/ReentrantReadWriteLock$Sync$HoldCounter done
Event: 26107.502 Loading class sun/util/locale/LocaleExtensions
Event: 26107.513 Loading class sun/util/locale/LocaleExtensions done
Event: 26126.562 Loading class sun/net/ConnectionResetException
Event: 26126.564 Loading class sun/net/ConnectionResetException done

Classes unloaded (20 events):
Event: 26121.398 Thread 0x000001d6e5b00a70 Unloading class 0x000001d681434c00 'java/lang/invoke/LambdaForm$MH+0x000001d681434c00'
Event: 26121.398 Thread 0x000001d6e5b00a70 Unloading class 0x000001d681ae1c00 'java/lang/invoke/LambdaForm$MH+0x000001d681ae1c00'
Event: 26121.398 Thread 0x000001d6e5b00a70 Unloading class 0x000001d6811a8000 'java/lang/invoke/LambdaForm$MH+0x000001d6811a8000'
Event: 26121.398 Thread 0x000001d6e5b00a70 Unloading class 0x000001d681a95000 'java/lang/invoke/LambdaForm$MH+0x000001d681a95000'
Event: 26121.398 Thread 0x000001d6e5b00a70 Unloading class 0x000001d681a96800 'java/lang/invoke/LambdaForm$MH+0x000001d681a96800'
Event: 26121.398 Thread 0x000001d6e5b00a70 Unloading class 0x000001d681d89800 'java/lang/invoke/LambdaForm$MH+0x000001d681d89800'
Event: 26121.398 Thread 0x000001d6e5b00a70 Unloading class 0x000001d681d89400 'java/lang/invoke/LambdaForm$MH+0x000001d681d89400'
Event: 26121.399 Thread 0x000001d6e5b00a70 Unloading class 0x000001d681d88800 'java/lang/invoke/LambdaForm$MH+0x000001d681d88800'
Event: 26121.399 Thread 0x000001d6e5b00a70 Unloading class 0x000001d681d88400 'java/lang/invoke/LambdaForm$MH+0x000001d681d88400'
Event: 26121.399 Thread 0x000001d6e5b00a70 Unloading class 0x000001d681d88000 'java/lang/invoke/LambdaForm$MH+0x000001d681d88000'
Event: 26121.399 Thread 0x000001d6e5b00a70 Unloading class 0x000001d681d87400 'java/lang/invoke/LambdaForm$MH+0x000001d681d87400'
Event: 26121.399 Thread 0x000001d6e5b00a70 Unloading class 0x000001d681d86c00 'java/lang/invoke/LambdaForm$MH+0x000001d681d86c00'
Event: 26121.399 Thread 0x000001d6e5b00a70 Unloading class 0x000001d681d86800 'java/lang/invoke/LambdaForm$MH+0x000001d681d86800'
Event: 26121.399 Thread 0x000001d6e5b00a70 Unloading class 0x000001d681d86400 'java/lang/invoke/LambdaForm$MH+0x000001d681d86400'
Event: 26121.399 Thread 0x000001d6e5b00a70 Unloading class 0x000001d681d85c00 'java/lang/invoke/LambdaForm$MH+0x000001d681d85c00'
Event: 26121.399 Thread 0x000001d6e5b00a70 Unloading class 0x000001d681d85000 'java/lang/invoke/LambdaForm$MH+0x000001d681d85000'
Event: 26121.399 Thread 0x000001d6e5b00a70 Unloading class 0x000001d681d84800 'java/lang/invoke/LambdaForm$MH+0x000001d681d84800'
Event: 26121.399 Thread 0x000001d6e5b00a70 Unloading class 0x000001d681d84400 'java/lang/invoke/LambdaForm$MH+0x000001d681d84400'
Event: 26121.399 Thread 0x000001d6e5b00a70 Unloading class 0x000001d681d83c00 'java/lang/invoke/LambdaForm$MH+0x000001d681d83c00'
Event: 26121.399 Thread 0x000001d6e5b00a70 Unloading class 0x000001d681d83800 'java/lang/invoke/LambdaForm$MH+0x000001d681d83800'

Classes redefined (0 events):
No events

Internal exceptions (20 events):
Event: 16385.163 Thread 0x000001d6ec65b560 Exception <a 'java/lang/NullPointerException'{0x0000000088ad8170}> (0x0000000088ad8170) 
thrown [s\src\hotspot\share\interpreter\linkResolver.cpp, line 1372]
Event: 16385.163 Thread 0x000001d6ec65b560 Exception <a 'java/lang/NullPointerException'{0x0000000088ad91f0}> (0x0000000088ad91f0) 
thrown [s\src\hotspot\share\interpreter\linkResolver.cpp, line 1372]
Event: 16385.163 Thread 0x000001d6ec65b560 Exception <a 'java/io/FileNotFoundException'{0x0000000088ae1a30}> (0x0000000088ae1a30) 
thrown [s\src\hotspot\share\prims\jni.cpp, line 520]
Event: 16386.338 Thread 0x000001d6ec65b560 Exception <a 'java/io/FileNotFoundException'{0x0000000088981118}> (0x0000000088981118) 
thrown [s\src\hotspot\share\prims\jni.cpp, line 520]
Event: 16386.338 Thread 0x000001d6ec65b560 Exception <a 'java/io/FileNotFoundException'{0x000000008898bb40}> (0x000000008898bb40) 
thrown [s\src\hotspot\share\prims\jni.cpp, line 520]
Event: 17750.809 Thread 0x000001d6ec65a840 Exception <a 'java/lang/NoSuchMethodError'{0x000000008adf0f70}: 'int java.lang.invoke.DirectMethodHandle$Holder.invokeStatic(java.lang.Object, java.lang.Object, int, java.lang.Object)'> (0x000000008adf0f70) 
thrown [s\src\hotspot\share\interpreter\linkResolver.cpp, line 773]
Event: 17750.809 Thread 0x000001d6ec65a840 Exception <a 'java/lang/NoSuchMethodError'{0x000000008adf9ef8}: 'void java.lang.invoke.DirectMethodHandle$Holder.invokeStatic(java.lang.Object, int, java.lang.Object, java.lang.Object, java.lang.Object, java.lang.Object)'> (0x000000008adf9ef8) 
thrown [s\src\hotspot\share\interpreter\linkResolver.cpp, line 773]
Event: 17804.129 Thread 0x000001d6ec65a840 Exception <a 'java/lang/NoSuchMethodError'{0x000000008a356b38}: 'long java.lang.invoke.DelegatingMethodHandle$Holder.reinvoke_L(java.lang.Object, java.lang.Object)'> (0x000000008a356b38) 
thrown [s\src\hotspot\share\interpreter\linkResolver.cpp, line 773]
Event: 17804.132 Thread 0x000001d6ec65a840 Exception <a 'java/lang/IncompatibleClassChangeError'{0x000000008a376c00}: Found class java.lang.Object, but interface was expected> (0x000000008a376c00) 
thrown [s\src\hotspot\share\interpreter\linkResolver.cpp, line 840]
Event: 17804.133 Thread 0x000001d6ec65a840 Exception <a 'java/lang/IncompatibleClassChangeError'{0x000000008a382090}: Found class java.lang.Object, but interface was expected> (0x000000008a382090) 
thrown [s\src\hotspot\share\interpreter\linkResolver.cpp, line 840]
Event: 17804.133 Thread 0x000001d6ec65a840 Exception <a 'java/lang/IncompatibleClassChangeError'{0x000000008a3835b8}: Found class java.lang.Object, but interface was expected> (0x000000008a3835b8) 
thrown [s\src\hotspot\share\interpreter\linkResolver.cpp, line 840]
Event: 17804.133 Thread 0x000001d6ec65a840 Exception <a 'java/lang/IncompatibleClassChangeError'{0x000000008a384b60}: Found class java.lang.Object, but interface was expected> (0x000000008a384b60) 
thrown [s\src\hotspot\share\interpreter\linkResolver.cpp, line 840]
Event: 17810.387 Thread 0x000001d6ec6552f0 Exception <a 'java/lang/NoSuchMethodError'{0x000000008a128130}: 'void java.lang.invoke.DelegatingMethodHandle$Holder.reinvoke_L(java.lang.Object, java.lang.Object, java.lang.Object, int, java.lang.Object)'> (0x000000008a128130) 
thrown [s\src\hotspot\share\interpreter\linkResolver.cpp, line 773]
Event: 17810.405 Thread 0x000001d6ec6552f0 Implicit null exception at 0x000001d6d92720d4 to 0x000001d6d9272a24
Event: 17810.405 Thread 0x000001d6ec6552f0 Implicit null exception at 0x000001d6d97ec77a to 0x000001d6d97ed3a4
Event: 17810.407 Thread 0x000001d6ec6552f0 Implicit null exception at 0x000001d6d97755ce to 0x000001d6d9775a50
Event: 17810.422 Thread 0x000001d6ec6552f0 Exception <a 'java/lang/NoSuchMethodError'{0x000000008a098ef8}: 'void java.lang.invoke.Invokers$Holder.invoke_MT(java.lang.Object, java.lang.Object, java.lang.Object, java.lang.Object)'> (0x000000008a098ef8) 
thrown [s\src\hotspot\share\interpreter\linkResolver.cpp, line 773]
Event: 25660.768 Thread 0x000001d6ec659490 Implicit null exception at 0x000001d6d92cc03e to 0x000001d6d92ce364
Event: 26126.564 Thread 0x000001d6ec6552f0 Exception <a 'sun/net/ConnectionResetException'{0x00000000885b1310}: Connection reset> (0x00000000885b1310) 
thrown [s\src\hotspot\share\prims\jni.cpp, line 539]
Event: 26126.564 Thread 0x000001d6ec6580e0 Exception <a 'sun/net/ConnectionResetException'{0x00000000885ef7f8}: Connection reset> (0x00000000885ef7f8) 
thrown [s\src\hotspot\share\prims\jni.cpp, line 539]

ZGC Phase Switch (0 events):
No events

VM Operations (20 events):
Event: 26123.421 Executing VM operation: G1CollectForAllocation (G1 Evacuation Pause)
Event: 26123.425 Executing VM operation: G1CollectForAllocation (G1 Evacuation Pause) done
Event: 26124.436 Executing VM operation: Cleanup
Event: 26124.436 Executing VM operation: Cleanup done
Event: 26125.036 Executing VM operation: G1CollectForAllocation (G1 Evacuation Pause)
Event: 26125.048 Executing VM operation: G1CollectForAllocation (G1 Evacuation Pause) done
Event: 26126.051 Executing VM operation: Cleanup
Event: 26126.051 Executing VM operation: Cleanup done
Event: 26127.057 Executing VM operation: Cleanup
Event: 26127.057 Executing VM operation: Cleanup done
Event: 26128.072 Executing VM operation: Cleanup
Event: 26128.072 Executing VM operation: Cleanup done
Event: 26128.180 Executing VM operation: G1CollectForAllocation (G1 Evacuation Pause)
Event: 26128.186 Executing VM operation: G1CollectForAllocation (G1 Evacuation Pause) done
Event: 26128.218 Executing VM operation: G1PauseRemark
Event: 26128.238 Executing VM operation: G1PauseRemark done
Event: 26128.253 Executing VM operation: G1PauseCleanup
Event: 26128.253 Executing VM operation: G1PauseCleanup done
Event: 26129.605 Executing VM operation: G1CollectForAllocation (G1 Evacuation Pause)
Event: 26129.609 Executing VM operation: G1CollectForAllocation (G1 Evacuation Pause) done

Events (20 events):
Event: 26128.238 Thread 0x000001d6e5b00a70 flushing nmethod 0x000001d6d188a610
Event: 26128.238 Thread 0x000001d6e5b00a70 flushing nmethod 0x000001d6d176a790
Event: 26128.238 Thread 0x000001d6e5b00a70 flushing nmethod 0x000001d6d1769410
Event: 26128.238 Thread 0x000001d6e5b00a70 flushing nmethod 0x000001d6d1999190
Event: 26128.238 Thread 0x000001d6e5b00a70 flushing nmethod 0x000001d6d187e390
Event: 26128.238 Thread 0x000001d6e5b00a70 flushing nmethod 0x000001d6d19b3790
Event: 26128.238 Thread 0x000001d6e5b00a70 flushing nmethod 0x000001d6d1839890
Event: 26128.238 Thread 0x000001d6e5b00a70 flushing nmethod 0x000001d6d187dd90
Event: 26128.238 Thread 0x000001d6e5b00a70 flushing nmethod 0x000001d6d1879010
Event: 26128.238 Thread 0x000001d6e5b00a70 flushing nmethod 0x000001d6d17c6790
Event: 26128.238 Thread 0x000001d6e5b00a70 flushing nmethod 0x000001d6d17b9710
Event: 26128.238 Thread 0x000001d6e5b00a70 flushing nmethod 0x000001d6d17e7510
Event: 26128.238 Thread 0x000001d6e5b00a70 flushing nmethod 0x000001d6d1766a10
Event: 26128.238 Thread 0x000001d6e5b00a70 flushing nmethod 0x000001d6d1724c90
Event: 26128.238 Thread 0x000001d6e5b00a70 flushing nmethod 0x000001d6d1722290
Event: 26128.238 Thread 0x000001d6e5b00a70 flushing nmethod 0x000001d6d171f510
Event: 26128.238 Thread 0x000001d6e5b00a70 flushing nmethod 0x000001d6d172ee90
Event: 26128.238 Thread 0x000001d6e5b00a70 flushing nmethod 0x000001d6d1714b90
Event: 26128.238 Thread 0x000001d6e5b00a70 flushing nmethod 0x000001d6d9bb2310
Event: 26128.238 Thread 0x000001d6e5b00a70 flushing nmethod 0x000001d6d95f6b10


Dynamic libraries:
0x00007ff61a340000 - 0x00007ff61a34e000 	C:\Program Files\Eclipse Adoptium\jdk-21.0.3.9-hotspot\bin\java.exe
0x00007fffaf6f0000 - 0x00007fffaf907000 	C:\Windows\SYSTEM32\ntdll.dll
0x00007fffada60000 - 0x00007fffadb24000 	C:\Windows\System32\KERNEL32.DLL
0x00007fffacd80000 - 0x00007fffad126000 	C:\Windows\System32\KERNELBASE.dll
0x00007fffacc30000 - 0x00007fffacd41000 	C:\Windows\System32\ucrtbase.dll
0x00007fff42e00000 - 0x00007fff42e1b000 	C:\Program Files\Eclipse Adoptium\jdk-21.0.3.9-hotspot\bin\VCRUNTIME140.dll
0x00007fff42de0000 - 0x00007fff42df8000 	C:\Program Files\Eclipse Adoptium\jdk-21.0.3.9-hotspot\bin\jli.dll
0x00007fffae9e0000 - 0x00007fffaeb8e000 	C:\Windows\System32\USER32.dll
0x00007fffacd50000 - 0x00007fffacd76000 	C:\Windows\System32\win32u.dll
0x00007fffa0f30000 - 0x00007fffa11c3000 	C:\Windows\WinSxS\amd64_microsoft.windows.common-controls_6595b64144ccf1df_6.0.22621.2506_none_270c5ae97388e100\COMCTL32.dll
0x00007fffae5b0000 - 0x00007fffae5d9000 	C:\Windows\System32\GDI32.dll
0x00007fffaed30000 - 0x00007fffaedd7000 	C:\Windows\System32\msvcrt.dll
0x00007fffad130000 - 0x00007fffad248000 	C:\Windows\System32\gdi32full.dll
0x00007fffaca30000 - 0x00007fffacaca000 	C:\Windows\System32\msvcp_win.dll
0x00007fffad830000 - 0x00007fffad861000 	C:\Windows\System32\IMM32.DLL
0x00007fff43160000 - 0x00007fff4316c000 	C:\Program Files\Eclipse Adoptium\jdk-21.0.3.9-hotspot\bin\vcruntime140_1.dll
0x00007fff3d9d0000 - 0x00007fff3da5e000 	C:\Program Files\Eclipse Adoptium\jdk-21.0.3.9-hotspot\bin\msvcp140.dll
0x00007fff3c020000 - 0x00007fff3cda2000 	C:\Program Files\Eclipse Adoptium\jdk-21.0.3.9-hotspot\bin\server\jvm.dll
0x00007fffaf0c0000 - 0x00007fffaf173000 	C:\Windows\System32\ADVAPI32.dll
0x00007fffadc90000 - 0x00007fffadd38000 	C:\Windows\System32\sechost.dll
0x00007fffacad0000 - 0x00007fffacaf8000 	C:\Windows\System32\bcrypt.dll
0x00007fffad870000 - 0x00007fffad987000 	C:\Windows\System32\RPCRT4.dll
0x00007fffad7b0000 - 0x00007fffad821000 	C:\Windows\System32\WS2_32.dll
0x00007fffab880000 - 0x00007fffab8cd000 	C:\Windows\SYSTEM32\POWRPROF.dll
0x00007fffa1560000 - 0x00007fffa1594000 	C:\Windows\SYSTEM32\WINMM.dll
0x00007fffa3e70000 - 0x00007fffa3e7a000 	C:\Windows\SYSTEM32\VERSION.dll
0x00007fffab860000 - 0x00007fffab873000 	C:\Windows\SYSTEM32\UMPDC.dll
0x00007fffabb20000 - 0x00007fffabb38000 	C:\Windows\SYSTEM32\kernel.appcore.dll
0x00007fff42dd0000 - 0x00007fff42dda000 	C:\Program Files\Eclipse Adoptium\jdk-21.0.3.9-hotspot\bin\jimage.dll
0x00007fffaa1d0000 - 0x00007fffaa403000 	C:\Windows\SYSTEM32\DBGHELP.DLL
0x00007fffae650000 - 0x00007fffae9d9000 	C:\Windows\System32\combase.dll
0x00007fffaef60000 - 0x00007fffaf037000 	C:\Windows\System32\OLEAUT32.dll
0x00007fff9d0f0000 - 0x00007fff9d122000 	C:\Windows\SYSTEM32\dbgcore.DLL
0x00007fffad3c0000 - 0x00007fffad43a000 	C:\Windows\System32\bcryptPrimitives.dll
0x00007fff42db0000 - 0x00007fff42dcf000 	C:\Program Files\Eclipse Adoptium\jdk-21.0.3.9-hotspot\bin\java.dll
0x00007fffadd40000 - 0x00007fffae59b000 	C:\Windows\System32\SHELL32.dll
0x00007fffaa940000 - 0x00007fffab236000 	C:\Windows\SYSTEM32\windows.storage.dll
0x00007fffaa800000 - 0x00007fffaa93e000 	C:\Windows\SYSTEM32\wintypes.dll
0x00007fffad600000 - 0x00007fffad6f3000 	C:\Windows\System32\SHCORE.dll
0x00007fffaee00000 - 0x00007fffaee5e000 	C:\Windows\System32\shlwapi.dll
0x00007fffac960000 - 0x00007fffac986000 	C:\Windows\SYSTEM32\profapi.dll
0x00007fff3d4f0000 - 0x00007fff3d5c7000 	C:\Program Files\Eclipse Adoptium\jdk-21.0.3.9-hotspot\bin\jsvml.dll
0x00007fff42da0000 - 0x00007fff42db0000 	C:\Program Files\Eclipse Adoptium\jdk-21.0.3.9-hotspot\bin\net.dll
0x00007fffa6a00000 - 0x00007fffa6b37000 	C:\Windows\SYSTEM32\WINHTTP.dll
0x00007fffabf90000 - 0x00007fffabff9000 	C:\Windows\system32\mswsock.dll
0x00007fff42d20000 - 0x00007fff42d36000 	C:\Program Files\Eclipse Adoptium\jdk-21.0.3.9-hotspot\bin\nio.dll
0x00007fff42660000 - 0x00007fff42678000 	C:\Program Files\Eclipse Adoptium\jdk-21.0.3.9-hotspot\bin\zip.dll
0x00007fff42d90000 - 0x00007fff42d9a000 	C:\Program Files\Eclipse Adoptium\jdk-21.0.3.9-hotspot\bin\management.dll
0x00007fff420d0000 - 0x00007fff420db000 	C:\Program Files\Eclipse Adoptium\jdk-21.0.3.9-hotspot\bin\management_ext.dll
0x00007fffae5e0000 - 0x00007fffae5e8000 	C:\Windows\System32\PSAPI.DLL
0x00007fff9e0b0000 - 0x00007fff9e0c7000 	C:\Windows\system32\napinsp.dll
0x00007fff9e080000 - 0x00007fff9e09b000 	C:\Windows\system32\pnrpnsp.dll
0x00007fffab560000 - 0x00007fffab659000 	C:\Windows\SYSTEM32\DNSAPI.dll
0x00007fffab4a0000 - 0x00007fffab4cd000 	C:\Windows\SYSTEM32\IPHLPAPI.DLL
0x00007fffae5a0000 - 0x00007fffae5a9000 	C:\Windows\System32\NSI.dll
0x00007fffa0700000 - 0x00007fffa0711000 	C:\Windows\System32\winrnr.dll
0x00007fff9e110000 - 0x00007fff9e125000 	C:\Windows\system32\wshbth.dll
0x00007fff9e0e0000 - 0x00007fff9e101000 	C:\Windows\system32\nlansp_c.dll
0x00007fffa4b60000 - 0x00007fffa4b6a000 	C:\Windows\System32\rasadhlp.dll
0x00007fffa5ec0000 - 0x00007fffa5f43000 	C:\Windows\System32\fwpuclnt.dll
0x00007fffac2e0000 - 0x00007fffac2fb000 	C:\Windows\SYSTEM32\CRYPTSP.dll
0x00007fffaba80000 - 0x00007fffabab5000 	C:\Windows\system32\rsaenh.dll
0x00007fffac030000 - 0x00007fffac05c000 	C:\Windows\SYSTEM32\USERENV.dll
0x00007fffac2c0000 - 0x00007fffac2cc000 	C:\Windows\SYSTEM32\CRYPTBASE.dll
0x00007fff420c0000 - 0x00007fff420c9000 	C:\Program Files\Eclipse Adoptium\jdk-21.0.3.9-hotspot\bin\extnet.dll
0x00007fff3d9b0000 - 0x00007fff3d9be000 	C:\Program Files\Eclipse Adoptium\jdk-21.0.3.9-hotspot\bin\sunmscapi.dll
0x00007fffad250000 - 0x00007fffad3b6000 	C:\Windows\System32\CRYPT32.dll
0x00007fffac3f0000 - 0x00007fffac41e000 	C:\Windows\SYSTEM32\ncrypt.dll
0x00007fffac3b0000 - 0x00007fffac3e7000 	C:\Windows\SYSTEM32\NTASN1.dll
0x00007fff3d4e0000 - 0x00007fff3d4f0000 	C:\Program Files\Eclipse Adoptium\jdk-21.0.3.9-hotspot\bin\verify.dll
0x00007fff3d5d0000 - 0x00007fff3d5d8000 	C:\Windows\system32\wshunix.dll

dbghelp: loaded successfully - version: 4.0.5 - missing functions: none
symbol engine: initialized successfully - sym options: 0x614 - pdb path: .;C:\Program Files\Eclipse Adoptium\jdk-21.0.3.9-hotspot\bin;C:\Windows\SYSTEM32;C:\Windows\WinSxS\amd64_microsoft.windows.common-controls_6595b64144ccf1df_6.0.22621.2506_none_270c5ae97388e100;C:\Program Files\Eclipse Adoptium\jdk-21.0.3.9-hotspot\bin\server

VM Arguments:
jvm_args: -Dcom.sun.management.jmxremote -Dcom.sun.management.jmxremote.port=50471 -Dcom.sun.management.jmxremote.authenticate=false -Dcom.sun.management.jmxremote.ssl=false -Dspring.jmx.enabled=true -Djava.rmi.server.hostname=localhost -Dspring.application.admin.enabled=true -Dspring.boot.project.name=gad-back -XX:+ShowCodeDetailsInExceptionMessages -Dmanagement.endpoints.jmx.exposure.include=* 
java_command: com.azo.backend.gadapp.gad_back.GadBackApplication
java_class_path (initial): C:\Users\Admin\DEV\projects\gad-back\target\classes;C:\Users\Admin\.m2\repository\org\springframework\boot\spring-boot-starter-actuator\3.3.2\spring-boot-starter-actuator-3.3.2.jar;C:\Users\Admin\.m2\repository\org\springframework\boot\spring-boot-starter\3.3.2\spring-boot-starter-3.3.2.jar;C:\Users\Admin\.m2\repository\org\springframework\boot\spring-boot-starter-logging\3.3.2\spring-boot-starter-logging-3.3.2.jar;C:\Users\Admin\.m2\repository\ch\qos\logback\logback-classic\1.5.6\logback-classic-1.5.6.jar;C:\Users\Admin\.m2\repository\ch\qos\logback\logback-core\1.5.6\logback-core-1.5.6.jar;C:\Users\Admin\.m2\repository\org\apache\logging\log4j\log4j-to-slf4j\2.23.1\log4j-to-slf4j-2.23.1.jar;C:\Users\Admin\.m2\repository\org\apache\logging\log4j\log4j-api\2.23.1\log4j-api-2.23.1.jar;C:\Users\Admin\.m2\repository\org\slf4j\jul-to-slf4j\2.0.13\jul-to-slf4j-2.0.13.jar;C:\Users\Admin\.m2\repository\jakarta\annotation\jakarta.annotation-api\2.1.1\jakarta.annotation-api-2.1.1.jar;C:\Users\Admin\.m2\repository\org\yaml\snakeyaml\2.2\snakeyaml-2.2.jar;C:\Users\Admin\.m2\repository\org\springframework\boot\spring-boot-actuator-autoconfigure\3.3.2\spring-boot-actuator-autoconfigure-3.3.2.jar;C:\Users\Admin\.m2\repository\org\springframework\boot\spring-boot-actuator\3.3.2\spring-boot-actuator-3.3.2.jar;C:\Users\Admin\.m2\repository\com\fasterxml\jackson\datatype\jackson-datatype-jsr310\2.17.2\jackson-datatype-jsr310-2.17.2.jar;C:\Users\Admin\.m2\repository\io\micrometer\micrometer-observation\1.13.2\micrometer-observation-1.13.2.jar;C:\Users\Admin\.m2\repository\io\micrometer\micrometer-commons\1.13.2\micrometer-commons-1.13.2.jar;C:\Users\Admin\.m2\repository\io\micrometer\micrometer-jakarta9\1.13.2\micrometer-jakarta9-1.13.2.jar;C:\Users\Admin\.m2\repository\io\micrometer\micrometer-core\1.13.2\micrometer-core-1.13.2.jar;C:\Users\Admin\.m2\repository\org\hdrhistogram\HdrHistogram\2.2.2\HdrHistogram-2.2.2.jar;C:\Users\Admin\.m2\repository\org\latencyutils\LatencyUtils\2.0.3\LatencyUtils-2.0.3.jar;C:\Users\Admin\.m2\repository\org\springframework\boot\spring-boot-starter-data-jpa\3.3.2\spring-boot-starter-data-jpa-3.3.2.jar;C:\Users\Admin\.m2\repository\org\springframework\boot\spring-boot-starter-aop\3.3.2\spring-boot-starter-aop-3.3.2.jar;C:\Users\Admin\.m2\repository\org\aspectj\aspectjweaver\1.9.22.1\aspectjweaver-1.9.22.1.jar;C:\Users\Admin\.m2\repository\org\springframework\boot\spring-boot-starter-jdbc\3.3.2\spring-boot-starter-jdbc-3.3.2.jar;C:\Users\Admin\.m2\repository\com\zaxxer\HikariCP\5.1.0\HikariCP-5.1.0.jar;C:\Users\Admin\.m2\repository\org\springframework\spring-jdbc\6.1.11\spring-jdbc-6.1.11.jar;C:\Users\Admin\.m2\repository\org\hibernate\orm\hibernate-core\6.5.2.Final\hibernate-core-6.5.2.Final.jar;C:\Users\Admin\.m2\repository\jakarta\persistence\jakarta.persistence-api\3.1.0\jakarta.persistence-api-3.1.0.jar;C:\Users\Admin\.m2\repository\jakarta\transaction\jakarta.transaction-api\2.0.1\jakarta.transaction-api-2.0.1.jar;C:\Users\Admin\.m2\repository\org\jboss\logging\jboss-logging\3.5.3.Final\jboss-logging-3.5.3.Final.jar;C:\Users\Admin\.m2\repository\org\hibernate\common\hibernate-commons-annotations\6.0.6.Final\hibernate-commons-annotations-6.0.6.Final.jar;C:\Users\Admin\.m2\repository\io\smallrye\jandex\3.1.2\jandex-3.1.2.jar;C:\Users\Admin\.m2\repository\com\fasterxml\classmate\1.7.0\classmate-1.7.0.jar;C:\Users\Admin\.m2\repository\net\bytebuddy\byte-buddy\1.14.18\byte-buddy-1.14.18.jar;C:\Users\Admin\.m2\repository\org\glassfish\jaxb\jaxb-runtime\4.0.5\jaxb-runtime-4.0.5.jar;C:\Users\Admin\.m2\repository\org\glassfish\jaxb\jaxb-core\4.0.5\jaxb-core-4.0.5.jar;C:\Users\Admin\.m2\repository\org\glassfish\jaxb\txw2\4.0.5\txw2-4.0.5.jar;C:\Users\Admin\.m2\repository\com\sun\istack\istack-commons-runtime\4.1.2\istack-commons-runtime-4.1.2.jar;C:\Users\Admin\.m2\repository\jakarta\inject\jakarta.inject-api\2.0.1\jakarta.inject-api-2.0.1.jar;C:\Users\Admin\.m2\repository\org\antlr\antlr4-runtime\4.13.0\antlr4-runtime-4.13.0.jar;C:\Users\Admin\.m2\repository\org\springframework\data\spring-data-jpa\3.3.2\spring-data-jpa-3.3.2.jar;C:\Users\Admin\.m2\repository\org\springframework\data\spring-data-commons\3.3.2\spring-data-commons-3.3.2.jar;C:\Users\Admin\.m2\repository\org\springframework\spring-orm\6.1.11\spring-orm-6.1.11.jar;C:\Users\Admin\.m2\repository\org\springframework\spring-context\6.1.11\spring-context-6.1.11.jar;C:\Users\Admin\.m2\repository\org\springframework\spring-tx\6.1.11\spring-tx-6.1.11.jar;C:\Users\Admin\.m2\repository\org\springframework\spring-beans\6.1.11\spring-beans-6.1.11.jar;C:\Users\Admin\.m2\repository\org\slf4j\slf4j-api\2.0.13\slf4j-api-2.0.13.jar;C:\Users\Admin\.m2\repository\org\springframework\spring-aspects\6.1.11\spring-aspects-6.1.11.jar;C:\Users\Admin\.m2\repository\org\springframework\boot\spring-boot-starter-web\3.3.2\spring-boot-starter-web-3.3.2.jar;C:\Users\Admin\.m2\repository\org\springframework\boot\spring-boot-starter-json\3.3.2\spring-boot-starter-json-3.3.2.jar;C:\Users\Admin\.m2\repository\com\fasterxml\jackson\datatype\jackson-datatype-jdk8\2.17.2\jackson-datatype-jdk8-2.17.2.jar;C:\Users\Admin\.m2\repository\com\fasterxml\jackson\module\jackson-module-parameter-names\2.17.2\jackson-module-parameter-names-2.17.2.jar;C:\Users\Admin\.m2\repository\org\springframework\boot\spring-boot-starter-tomcat\3.3.2\spring-boot-starter-tomcat-3.3.2.jar;C:\Users\Admin\.m2\repository\org\apache\tomcat\embed\tomcat-embed-core\10.1.26\tomcat-embed-core-10.1.26.jar;C:\Users\Admin\.m2\repository\org\apache\tomcat\embed\tomcat-embed-websocket\10.1.26\tomcat-embed-websocket-10.1.26.jar;C:\Users\Admin\.m2\repository\org\springframework\spring-web\6.1.11\spring-web-6.1.11.jar;C:\Users\Admin\.m2\repository\org\springframework\spring-webmvc\6.1.11\spring-webmvc-6.1.11.jar;C:\Users\Admin\.m2\repository\org\springframework\spring-expression\6.1.11\spring-expression-6.1.11.jar;C:\Users\Admin\.m2\repository\org\springframework\boot\spring-boot-devtools\3.3.2\spring-boot-devtools-3.3.2.jar;C:\Users\Admin\.m2\repository\org\springframework\boot\spring-boot\3.3.2\spring-boot-3.3.2.jar;C:\Users\Admin\.m2\repository\org\springframework\boot\spring-boot-autoconfigure\3.3.2\spring-boot-autoconfigure-3.3.2.jar;C:\Users\Admin\.m2\repository\org\postgresql\postgresql\42.7.3\postgresql-42.7.3.jar;C:\Users\Admin\.m2\repository\org\checkerframework\checker-qual\3.42.0\checker-qual-3.42.0.jar;C:\Users\Admin\.m2\repository\jakarta\xml\bind\jakarta.xml.bind-api\4.0.2\jakarta.xml.bind-api-4.0.2.jar;C:\Users\Admin\.m2\repository\jakarta\activation\jakarta.activation-api\2.1.3\jakarta.activation-api-2.1.3.jar;C:\Users\Admin\.m2\repository\org\springframework\spring-core\6.1.11\spring-core-6.1.11.jar;C:\Users\Admin\.m2\repository\org\springframework\spring-jcl\6.1.11\spring-jcl-6.1.11.jar;C:\Users\Admin\.m2\repository\org\springframework\boot\spring-boot-starter-validation\3.3.2\spring-boot-starter-validation-3.3.2.jar;C:\Users\Admin\.m2\repository\org\apache\tomcat\embed\tomcat-embed-el\10.1.26\tomcat-embed-el-10.1.26.jar;C:\Users\Admin\.m2\repository\org\hibernate\validator\hibernate-validator\8.0.1.Final\hibernate-validator-8.0.1.Final.jar;C:\Users\Admin\.m2\repository\jakarta\validation\jakarta.validation-api\3.0.2\jakarta.validation-api-3.0.2.jar;C:\Users\Admin\.m2\repository\org\springframework\boot\spring-boot-starter-security\3.3.2\spring-boot-starter-security-3.3.2.jar;C:\Users\Admin\.m2\repository\org\springframework\spring-aop\6.1.11\spring-aop-6.1.11.jar;C:\Users\Admin\.m2\repository\org\springframework\security\spring-security-config\6.3.1\spring-security-config-6.3.1.jar;C:\Users\Admin\.m2\repository\org\springframework\security\spring-security-core\6.3.1\spring-security-core-6.3.1.jar;C:\Users\Admin\.m2\repository\org\springframework\security\spring-security-crypto\6.3.1\spring-security-crypto-6.3.1.jar;C:\Users\Admin\.m2\repository\org\springframework\security\spring-security-web\6.3.1\spring-security-web-6.3.1.jar;C:\Users\Admin\.m2\repository\io\jsonwebtoken\jjwt-api\0.12.6\jjwt-api-0.12.6.jar;C:\Users\Admin\.m2\repository\io\jsonwebtoken\jjwt-impl\0.12.6\jjwt-impl-0.12.6.jar;C:\Users\Admin\.m2\repository\io\jsonwebtoken\jjwt-jackson\0.12.6\jjwt-jackson-0.12.6.jar;C:\Users\Admin\.m2\repository\com\fasterxml\jackson\core\jackson-databind\2.17.2\jackson-databind-2.17.2.jar;C:\Users\Admin\.m2\repository\com\fasterxml\jackson\core\jackson-annotations\2.17.2\jackson-annotations-2.17.2.jar;C:\Users\Admin\.m2\repository\com\fasterxml\jackson\core\jackson-core\2.17.2\jackson-core-2.17.2.jar;C:\Users\Admin\.m2\repository\org\springframework\boot\spring-boot-starter-mail\3.3.2\spring-boot-starter-mail-3.3.2.jar;C:\Users\Admin\.m2\repository\org\springframework\spring-context-support\6.1.11\spring-context-support-6.1.11.jar;C:\Users\Admin\.m2\repository\org\eclipse\angus\jakarta.mail\2.0.3\jakarta.mail-2.0.3.jar;C:\Users\Admin\.m2\repository\org\eclipse\angus\angus-activation\2.0.2\angus-activation-2.0.2.jar;C:\Users\Admin\.m2\repository\me\paulschwarz\spring-dotenv\2.5.4\spring-dotenv-2.5.4.jar;C:\Users\Admin\.m2\repository\io\github\cdimascio\dotenv-java\2.2.3\dotenv-java-2.2.3.jar
Launcher Type: SUN_STANDARD

[Global flags]
     intx CICompilerCount                          = 4                                         {product} {ergonomic}
     uint ConcGCThreads                            = 2                                         {product} {ergonomic}
     uint G1ConcRefinementThreads                  = 8                                         {product} {ergonomic}
   size_t G1HeapRegionSize                         = 1048576                                   {product} {ergonomic}
    uintx GCDrainStackTargetSize                   = 64                                        {product} {ergonomic}
   size_t InitialHeapSize                          = 132120576                                 {product} {ergonomic}
     bool ManagementServer                         = true                                      {product} {command line}
   size_t MarkStackSize                            = 4194304                                   {product} {ergonomic}
   size_t MaxHeapSize                              = 2090860544                                {product} {ergonomic}
   size_t MaxNewSize                               = 1254096896                                {product} {ergonomic}
   size_t MinHeapDeltaBytes                        = 1048576                                   {product} {ergonomic}
   size_t MinHeapSize                              = 8388608                                   {product} {ergonomic}
    uintx NonNMethodCodeHeapSize                   = 5839372                                {pd product} {ergonomic}
    uintx NonProfiledCodeHeapSize                  = 122909434                              {pd product} {ergonomic}
    uintx ProfiledCodeHeapSize                     = 122909434                              {pd product} {ergonomic}
    uintx ReservedCodeCacheSize                    = 251658240                              {pd product} {ergonomic}
     bool SegmentedCodeCache                       = true                                      {product} {ergonomic}
     bool ShowCodeDetailsInExceptionMessages       = true                                   {manageable} {command line}
   size_t SoftMaxHeapSize                          = 2090860544                             {manageable} {ergonomic}
     bool UseCompressedOops                        = true                           {product lp64_product} {ergonomic}
     bool UseG1GC                                  = true                                      {product} {ergonomic}
     bool UseLargePagesIndividualAllocation        = false                                  {pd product} {ergonomic}

Logging:
Log output configuration:
 #0: stdout all=warning uptime,level,tags foldmultilines=false
 #1: stderr all=off uptime,level,tags foldmultilines=false

Environment Variables:
JAVA_HOME=C:\Program Files\Eclipse Adoptium\jdk-21.0.3.9-hotspot
PATH=C:\Program Files\Eclipse Adoptium\jdk-21.0.3.9-hotspot\bin;C:\Windows\system32;C:\Windows;C:\Windows\System32\Wbem;C:\Windows\System32\WindowsPowerShell\v1.0\;C:\Windows\System32\OpenSSH\;C:\Program Files\Microsoft SQL Server\Client SDK\ODBC\170\Tools\Binn\;C:\Program Files\Microsoft SQL Server\150\Tools\Binn\;C:\Program Files\dotnet\;C:\Program Files\nodejs\;C:\Program Files\Docker\Docker\resources\bin;C:\Program Files\Git\cmd;C:\Program Files\apache-maven-3.9.8\bin;C:\Users\Admin\AppData\Local\Microsoft\WindowsApps;C:\Users\Admin\.dotnet\tools;C:\Users\Admin\AppData\Local\Programs\Microsoft VS Code\bin;C:\Users\Admin\AppData\Local\JetBrains\Toolbox\scripts;C:\Users\Admin\AppData\Roaming\npm
USERNAME=Admin
SHELL=C:\Program Files\Git\usr\bin\bash.exe
DISPLAY=needs-to-be-defined
LANG=es_ES.UTF-8
TERM=xterm-256color
TMPDIR=C:\Users\Admin\AppData\Local\Temp
OS=Windows_NT
PROCESSOR_IDENTIFIER=Intel64 Family 6 Model 151 Stepping 5, GenuineIntel
TMP=C:\Users\Admin\AppData\Local\Temp
TEMP=C:\Users\Admin\AppData\Local\Temp




Periodic native trim disabled

---------------  S Y S T E M  ---------------

OS:
 Windows 11 , 64 bit Build 22621 (10.0.22621.3078)
OS uptime: 0 days 7:20 hours
Hyper-V role detected

CPU: total 8 (initial active 8) (4 cores per cpu, 2 threads per core) family 6 model 151 stepping 5 microcode 0x1e, cx8, cmov, fxsr, ht, mmx, 3dnowpref, sse, sse2, sse3, ssse3, sse4.1, sse4.2, popcnt, lzcnt, tsc, tscinvbit, avx, avx2, aes, erms, clmul, bmi1, bmi2, adx, sha, fma, vzeroupper, clflush, clflushopt, clwb, hv, serialize, rdtscp, rdpid, fsrm, f16c, cet_ibt, cet_ss
Processor Information for all 8 processors :
  Max Mhz: 3300, Current Mhz: 3300, Mhz Limit: 3300

Memory: 4k page, system-wide physical 7969M (494M free)
TotalPageFile size 16161M (AvailPageFile size 2M)
current process WorkingSet (physical memory assigned to process): 402M, peak: 407M
current process commit charge ("private bytes"): 472M, peak: 477M

vm_info: OpenJDK 64-Bit Server VM (21.0.3+9-LTS) for windows-amd64 JRE (21.0.3+9-LTS), built on 2024-04-16T00:00:00Z by "admin" with MS VC++ 17.7 (VS2022)

END.
