#
# There is insufficient memory for the Java Runtime Environment to continue.
# Native memory allocation (malloc) failed to allocate 530096 bytes. Error detail: Chunk::new
# Possible reasons:
#   The system is out of physical RAM or swap space
#   This process is running with CompressedOops enabled, and the Java Heap may be blocking the growth of the native heap
# Possible solutions:
#   Reduce memory load on the system
#   Increase physical memory or swap space
#   Check if swap backing store is full
#   Decrease Java heap size (-Xmx/-Xms)
#   Decrease number of Java threads
#   Decrease Java thread stack sizes (-Xss)
#   Set larger code cache with -XX:ReservedCodeCacheSize=
#   JVM is running with Unscaled Compressed Oops mode in which the Java heap is
#     placed in the first 4GB address space. The Java Heap base address is the
#     maximum limit for the native heap growth. Please use -XX:HeapBaseMinAddress
#     to set the Java Heap base and to place the Java Heap above 4GB virtual address.
# This output file may be truncated or incomplete.
#
#  Out of Memory Error (arena.cpp:168), pid=10732, tid=9536
#
# JRE version: OpenJDK Runtime Environment Temurin-21.0.3+9 (21.0.3+9) (build 21.0.3+9-LTS)
# Java VM: OpenJDK 64-Bit Server VM Temurin-21.0.3+9 (21.0.3+9-LTS, mixed mode, sharing, tiered, compressed oops, compressed class ptrs, g1 gc, windows-amd64)
# No core dump will be written. Minidumps are not enabled by default on client versions of Windows
#

---------------  S U M M A R Y ------------

Command Line: -Dcom.sun.management.jmxremote -Dcom.sun.management.jmxremote.port=50624 -Dcom.sun.management.jmxremote.authenticate=false -Dcom.sun.management.jmxremote.ssl=false -Dspring.jmx.enabled=true -Djava.rmi.server.hostname=localhost -Dspring.application.admin.enabled=true -Dspring.boot.project.name=gad-back -XX:+ShowCodeDetailsInExceptionMessages -Dmanagement.endpoints.jmx.exposure.include=* com.azo.backend.gadapp.gad_back.GadBackApplication

Host: 12th Gen Intel(R) Core(TM) i3-12100, 8 cores, 7G,  Windows 11 , 64 bit Build 22621 (10.0.22621.3078)
Time: Wed Jul 17 12:10:19 2024 Hora est. Pacífico, Sudamérica elapsed time: 14607.647951 seconds (0d 4h 3m 27s)

---------------  T H R E A D  ---------------

Current thread (0x00000271a2c6c8b0):  JavaThread "C2 CompilerThread0" daemon [_thread_in_native, id=9536, stack(0x000000b412d00000,0x000000b412e00000) (1024K)]


Current CompileTask:
C2:14607647 15341   !   4       org.apache.catalina.connector.Request::recycle (367 bytes)

Stack: [0x000000b412d00000,0x000000b412e00000]
Native frames: (J=compiled Java code, j=interpreted, Vv=VM code, C=native code)
V  [jvm.dll+0x6c8699]
V  [jvm.dll+0x8a2061]
V  [jvm.dll+0x8a458e]
V  [jvm.dll+0x8a4c63]
V  [jvm.dll+0x27e476]
V  [jvm.dll+0xc4a1d]
V  [jvm.dll+0xc4f53]
V  [jvm.dll+0x3b2622]
V  [jvm.dll+0x37efa5]
V  [jvm.dll+0x37e40a]
V  [jvm.dll+0x2469c0]
V  [jvm.dll+0x245f9f]
V  [jvm.dll+0x1c6f4e]
V  [jvm.dll+0x255719]
V  [jvm.dll+0x253cba]
V  [jvm.dll+0x3ec1e6]
V  [jvm.dll+0x84bf8b]
V  [jvm.dll+0x6c6dcd]
C  [ucrtbase.dll+0x29363]
C  [KERNEL32.DLL+0x1257d]
C  [ntdll.dll+0x5aa58]


---------------  P R O C E S S  ---------------

Threads class SMR info:
_java_thread_list=0x00000271eef80300, length=36, elements={
0x00000271a2c53320, 0x00000271a2c55140, 0x00000271a2c59e00, 0x00000271a2c5aa60,
0x00000271a2c5c830, 0x00000271a2c65450, 0x00000271a2c6c8b0, 0x00000271a2c6f120,
0x00000271e810e000, 0x00000271e810e690, 0x00000271e810d970, 0x00000271e810d2e0,
0x00000271e810b210, 0x00000271e810b8a0, 0x00000271e810c5c0, 0x00000271e810cc50,
0x00000271e9485380, 0x00000271e94860a0, 0x00000271e9485a10, 0x00000271e9487450,
0x00000271e9487ae0, 0x00000271e9484cf0, 0x00000271e9486730, 0x00000271e9480b50,
0x00000271e9488170, 0x00000271e94811e0, 0x00000271e9481f00, 0x00000271ef119080,
0x00000271ef11b150, 0x00000271ef11d220, 0x00000271ef11a430, 0x00000271ef11ec60,
0x00000271ef11c500, 0x00000271ef11be70, 0x00000271ef11f2f0, 0x00000271ef119da0
}

Java Threads: ( => current thread )
  0x00000271a2c53320 JavaThread "Reference Handler"          daemon [_thread_blocked, id=8024, stack(0x000000b412700000,0x000000b412800000) (1024K)]
  0x00000271a2c55140 JavaThread "Finalizer"                  daemon [_thread_blocked, id=11108, stack(0x000000b412800000,0x000000b412900000) (1024K)]
  0x00000271a2c59e00 JavaThread "Signal Dispatcher"          daemon [_thread_blocked, id=9800, stack(0x000000b412900000,0x000000b412a00000) (1024K)]
  0x00000271a2c5aa60 JavaThread "Attach Listener"            daemon [_thread_blocked, id=3188, stack(0x000000b412a00000,0x000000b412b00000) (1024K)]
  0x00000271a2c5c830 JavaThread "Service Thread"             daemon [_thread_blocked, id=10632, stack(0x000000b412b00000,0x000000b412c00000) (1024K)]
  0x00000271a2c65450 JavaThread "Monitor Deflation Thread"   daemon [_thread_blocked, id=1340, stack(0x000000b412c00000,0x000000b412d00000) (1024K)]
=>0x00000271a2c6c8b0 JavaThread "C2 CompilerThread0"         daemon [_thread_in_native, id=9536, stack(0x000000b412d00000,0x000000b412e00000) (1024K)]
  0x00000271a2c6f120 JavaThread "C1 CompilerThread0"         daemon [_thread_blocked, id=9228, stack(0x000000b412e00000,0x000000b412f00000) (1024K)]
  0x00000271e810e000 JavaThread "Common-Cleaner"             daemon [_thread_blocked, id=8848, stack(0x000000b412f00000,0x000000b413000000) (1024K)]
  0x00000271e810e690 JavaThread "Notification Thread"        daemon [_thread_blocked, id=5644, stack(0x000000b413000000,0x000000b413100000) (1024K)]
  0x00000271e810d970 JavaThread "RMI TCP Accept-0"           daemon [_thread_in_native, id=11040, stack(0x000000b413300000,0x000000b413400000) (1024K)]
  0x00000271e810d2e0 JavaThread "RMI TCP Accept-50624"       daemon [_thread_in_native, id=9876, stack(0x000000b413400000,0x000000b413500000) (1024K)]
  0x00000271e810b210 JavaThread "RMI TCP Accept-0"           daemon [_thread_in_native, id=5024, stack(0x000000b413500000,0x000000b413600000) (1024K)]
  0x00000271e810b8a0 JavaThread "RMI Scheduler(0)"           daemon [_thread_blocked, id=10872, stack(0x000000b413700000,0x000000b413800000) (1024K)]
  0x00000271e810c5c0 JavaThread "RMI TCP Connection(2)-127.0.0.1" daemon [_thread_in_native, id=10296, stack(0x000000b413800000,0x000000b413900000) (1024K)]
  0x00000271e810cc50 JavaThread "JMX server connection timeout 28" daemon [_thread_blocked, id=5900, stack(0x000000b413900000,0x000000b413a00000) (1024K)]
  0x00000271e9485380 JavaThread "Catalina-utility-1"                [_thread_blocked, id=10380, stack(0x000000b414300000,0x000000b414400000) (1024K)]
  0x00000271e94860a0 JavaThread "Catalina-utility-2"                [_thread_blocked, id=10368, stack(0x000000b414400000,0x000000b414500000) (1024K)]
  0x00000271e9485a10 JavaThread "container-0"                       [_thread_blocked, id=5804, stack(0x000000b414600000,0x000000b414700000) (1024K)]
  0x00000271e9487450 JavaThread "PostgreSQL-JDBC-Cleaner"    daemon [_thread_blocked, id=10236, stack(0x000000b414800000,0x000000b414900000) (1024K)]
  0x00000271e9487ae0 JavaThread "HikariPool-1 housekeeper"   daemon [_thread_blocked, id=11096, stack(0x000000b414900000,0x000000b414a00000) (1024K)]
  0x00000271e9484cf0 JavaThread "File Watcher"               daemon [_thread_blocked, id=3860, stack(0x000000b414b00000,0x000000b414c00000) (1024K)]
  0x00000271e9486730 JavaThread "Live Reload Server"         daemon [_thread_in_native, id=9676, stack(0x000000b414d00000,0x000000b414e00000) (1024K)]
  0x00000271e9480b50 JavaThread "http-nio-8080-exec-1"       daemon [_thread_blocked, id=10140, stack(0x000000b414c00000,0x000000b414d00000) (1024K)]
  0x00000271e9488170 JavaThread "http-nio-8080-exec-2"       daemon [_thread_blocked, id=6308, stack(0x000000b414e00000,0x000000b414f00000) (1024K)]
  0x00000271e94811e0 JavaThread "http-nio-8080-exec-3"       daemon [_thread_blocked, id=10468, stack(0x000000b414f00000,0x000000b415000000) (1024K)]
  0x00000271e9481f00 JavaThread "http-nio-8080-exec-4"       daemon [_thread_blocked, id=11152, stack(0x000000b415000000,0x000000b415100000) (1024K)]
  0x00000271ef119080 JavaThread "http-nio-8080-exec-5"       daemon [_thread_blocked, id=10292, stack(0x000000b415100000,0x000000b415200000) (1024K)]
  0x00000271ef11b150 JavaThread "http-nio-8080-exec-6"       daemon [_thread_blocked, id=2332, stack(0x000000b415200000,0x000000b415300000) (1024K)]
  0x00000271ef11d220 JavaThread "http-nio-8080-exec-7"       daemon [_thread_blocked, id=9792, stack(0x000000b415300000,0x000000b415400000) (1024K)]
  0x00000271ef11a430 JavaThread "http-nio-8080-exec-8"       daemon [_thread_blocked, id=9232, stack(0x000000b415400000,0x000000b415500000) (1024K)]
  0x00000271ef11ec60 JavaThread "http-nio-8080-exec-9"       daemon [_thread_blocked, id=7208, stack(0x000000b415500000,0x000000b415600000) (1024K)]
  0x00000271ef11c500 JavaThread "http-nio-8080-exec-10"      daemon [_thread_blocked, id=9560, stack(0x000000b415600000,0x000000b415700000) (1024K)]
  0x00000271ef11be70 JavaThread "http-nio-8080-Poller"       daemon [_thread_in_native, id=10288, stack(0x000000b415700000,0x000000b415800000) (1024K)]
  0x00000271ef11f2f0 JavaThread "http-nio-8080-Acceptor"     daemon [_thread_in_native, id=10356, stack(0x000000b415800000,0x000000b415900000) (1024K)]
  0x00000271ef119da0 JavaThread "DestroyJavaVM"                     [_thread_blocked, id=10244, stack(0x000000b411f00000,0x000000b412000000) (1024K)]
Total: 36

Other Threads:
  0x00000271a2c35300 VMThread "VM Thread"                           [id=11088, stack(0x000000b412600000,0x000000b412700000) (1024K)]
  0x00000271a2c1ff30 WatcherThread "VM Periodic Task Thread"        [id=8668, stack(0x000000b412500000,0x000000b412600000) (1024K)]
  0x00000271861785b0 WorkerThread "GC Thread#0"                     [id=11244, stack(0x000000b412000000,0x000000b412100000) (1024K)]
  0x00000271e8b3bf40 WorkerThread "GC Thread#1"                     [id=3892, stack(0x000000b413a00000,0x000000b413b00000) (1024K)]
  0x00000271e8d81340 WorkerThread "GC Thread#2"                     [id=10424, stack(0x000000b413b00000,0x000000b413c00000) (1024K)]
  0x00000271e8b1d710 WorkerThread "GC Thread#3"                     [id=6888, stack(0x000000b413c00000,0x000000b413d00000) (1024K)]
  0x00000271e8ce2e50 WorkerThread "GC Thread#4"                     [id=10728, stack(0x000000b413d00000,0x000000b413e00000) (1024K)]
  0x00000271e8ce31f0 WorkerThread "GC Thread#5"                     [id=10464, stack(0x000000b413e00000,0x000000b413f00000) (1024K)]
  0x00000271e8edd560 WorkerThread "GC Thread#6"                     [id=10780, stack(0x000000b413f00000,0x000000b414000000) (1024K)]
  0x00000271e8ede920 WorkerThread "GC Thread#7"                     [id=1412, stack(0x000000b414000000,0x000000b414100000) (1024K)]
  0x000002718618b830 ConcurrentGCThread "G1 Main Marker"            [id=2008, stack(0x000000b412100000,0x000000b412200000) (1024K)]
  0x000002718618c330 WorkerThread "G1 Conc#0"                       [id=9244, stack(0x000000b412200000,0x000000b412300000) (1024K)]
  0x00000271e9919620 WorkerThread "G1 Conc#1"                       [id=5108, stack(0x000000b414500000,0x000000b414600000) (1024K)]
  0x00000271a2af4950 ConcurrentGCThread "G1 Refine#0"               [id=5640, stack(0x000000b412300000,0x000000b412400000) (1024K)]
  0x00000271a2af52d0 ConcurrentGCThread "G1 Service"                [id=9640, stack(0x000000b412400000,0x000000b412500000) (1024K)]
Total: 15

Threads with active compile tasks:
C2 CompilerThread0  14607667 15341   !   4       org.apache.catalina.connector.Request::recycle (367 bytes)
Total: 1

VM state: not at safepoint (normal execution)

VM Mutex/Monitor currently owned by a thread: None

Heap address: 0x0000000083600000, size: 1994 MB, Compressed Oops mode: 32-bit

CDS archive(s) mapped at: [0x00000271a3000000-0x00000271a3c90000-0x00000271a3c90000), size 13172736, SharedBaseAddress: 0x00000271a3000000, ArchiveRelocationMode: 1.
Compressed class space mapped at: 0x00000271a4000000-0x00000271e4000000, reserved size: 1073741824
Narrow klass base: 0x00000271a3000000, Narrow klass shift: 0, Narrow klass range: 0x100000000

GC Precious Log:
 CardTable entry size: 512
 Card Set container configuration: InlinePtr #cards 5 size 8 Array Of Cards #cards 12 size 40 Howl #buckets 4 coarsen threshold 1843 Howl Bitmap #cards 512 size 80 coarsen threshold 460 Card regions per heap region 1 cards per card region 2048
 CPUs: 8 total, 8 available
 Memory: 7969M
 Large Page Support: Disabled
 NUMA Support: Disabled
 Compressed Oops: Enabled (32-bit)
 Heap Region Size: 1M
 Heap Min Capacity: 8M
 Heap Initial Capacity: 126M
 Heap Max Capacity: 1994M
 Pre-touch: Disabled
 Parallel Workers: 8
 Concurrent Workers: 2
 Concurrent Refinement Workers: 8
 Periodic GC: Disabled

Heap:
 garbage-first heap   total 79872K, used 43678K [0x0000000083600000, 0x0000000100000000)
  region size 1024K, 7 young (7168K), 1 survivors (1024K)
 Metaspace       used 93447K, committed 94336K, reserved 1179648K
  class space    used 12495K, committed 13056K, reserved 1048576K

Heap Regions: E=young(eden), S=young(survivor), O=old, HS=humongous(starts), HC=humongous(continues), CS=collection set, F=free, TAMS=top-at-mark-start, PB=parsable bottom
|   0|0x0000000083600000, 0x0000000083700000, 0x0000000083700000|100%|HS|  |TAMS 0x0000000083600000| PB 0x0000000083600000| Complete 
|   1|0x0000000083700000, 0x0000000083800000, 0x0000000083800000|100%| O|  |TAMS 0x0000000083700000| PB 0x0000000083700000| Untracked 
|   2|0x0000000083800000, 0x0000000083900000, 0x0000000083900000|100%| O|  |TAMS 0x0000000083800000| PB 0x0000000083800000| Untracked 
|   3|0x0000000083900000, 0x0000000083a00000, 0x0000000083a00000|100%| O|  |TAMS 0x0000000083900000| PB 0x0000000083900000| Untracked 
|   4|0x0000000083a00000, 0x0000000083b00000, 0x0000000083b00000|100%| O|  |TAMS 0x0000000083a00000| PB 0x0000000083a00000| Untracked 
|   5|0x0000000083b00000, 0x0000000083c00000, 0x0000000083c00000|100%| O|  |TAMS 0x0000000083b00000| PB 0x0000000083b00000| Untracked 
|   6|0x0000000083c00000, 0x0000000083d00000, 0x0000000083d00000|100%| O|  |TAMS 0x0000000083c00000| PB 0x0000000083c00000| Untracked 
|   7|0x0000000083d00000, 0x0000000083e00000, 0x0000000083e00000|100%| O|  |TAMS 0x0000000083d00000| PB 0x0000000083d00000| Untracked 
|   8|0x0000000083e00000, 0x0000000083f00000, 0x0000000083f00000|100%| O|  |TAMS 0x0000000083e00000| PB 0x0000000083e00000| Untracked 
|   9|0x0000000083f00000, 0x0000000084000000, 0x0000000084000000|100%| O|  |TAMS 0x0000000083f00000| PB 0x0000000083f00000| Untracked 
|  10|0x0000000084000000, 0x0000000084100000, 0x0000000084100000|100%| O|  |TAMS 0x0000000084000000| PB 0x0000000084000000| Untracked 
|  11|0x0000000084100000, 0x0000000084200000, 0x0000000084200000|100%| O|  |TAMS 0x0000000084100000| PB 0x0000000084100000| Untracked 
|  12|0x0000000084200000, 0x0000000084300000, 0x0000000084300000|100%| O|  |TAMS 0x0000000084200000| PB 0x0000000084200000| Untracked 
|  13|0x0000000084300000, 0x0000000084400000, 0x0000000084400000|100%| O|  |TAMS 0x0000000084300000| PB 0x0000000084300000| Untracked 
|  14|0x0000000084400000, 0x0000000084500000, 0x0000000084500000|100%| O|  |TAMS 0x0000000084400000| PB 0x0000000084400000| Untracked 
|  15|0x0000000084500000, 0x0000000084600000, 0x0000000084600000|100%| O|  |TAMS 0x0000000084500000| PB 0x0000000084500000| Untracked 
|  16|0x0000000084600000, 0x0000000084700000, 0x0000000084700000|100%| O|  |TAMS 0x0000000084600000| PB 0x0000000084600000| Untracked 
|  17|0x0000000084700000, 0x0000000084800000, 0x0000000084800000|100%| O|  |TAMS 0x0000000084700000| PB 0x0000000084700000| Untracked 
|  18|0x0000000084800000, 0x0000000084900000, 0x0000000084900000|100%| O|  |TAMS 0x0000000084800000| PB 0x0000000084800000| Untracked 
|  19|0x0000000084900000, 0x0000000084a00000, 0x0000000084a00000|100%| O|  |TAMS 0x0000000084900000| PB 0x0000000084900000| Untracked 
|  20|0x0000000084a00000, 0x0000000084b00000, 0x0000000084b00000|100%| O|  |TAMS 0x0000000084a00000| PB 0x0000000084a00000| Untracked 
|  21|0x0000000084b00000, 0x0000000084b99218, 0x0000000084c00000| 59%| O|  |TAMS 0x0000000084b00000| PB 0x0000000084b00000| Untracked 
|  22|0x0000000084c00000, 0x0000000084d00000, 0x0000000084d00000|100%| O|  |TAMS 0x0000000084c00000| PB 0x0000000084c00000| Untracked 
|  23|0x0000000084d00000, 0x0000000084e00000, 0x0000000084e00000|100%| O|  |TAMS 0x0000000084d00000| PB 0x0000000084d00000| Untracked 
|  24|0x0000000084e00000, 0x0000000084f00000, 0x0000000084f00000|100%| O|  |TAMS 0x0000000084e00000| PB 0x0000000084e00000| Untracked 
|  25|0x0000000084f00000, 0x0000000085000000, 0x0000000085000000|100%| O|  |TAMS 0x0000000084f00000| PB 0x0000000084f00000| Untracked 
|  26|0x0000000085000000, 0x0000000085100000, 0x0000000085100000|100%| O|  |TAMS 0x0000000085000000| PB 0x0000000085000000| Untracked 
|  27|0x0000000085100000, 0x0000000085100000, 0x0000000085200000|  0%| F|  |TAMS 0x0000000085100000| PB 0x0000000085100000| Untracked 
|  28|0x0000000085200000, 0x0000000085300000, 0x0000000085300000|100%| O|  |TAMS 0x0000000085200000| PB 0x0000000085200000| Untracked 
|  29|0x0000000085300000, 0x0000000085400000, 0x0000000085400000|100%| O|  |TAMS 0x0000000085300000| PB 0x0000000085300000| Untracked 
|  30|0x0000000085400000, 0x0000000085500000, 0x0000000085500000|100%| O|  |TAMS 0x0000000085400000| PB 0x0000000085400000| Untracked 
|  31|0x0000000085500000, 0x0000000085600000, 0x0000000085600000|100%| O|  |TAMS 0x0000000085500000| PB 0x0000000085500000| Untracked 
|  32|0x0000000085600000, 0x0000000085700000, 0x0000000085700000|100%| O|  |TAMS 0x0000000085600000| PB 0x0000000085600000| Untracked 
|  33|0x0000000085700000, 0x0000000085800000, 0x0000000085800000|100%| O|  |TAMS 0x0000000085700000| PB 0x0000000085700000| Untracked 
|  34|0x0000000085800000, 0x0000000085900000, 0x0000000085900000|100%| O|  |TAMS 0x0000000085800000| PB 0x0000000085800000| Untracked 
|  35|0x0000000085900000, 0x0000000085a00000, 0x0000000085a00000|100%| O|  |TAMS 0x0000000085900000| PB 0x0000000085900000| Untracked 
|  36|0x0000000085a00000, 0x0000000085a00000, 0x0000000085b00000|  0%| F|  |TAMS 0x0000000085a00000| PB 0x0000000085a00000| Untracked 
|  37|0x0000000085b00000, 0x0000000085b00000, 0x0000000085c00000|  0%| F|  |TAMS 0x0000000085b00000| PB 0x0000000085b00000| Untracked 
|  38|0x0000000085c00000, 0x0000000085c00000, 0x0000000085d00000|  0%| F|  |TAMS 0x0000000085c00000| PB 0x0000000085c00000| Untracked 
|  39|0x0000000085d00000, 0x0000000085d00000, 0x0000000085e00000|  0%| F|  |TAMS 0x0000000085d00000| PB 0x0000000085d00000| Untracked 
|  40|0x0000000085e00000, 0x0000000085f00000, 0x0000000085f00000|100%| O|  |TAMS 0x0000000085e00000| PB 0x0000000085e00000| Untracked 
|  41|0x0000000085f00000, 0x0000000085f00000, 0x0000000086000000|  0%| F|  |TAMS 0x0000000085f00000| PB 0x0000000085f00000| Untracked 
|  42|0x0000000086000000, 0x0000000086100000, 0x0000000086100000|100%| O|  |TAMS 0x0000000086000000| PB 0x0000000086000000| Untracked 
|  43|0x0000000086100000, 0x000000008610e970, 0x0000000086200000|  5%| S|CS|TAMS 0x0000000086100000| PB 0x0000000086100000| Complete 
|  44|0x0000000086200000, 0x0000000086200000, 0x0000000086300000|  0%| F|  |TAMS 0x0000000086200000| PB 0x0000000086200000| Untracked 
|  45|0x0000000086300000, 0x0000000086400000, 0x0000000086400000|100%| O|  |TAMS 0x0000000086300000| PB 0x0000000086300000| Untracked 
|  46|0x0000000086400000, 0x0000000086400000, 0x0000000086500000|  0%| F|  |TAMS 0x0000000086400000| PB 0x0000000086400000| Untracked 
|  47|0x0000000086500000, 0x0000000086500000, 0x0000000086600000|  0%| F|  |TAMS 0x0000000086500000| PB 0x0000000086500000| Untracked 
|  48|0x0000000086600000, 0x0000000086600000, 0x0000000086700000|  0%| F|  |TAMS 0x0000000086600000| PB 0x0000000086600000| Untracked 
|  49|0x0000000086700000, 0x0000000086700000, 0x0000000086800000|  0%| F|  |TAMS 0x0000000086700000| PB 0x0000000086700000| Untracked 
|  50|0x0000000086800000, 0x0000000086800000, 0x0000000086900000|  0%| F|  |TAMS 0x0000000086800000| PB 0x0000000086800000| Untracked 
|  51|0x0000000086900000, 0x0000000086900000, 0x0000000086a00000|  0%| F|  |TAMS 0x0000000086900000| PB 0x0000000086900000| Untracked 
|  52|0x0000000086a00000, 0x0000000086a00000, 0x0000000086b00000|  0%| F|  |TAMS 0x0000000086a00000| PB 0x0000000086a00000| Untracked 
|  53|0x0000000086b00000, 0x0000000086b00000, 0x0000000086c00000|  0%| F|  |TAMS 0x0000000086b00000| PB 0x0000000086b00000| Untracked 
|  54|0x0000000086c00000, 0x0000000086c00000, 0x0000000086d00000|  0%| F|  |TAMS 0x0000000086c00000| PB 0x0000000086c00000| Untracked 
|  55|0x0000000086d00000, 0x0000000086d00000, 0x0000000086e00000|  0%| F|  |TAMS 0x0000000086d00000| PB 0x0000000086d00000| Untracked 
|  56|0x0000000086e00000, 0x0000000086e00000, 0x0000000086f00000|  0%| F|  |TAMS 0x0000000086e00000| PB 0x0000000086e00000| Untracked 
|  57|0x0000000086f00000, 0x0000000086f00000, 0x0000000087000000|  0%| F|  |TAMS 0x0000000086f00000| PB 0x0000000086f00000| Untracked 
|  58|0x0000000087000000, 0x0000000087000000, 0x0000000087100000|  0%| F|  |TAMS 0x0000000087000000| PB 0x0000000087000000| Untracked 
|  59|0x0000000087100000, 0x0000000087100000, 0x0000000087200000|  0%| F|  |TAMS 0x0000000087100000| PB 0x0000000087100000| Untracked 
|  60|0x0000000087200000, 0x0000000087200000, 0x0000000087300000|  0%| F|  |TAMS 0x0000000087200000| PB 0x0000000087200000| Untracked 
|  61|0x0000000087300000, 0x0000000087300000, 0x0000000087400000|  0%| F|  |TAMS 0x0000000087300000| PB 0x0000000087300000| Untracked 
|  62|0x0000000087400000, 0x0000000087400000, 0x0000000087500000|  0%| F|  |TAMS 0x0000000087400000| PB 0x0000000087400000| Untracked 
|  63|0x0000000087500000, 0x0000000087500000, 0x0000000087600000|  0%| F|  |TAMS 0x0000000087500000| PB 0x0000000087500000| Untracked 
|  64|0x0000000087600000, 0x0000000087600000, 0x0000000087700000|  0%| F|  |TAMS 0x0000000087600000| PB 0x0000000087600000| Untracked 
|  65|0x0000000087700000, 0x0000000087700000, 0x0000000087800000|  0%| F|  |TAMS 0x0000000087700000| PB 0x0000000087700000| Untracked 
|  66|0x0000000087800000, 0x0000000087800000, 0x0000000087900000|  0%| F|  |TAMS 0x0000000087800000| PB 0x0000000087800000| Untracked 
|  67|0x0000000087900000, 0x0000000087900000, 0x0000000087a00000|  0%| F|  |TAMS 0x0000000087900000| PB 0x0000000087900000| Untracked 
|  68|0x0000000087a00000, 0x0000000087a00000, 0x0000000087b00000|  0%| F|  |TAMS 0x0000000087a00000| PB 0x0000000087a00000| Untracked 
|  69|0x0000000087b00000, 0x0000000087b00000, 0x0000000087c00000|  0%| F|  |TAMS 0x0000000087b00000| PB 0x0000000087b00000| Untracked 
|  70|0x0000000087c00000, 0x0000000087c00000, 0x0000000087d00000|  0%| F|  |TAMS 0x0000000087c00000| PB 0x0000000087c00000| Untracked 
|  77|0x0000000088300000, 0x0000000088300000, 0x0000000088400000|  0%| F|  |TAMS 0x0000000088300000| PB 0x0000000088300000| Untracked 
|  78|0x0000000088400000, 0x0000000088410fe0, 0x0000000088500000|  6%| E|  |TAMS 0x0000000088400000| PB 0x0000000088400000| Complete 
|  79|0x0000000088500000, 0x0000000088600000, 0x0000000088600000|100%| E|CS|TAMS 0x0000000088500000| PB 0x0000000088500000| Complete 
|  80|0x0000000088600000, 0x0000000088700000, 0x0000000088700000|100%| E|CS|TAMS 0x0000000088600000| PB 0x0000000088600000| Complete 
|  81|0x0000000088700000, 0x0000000088800000, 0x0000000088800000|100%| E|CS|TAMS 0x0000000088700000| PB 0x0000000088700000| Complete 
| 124|0x000000008b200000, 0x000000008b300000, 0x000000008b300000|100%| E|CS|TAMS 0x000000008b200000| PB 0x000000008b200000| Complete 
| 125|0x000000008b300000, 0x000000008b400000, 0x000000008b400000|100%| E|CS|TAMS 0x000000008b300000| PB 0x000000008b300000| Complete 

Card table byte_map: [0x000002719df00000,0x000002719e2f0000] _byte_map_base: 0x000002719dae5000

Marking Bits: (CMBitMap*) 0x0000027186178cb0
 Bits: [0x000002719e2f0000, 0x00000271a0218000)

Polling page: 0x00000271858d0000

Metaspace:

Usage:
  Non-class:     79.05 MB used.
      Class:     12.20 MB used.
       Both:     91.26 MB used.

Virtual space:
  Non-class space:      128.00 MB reserved,      79.38 MB ( 62%) committed,  2 nodes.
      Class space:        1.00 GB reserved,      12.75 MB (  1%) committed,  1 nodes.
             Both:        1.12 GB reserved,      92.12 MB (  8%) committed. 

Chunk freelists:
   Non-Class:  456.00 KB
       Class:  3.52 MB
        Both:  3.96 MB

MaxMetaspaceSize: unlimited
CompressedClassSpaceSize: 1.00 GB
Initial GC threshold: 21.00 MB
Current GC threshold: 153.56 MB
CDS: on
 - commit_granule_bytes: 65536.
 - commit_granule_words: 8192.
 - virtual_space_node_default_size: 8388608.
 - enlarge_chunks_in_place: 1.
 - use_allocation_guard: 0.


Internal statistics:

num_allocs_failed_limit: 9.
num_arena_births: 1470.
num_arena_deaths: 578.
num_vsnodes_births: 3.
num_vsnodes_deaths: 0.
num_space_committed: 1474.
num_space_uncommitted: 0.
num_chunks_returned_to_freelist: 700.
num_chunks_taken_from_freelist: 5152.
num_chunk_merges: 186.
num_chunk_splits: 3437.
num_chunks_enlarged: 2620.
num_inconsistent_stats: 0.

CodeHeap 'non-profiled nmethods': size=120000Kb used=4561Kb max_used=6641Kb free=115438Kb
 bounds [0x00000271962b0000, 0x0000027196930000, 0x000002719d7e0000]
CodeHeap 'profiled nmethods': size=120000Kb used=2944Kb max_used=18339Kb free=117055Kb
 bounds [0x000002718e7e0000, 0x000002718fa30000, 0x0000027195d10000]
CodeHeap 'non-nmethods': size=5760Kb used=1737Kb max_used=1785Kb free=4022Kb
 bounds [0x0000027195d10000, 0x0000027195f80000, 0x00000271962b0000]
 total_blobs=2894 nmethods=2136 adapters=661
 compilation: enabled
              stopped_count=0, restarted_count=0
 full_count=0

Compilation events (20 events):
Event: 14607.465 Thread 0x00000271a2c6c8b0 nmethod 15331 0x00000271963a5d10 code [0x00000271963a5f20, 0x00000271963a6850]
Event: 14607.473 Thread 0x00000271a2c6c8b0 15332       4       org.apache.tomcat.util.threads.ThreadPoolExecutor$Worker::lock (6 bytes)
Event: 14607.474 Thread 0x00000271a2c6c8b0 nmethod 15332 0x0000027196587f90 code [0x0000027196588120, 0x00000271965882b0]
Event: 14607.479 Thread 0x00000271a2c6c8b0 15333       4       org.apache.coyote.Request::getContentLength (18 bytes)
Event: 14607.486 Thread 0x00000271a2c6c8b0 nmethod 15333 0x00000271962dd390 code [0x00000271962dd580, 0x00000271962ddd68]
Event: 14607.486 Thread 0x00000271a2c6c8b0 15334       4       org.apache.catalina.connector.Request::getContentLength (8 bytes)
Event: 14607.495 Thread 0x00000271a2c6c8b0 nmethod 15334 0x0000027196685090 code [0x0000027196685280, 0x0000027196685b80]
Event: 14607.498 Thread 0x00000271a2c6c8b0 15335   !   4       org.apache.tomcat.util.net.NioEndpoint$Poller::processKey (299 bytes)
Event: 14607.503 Thread 0x00000271a2c6c8b0 nmethod 15335 0x0000027196347a10 code [0x0000027196347c80, 0x0000027196348728]
Event: 14607.504 Thread 0x00000271a2c6c8b0 15336       4       org.springframework.http.HttpHeaders::setAccessControlAllowCredentials (11 bytes)
Event: 14607.510 Thread 0x00000271a2c6c8b0 nmethod 15336 0x000002719638b590 code [0x000002719638b7a0, 0x000002719638c0d0]
Event: 14607.528 Thread 0x00000271a2c6c8b0 15337   !   4       org.apache.coyote.AbstractProcessorLight::getIteratorAndClearDispatches (52 bytes)
Event: 14607.529 Thread 0x00000271a2c6c8b0 nmethod 15337 0x00000271962ba810 code [0x00000271962ba9c0, 0x00000271962bacc0]
Event: 14607.547 Thread 0x00000271a2c6c8b0 15338       4       javax.management.openmbean.CompositeType::isAssignableFrom (98 bytes)
Event: 14607.552 Thread 0x00000271a2c6c8b0 nmethod 15338 0x00000271964ee210 code [0x00000271964ee440, 0x00000271964eecb0]
Event: 14607.553 Thread 0x00000271a2c6c8b0 15339   !   4       org.apache.tomcat.util.net.NioEndpoint$SocketProcessor::doRun (600 bytes)
Event: 14607.559 Thread 0x00000271a2c6c8b0 nmethod 15339 0x0000027196874890 code [0x0000027196874b20, 0x0000027196875508]
Event: 14607.587 Thread 0x00000271a2c6c8b0 15340   !   4       org.apache.tomcat.util.buf.UDecoder::URLDecode (260 bytes)
Event: 14607.588 Thread 0x00000271a2c6c8b0 nmethod 15340 0x000002719630d290 code [0x000002719630d420, 0x000002719630d630]
Event: 14607.629 Thread 0x00000271a2c6c8b0 15341   !   4       org.apache.catalina.connector.Request::recycle (367 bytes)

GC Heap History (20 events):
Event: 14599.348 GC heap before
{Heap before GC invocations=75 (full 0):
 garbage-first heap   total 79872K, used 73139K [0x0000000083600000, 0x0000000100000000)
  region size 1024K, 34 young (34816K), 1 survivors (1024K)
 Metaspace       used 93439K, committed 94336K, reserved 1179648K
  class space    used 12495K, committed 13056K, reserved 1048576K
}
Event: 14599.351 GC heap after
{Heap after GC invocations=76 (full 0):
 garbage-first heap   total 79872K, used 39059K [0x0000000083600000, 0x0000000100000000)
  region size 1024K, 1 young (1024K), 1 survivors (1024K)
 Metaspace       used 93439K, committed 94336K, reserved 1179648K
  class space    used 12495K, committed 13056K, reserved 1048576K
}
Event: 14600.230 GC heap before
{Heap before GC invocations=76 (full 0):
 garbage-first heap   total 79872K, used 72851K [0x0000000083600000, 0x0000000100000000)
  region size 1024K, 34 young (34816K), 1 survivors (1024K)
 Metaspace       used 93440K, committed 94336K, reserved 1179648K
  class space    used 12495K, committed 13056K, reserved 1048576K
}
Event: 14600.232 GC heap after
{Heap after GC invocations=77 (full 0):
 garbage-first heap   total 79872K, used 39000K [0x0000000083600000, 0x0000000100000000)
  region size 1024K, 1 young (1024K), 1 survivors (1024K)
 Metaspace       used 93440K, committed 94336K, reserved 1179648K
  class space    used 12495K, committed 13056K, reserved 1048576K
}
Event: 14601.243 GC heap before
{Heap before GC invocations=78 (full 0):
 garbage-first heap   total 79872K, used 72792K [0x0000000083600000, 0x0000000100000000)
  region size 1024K, 34 young (34816K), 1 survivors (1024K)
 Metaspace       used 93446K, committed 94336K, reserved 1179648K
  class space    used 12495K, committed 13056K, reserved 1048576K
}
Event: 14601.245 GC heap after
{Heap after GC invocations=79 (full 0):
 garbage-first heap   total 79872K, used 38973K [0x0000000083600000, 0x0000000100000000)
  region size 1024K, 1 young (1024K), 1 survivors (1024K)
 Metaspace       used 93446K, committed 94336K, reserved 1179648K
  class space    used 12495K, committed 13056K, reserved 1048576K
}
Event: 14602.182 GC heap before
{Heap before GC invocations=79 (full 0):
 garbage-first heap   total 79872K, used 72765K [0x0000000083600000, 0x0000000100000000)
  region size 1024K, 34 young (34816K), 1 survivors (1024K)
 Metaspace       used 93446K, committed 94336K, reserved 1179648K
  class space    used 12495K, committed 13056K, reserved 1048576K
}
Event: 14602.185 GC heap after
{Heap after GC invocations=80 (full 0):
 garbage-first heap   total 79872K, used 38784K [0x0000000083600000, 0x0000000100000000)
  region size 1024K, 1 young (1024K), 1 survivors (1024K)
 Metaspace       used 93446K, committed 94336K, reserved 1179648K
  class space    used 12495K, committed 13056K, reserved 1048576K
}
Event: 14603.047 GC heap before
{Heap before GC invocations=80 (full 0):
 garbage-first heap   total 79872K, used 72576K [0x0000000083600000, 0x0000000100000000)
  region size 1024K, 34 young (34816K), 1 survivors (1024K)
 Metaspace       used 93446K, committed 94336K, reserved 1179648K
  class space    used 12495K, committed 13056K, reserved 1048576K
}
Event: 14603.049 GC heap after
{Heap after GC invocations=81 (full 0):
 garbage-first heap   total 79872K, used 38852K [0x0000000083600000, 0x0000000100000000)
  region size 1024K, 1 young (1024K), 1 survivors (1024K)
 Metaspace       used 93446K, committed 94336K, reserved 1179648K
  class space    used 12495K, committed 13056K, reserved 1048576K
}
Event: 14603.995 GC heap before
{Heap before GC invocations=82 (full 0):
 garbage-first heap   total 79872K, used 72644K [0x0000000083600000, 0x0000000100000000)
  region size 1024K, 34 young (34816K), 1 survivors (1024K)
 Metaspace       used 93446K, committed 94336K, reserved 1179648K
  class space    used 12495K, committed 13056K, reserved 1048576K
}
Event: 14603.997 GC heap after
{Heap after GC invocations=83 (full 0):
 garbage-first heap   total 79872K, used 38855K [0x0000000083600000, 0x0000000100000000)
  region size 1024K, 1 young (1024K), 1 survivors (1024K)
 Metaspace       used 93446K, committed 94336K, reserved 1179648K
  class space    used 12495K, committed 13056K, reserved 1048576K
}
Event: 14604.975 GC heap before
{Heap before GC invocations=83 (full 0):
 garbage-first heap   total 79872K, used 72647K [0x0000000083600000, 0x0000000100000000)
  region size 1024K, 34 young (34816K), 1 survivors (1024K)
 Metaspace       used 93447K, committed 94336K, reserved 1179648K
  class space    used 12495K, committed 13056K, reserved 1048576K
}
Event: 14604.977 GC heap after
{Heap after GC invocations=84 (full 0):
 garbage-first heap   total 79872K, used 38609K [0x0000000083600000, 0x0000000100000000)
  region size 1024K, 1 young (1024K), 1 survivors (1024K)
 Metaspace       used 93447K, committed 94336K, reserved 1179648K
  class space    used 12495K, committed 13056K, reserved 1048576K
}
Event: 14605.835 GC heap before
{Heap before GC invocations=84 (full 0):
 garbage-first heap   total 79872K, used 72401K [0x0000000083600000, 0x0000000100000000)
  region size 1024K, 34 young (34816K), 1 survivors (1024K)
 Metaspace       used 93447K, committed 94336K, reserved 1179648K
  class space    used 12495K, committed 13056K, reserved 1048576K
}
Event: 14605.836 GC heap after
{Heap after GC invocations=85 (full 0):
 garbage-first heap   total 79872K, used 38656K [0x0000000083600000, 0x0000000100000000)
  region size 1024K, 1 young (1024K), 1 survivors (1024K)
 Metaspace       used 93447K, committed 94336K, reserved 1179648K
  class space    used 12495K, committed 13056K, reserved 1048576K
}
Event: 14606.700 GC heap before
{Heap before GC invocations=86 (full 0):
 garbage-first heap   total 79872K, used 72448K [0x0000000083600000, 0x0000000100000000)
  region size 1024K, 34 young (34816K), 1 survivors (1024K)
 Metaspace       used 93447K, committed 94336K, reserved 1179648K
  class space    used 12495K, committed 13056K, reserved 1048576K
}
Event: 14606.701 GC heap after
{Heap after GC invocations=87 (full 0):
 garbage-first heap   total 79872K, used 38685K [0x0000000083600000, 0x0000000100000000)
  region size 1024K, 1 young (1024K), 1 survivors (1024K)
 Metaspace       used 93447K, committed 94336K, reserved 1179648K
  class space    used 12495K, committed 13056K, reserved 1048576K
}
Event: 14607.545 GC heap before
{Heap before GC invocations=87 (full 0):
 garbage-first heap   total 79872K, used 72477K [0x0000000083600000, 0x0000000100000000)
  region size 1024K, 34 young (34816K), 1 survivors (1024K)
 Metaspace       used 93447K, committed 94336K, reserved 1179648K
  class space    used 12495K, committed 13056K, reserved 1048576K
}
Event: 14607.546 GC heap after
{Heap after GC invocations=88 (full 0):
 garbage-first heap   total 79872K, used 38558K [0x0000000083600000, 0x0000000100000000)
  region size 1024K, 1 young (1024K), 1 survivors (1024K)
 Metaspace       used 93447K, committed 94336K, reserved 1179648K
  class space    used 12495K, committed 13056K, reserved 1048576K
}

Dll operation events (11 events):
Event: 0.021 Loaded shared library C:\Program Files\Eclipse Adoptium\jdk-21.0.3.9-hotspot\bin\java.dll
Event: 0.107 Loaded shared library C:\Program Files\Eclipse Adoptium\jdk-21.0.3.9-hotspot\bin\jsvml.dll
Event: 0.146 Loaded shared library C:\Program Files\Eclipse Adoptium\jdk-21.0.3.9-hotspot\bin\jimage.dll
Event: 0.150 Loaded shared library C:\Program Files\Eclipse Adoptium\jdk-21.0.3.9-hotspot\bin\net.dll
Event: 0.151 Loaded shared library C:\Program Files\Eclipse Adoptium\jdk-21.0.3.9-hotspot\bin\nio.dll
Event: 0.154 Loaded shared library C:\Program Files\Eclipse Adoptium\jdk-21.0.3.9-hotspot\bin\zip.dll
Event: 0.189 Loaded shared library C:\Program Files\Eclipse Adoptium\jdk-21.0.3.9-hotspot\bin\management.dll
Event: 0.202 Loaded shared library C:\Program Files\Eclipse Adoptium\jdk-21.0.3.9-hotspot\bin\management_ext.dll
Event: 0.415 Loaded shared library C:\Program Files\Eclipse Adoptium\jdk-21.0.3.9-hotspot\bin\extnet.dll
Event: 1.548 Loaded shared library C:\Program Files\Eclipse Adoptium\jdk-21.0.3.9-hotspot\bin\sunmscapi.dll
Event: 3.828 Loaded shared library C:\Program Files\Eclipse Adoptium\jdk-21.0.3.9-hotspot\bin\verify.dll

Deoptimization events (20 events):
Event: 14594.954 Thread 0x00000271e9480b50 DEOPT PACKING pc=0x00000271967c9d24 sp=0x000000b414cfe100
Event: 14594.954 Thread 0x00000271e9480b50 DEOPT UNPACKING pc=0x0000027195d646a2 sp=0x000000b414cfe058 mode 2
Event: 14594.958 Thread 0x00000271ef11d220 Uncommon trap: trap_request=0xffffffd6 fr.pc=0x00000271967c9d24 relative=0x0000000000005184
Event: 14594.958 Thread 0x00000271ef11d220 Uncommon trap: reason=array_check action=maybe_recompile pc=0x00000271967c9d24 method=org.apache.coyote.http11.Http11OutputBuffer.addActiveFilter(Lorg/apache/coyote/http11/OutputFilter;)V @ 79 c2
Event: 14594.958 Thread 0x00000271ef11d220 DEOPT PACKING pc=0x00000271967c9d24 sp=0x000000b4153fe2a0
Event: 14594.958 Thread 0x00000271ef11d220 DEOPT UNPACKING pc=0x0000027195d646a2 sp=0x000000b4153fe1f8 mode 2
Event: 14594.959 Thread 0x00000271e94811e0 Uncommon trap: trap_request=0xffffffd6 fr.pc=0x00000271967c9d24 relative=0x0000000000005184
Event: 14594.959 Thread 0x00000271e94811e0 Uncommon trap: reason=array_check action=maybe_recompile pc=0x00000271967c9d24 method=org.apache.coyote.http11.Http11OutputBuffer.addActiveFilter(Lorg/apache/coyote/http11/OutputFilter;)V @ 79 c2
Event: 14594.959 Thread 0x00000271e94811e0 DEOPT PACKING pc=0x00000271967c9d24 sp=0x000000b414ffe1f0
Event: 14594.959 Thread 0x00000271e94811e0 DEOPT UNPACKING pc=0x0000027195d646a2 sp=0x000000b414ffe148 mode 2
Event: 14595.832 Thread 0x00000271e9480b50 DEOPT PACKING pc=0x000002718ea9e357 sp=0x000000b414cfe870
Event: 14595.832 Thread 0x00000271e9480b50 DEOPT UNPACKING pc=0x0000027195d64e42 sp=0x000000b414cfdcf8 mode 0
Event: 14597.831 Thread 0x00000271ef119080 DEOPT PACKING pc=0x000002718e856c6e sp=0x000000b4151feb50
Event: 14597.832 Thread 0x00000271ef119080 DEOPT UNPACKING pc=0x0000027195d64e42 sp=0x000000b4151fe018 mode 0
Event: 14598.073 Thread 0x00000271ef11a430 DEOPT PACKING pc=0x000002718ebadd0f sp=0x000000b4154fe5a0
Event: 14598.073 Thread 0x00000271ef11a430 DEOPT UNPACKING pc=0x0000027195d64e42 sp=0x000000b4154fd9c0 mode 0
Event: 14598.577 Thread 0x00000271ef11ec60 DEOPT PACKING pc=0x000002718f407b1b sp=0x000000b4155fe310
Event: 14598.577 Thread 0x00000271ef11ec60 DEOPT UNPACKING pc=0x0000027195d64e42 sp=0x000000b4155fd730 mode 0
Event: 14599.627 Thread 0x00000271ef11c500 DEOPT PACKING pc=0x000002718eca184f sp=0x000000b4156fe690
Event: 14599.627 Thread 0x00000271ef11c500 DEOPT UNPACKING pc=0x0000027195d64e42 sp=0x000000b4156fdb00 mode 0

Classes loaded (20 events):
Event: 972.339 Loading class jdk/internal/icu/impl/Trie2$1
Event: 972.339 Loading class jdk/internal/icu/impl/Trie2$ValueMapper
Event: 972.339 Loading class jdk/internal/icu/impl/Trie2$ValueMapper done
Event: 972.339 Loading class jdk/internal/icu/impl/Trie2$1 done
Event: 972.339 Loading class jdk/internal/icu/impl/Trie2$UTrie2Header
Event: 972.339 Loading class jdk/internal/icu/impl/Trie2$UTrie2Header done
Event: 2746.795 Loading class java/util/concurrent/locks/ReentrantReadWriteLock$Sync$HoldCounter
Event: 2746.795 Loading class java/util/concurrent/locks/ReentrantReadWriteLock$Sync$HoldCounter done
Event: 14588.692 Loading class java/util/stream/ReferencePipeline$4
Event: 14588.692 Loading class java/util/stream/ReferencePipeline$4 done
Event: 14588.692 Loading class java/util/function/IntBinaryOperator
Event: 14588.693 Loading class java/util/function/IntBinaryOperator done
Event: 14588.693 Loading class java/util/stream/ReduceOps$7
Event: 14588.693 Loading class java/util/stream/ReduceOps$7 done
Event: 14588.693 Loading class java/util/stream/ReduceOps$6ReducingSink
Event: 14588.693 Loading class java/util/stream/ReduceOps$6ReducingSink done
Event: 14588.693 Loading class java/util/stream/ReferencePipeline$4$1
Event: 14588.693 Loading class java/util/stream/ReferencePipeline$4$1 done
Event: 14594.409 Loading class sun/util/locale/LocaleExtensions
Event: 14594.409 Loading class sun/util/locale/LocaleExtensions done

Classes unloaded (20 events):
Event: 4898.859 Thread 0x00000271a2c35300 Unloading class 0x00000271a4114000 'java/lang/invoke/LambdaForm$MH+0x00000271a4114000'
Event: 4898.859 Thread 0x00000271a2c35300 Unloading class 0x00000271a40f9000 'java/lang/invoke/LambdaForm$MH+0x00000271a40f9000'
Event: 10360.535 Thread 0x00000271a2c35300 Unloading class 0x00000271a4c82c00 'java/lang/invoke/LambdaForm$MH+0x00000271a4c82c00'
Event: 10360.535 Thread 0x00000271a2c35300 Unloading class 0x00000271a4c82000 'java/lang/invoke/LambdaForm$MH+0x00000271a4c82000'
Event: 10360.535 Thread 0x00000271a2c35300 Unloading class 0x00000271a4c81400 'java/lang/invoke/LambdaForm$MH+0x00000271a4c81400'
Event: 10360.535 Thread 0x00000271a2c35300 Unloading class 0x00000271a4c81000 'java/lang/invoke/LambdaForm$MH+0x00000271a4c81000'
Event: 10360.535 Thread 0x00000271a2c35300 Unloading class 0x00000271a4c80c00 'java/lang/invoke/LambdaForm$MH+0x00000271a4c80c00'
Event: 10360.535 Thread 0x00000271a2c35300 Unloading class 0x00000271a4c80800 'java/lang/invoke/LambdaForm$MH+0x00000271a4c80800'
Event: 10360.535 Thread 0x00000271a2c35300 Unloading class 0x00000271a4c7dc00 'java/lang/invoke/LambdaForm$MH+0x00000271a4c7dc00'
Event: 10360.535 Thread 0x00000271a2c35300 Unloading class 0x00000271a4c7d800 'java/lang/invoke/LambdaForm$MH+0x00000271a4c7d800'
Event: 10360.535 Thread 0x00000271a2c35300 Unloading class 0x00000271a4c7d400 'java/lang/invoke/LambdaForm$MH+0x00000271a4c7d400'
Event: 10360.535 Thread 0x00000271a2c35300 Unloading class 0x00000271a4c7c800 'java/lang/invoke/LambdaForm$MH+0x00000271a4c7c800'
Event: 10360.535 Thread 0x00000271a2c35300 Unloading class 0x00000271a4c7c400 'java/lang/invoke/LambdaForm$BMH+0x00000271a4c7c400'
Event: 14301.536 Thread 0x00000271a2c35300 Unloading class 0x00000271a4bbac00 'java/lang/invoke/LambdaForm$MH+0x00000271a4bbac00'
Event: 14594.680 Thread 0x00000271a2c35300 Unloading class 0x00000271a44d4000 'java/lang/invoke/LambdaForm$MH+0x00000271a44d4000'
Event: 14594.680 Thread 0x00000271a2c35300 Unloading class 0x00000271a44e4000 'java/lang/invoke/LambdaForm$MH+0x00000271a44e4000'
Event: 14594.680 Thread 0x00000271a2c35300 Unloading class 0x00000271a4544000 'java/lang/invoke/LambdaForm$MH+0x00000271a4544000'
Event: 14594.680 Thread 0x00000271a2c35300 Unloading class 0x00000271a488c000 'java/lang/invoke/LambdaForm$MH+0x00000271a488c000'
Event: 14597.442 Thread 0x00000271a2c35300 Unloading class 0x00000271a4af5000 'java/lang/invoke/LambdaForm$MH+0x00000271a4af5000'
Event: 14597.442 Thread 0x00000271a2c35300 Unloading class 0x00000271a4b1c800 'java/lang/invoke/LambdaForm$MH+0x00000271a4b1c800'

Classes redefined (0 events):
No events

Internal exceptions (20 events):
Event: 121.653 Thread 0x00000271e94811e0 Exception <a 'java/lang/NoSuchMethodError'{0x0000000087745ac8}: 'int java.lang.invoke.DirectMethodHandle$Holder.invokeStatic(java.lang.Object, java.lang.Object, int, int)'> (0x0000000087745ac8) 
thrown [s\src\hotspot\share\interpreter\linkResolver.cpp, line 773]
Event: 942.971 Thread 0x00000271ef11c500 Exception <a 'java/lang/NoSuchMethodError'{0x000000008850fb58}: 'int java.lang.invoke.DirectMethodHandle$Holder.invokeStatic(java.lang.Object, java.lang.Object, int, java.lang.Object)'> (0x000000008850fb58) 
thrown [s\src\hotspot\share\interpreter\linkResolver.cpp, line 773]
Event: 972.412 Thread 0x00000271ef11c500 Exception <a 'java/lang/IncompatibleClassChangeError'{0x0000000087a667f8}: Found class java.lang.Object, but interface was expected> (0x0000000087a667f8) 
thrown [s\src\hotspot\share\interpreter\linkResolver.cpp, line 840]
Event: 5253.735 Thread 0x00000271ef11ec60 Implicit null exception at 0x0000027196672d4f to 0x000002719667a3c4
Event: 5253.736 Thread 0x00000271ef11ec60 Implicit null exception at 0x0000027196552697 to 0x00000271965528c0
Event: 5253.736 Thread 0x00000271ef11ec60 Implicit null exception at 0x000002719655a8ac to 0x000002719655aff0
Event: 5253.736 Thread 0x00000271ef11ec60 Implicit null exception at 0x000002719660ebe0 to 0x000002719660f054
Event: 5384.150 Thread 0x00000271e94860a0 Implicit null exception at 0x00000271962bdbce to 0x00000271962bde88
Event: 5385.146 Thread 0x00000271e94860a0 Implicit null exception at 0x00000271962bdbce to 0x00000271962bde88
Event: 5386.143 Thread 0x00000271e94860a0 Implicit null exception at 0x00000271962bdbce to 0x00000271962bde88
Event: 5387.141 Thread 0x00000271e94860a0 Implicit null exception at 0x00000271962bdbce to 0x00000271962bde88
Event: 7043.845 Thread 0x00000271ef11b150 Implicit null exception at 0x000002719634ea11 to 0x000002719634eaf8
Event: 7043.845 Thread 0x00000271ef11b150 Implicit null exception at 0x0000027196536ec0 to 0x00000271965371f8
Event: 7043.848 Thread 0x00000271ef11b150 Implicit null exception at 0x0000027196481664 to 0x0000027196482904
Event: 7043.933 Thread 0x00000271e94811e0 Implicit null exception at 0x000002719632c226 to 0x000002719632c674
Event: 7043.935 Thread 0x00000271e94811e0 Implicit null exception at 0x000002719650a22d to 0x000002719650cf84
Event: 7043.946 Thread 0x00000271e94811e0 Implicit null exception at 0x000002719653bb49 to 0x000002719653cc30
Event: 7043.946 Thread 0x00000271e94811e0 Implicit null exception at 0x0000027196430fbb to 0x00000271964312fc
Event: 7052.225 Thread 0x00000271ef11c500 Implicit null exception at 0x00000271965df0c9 to 0x00000271965df978
Event: 14588.686 Thread 0x00000271e94811e0 Implicit null exception at 0x00000271967c19e7 to 0x00000271967c7cfe

ZGC Phase Switch (0 events):
No events

VM Operations (20 events):
Event: 14603.047 Executing VM operation: G1CollectForAllocation (G1 Evacuation Pause)
Event: 14603.049 Executing VM operation: G1CollectForAllocation (G1 Evacuation Pause) done
Event: 14603.073 Executing VM operation: G1PauseRemark
Event: 14603.081 Executing VM operation: G1PauseRemark done
Event: 14603.098 Executing VM operation: G1PauseCleanup
Event: 14603.098 Executing VM operation: G1PauseCleanup done
Event: 14603.995 Executing VM operation: G1CollectForAllocation (G1 Evacuation Pause)
Event: 14603.997 Executing VM operation: G1CollectForAllocation (G1 Evacuation Pause) done
Event: 14604.975 Executing VM operation: G1CollectForAllocation (G1 Evacuation Pause)
Event: 14604.977 Executing VM operation: G1CollectForAllocation (G1 Evacuation Pause) done
Event: 14605.835 Executing VM operation: G1CollectForAllocation (G1 Evacuation Pause)
Event: 14605.836 Executing VM operation: G1CollectForAllocation (G1 Evacuation Pause) done
Event: 14605.855 Executing VM operation: G1PauseRemark
Event: 14605.857 Executing VM operation: G1PauseRemark done
Event: 14605.871 Executing VM operation: G1PauseCleanup
Event: 14605.871 Executing VM operation: G1PauseCleanup done
Event: 14606.700 Executing VM operation: G1CollectForAllocation (G1 Evacuation Pause)
Event: 14606.701 Executing VM operation: G1CollectForAllocation (G1 Evacuation Pause) done
Event: 14607.545 Executing VM operation: G1CollectForAllocation (G1 Evacuation Pause)
Event: 14607.546 Executing VM operation: G1CollectForAllocation (G1 Evacuation Pause) done

Events (20 events):
Event: 14605.856 Thread 0x00000271a2c35300 flushing nmethod 0x000002718ed83110
Event: 14605.856 Thread 0x00000271a2c35300 flushing nmethod 0x000002718ece5b10
Event: 14605.856 Thread 0x00000271a2c35300 flushing nmethod 0x000002718ecd8690
Event: 14605.856 Thread 0x00000271a2c35300 flushing nmethod 0x000002718ec2ba10
Event: 14605.856 Thread 0x00000271a2c35300 flushing nmethod 0x000002718ecd5910
Event: 14605.856 Thread 0x00000271a2c35300 flushing nmethod 0x000002718ecaf010
Event: 14605.856 Thread 0x00000271a2c35300 flushing nmethod 0x000002718ecc4490
Event: 14605.856 Thread 0x00000271a2c35300 flushing nmethod 0x000002718ecc2510
Event: 14605.856 Thread 0x00000271a2c35300 flushing nmethod 0x000002718ecc1490
Event: 14605.856 Thread 0x00000271a2c35300 flushing nmethod 0x000002718ebb0290
Event: 14605.856 Thread 0x00000271a2c35300 flushing nmethod 0x000002718e925810
Event: 14605.856 Thread 0x00000271a2c35300 flushing nmethod 0x000002718ebf9790
Event: 14605.856 Thread 0x00000271a2c35300 flushing nmethod 0x000002718ebae610
Event: 14605.856 Thread 0x00000271a2c35300 flushing nmethod 0x000002718eb0ac10
Event: 14605.856 Thread 0x00000271a2c35300 flushing nmethod 0x000002718eb28410
Event: 14605.856 Thread 0x00000271a2c35300 flushing nmethod 0x000002718eb78e90
Event: 14605.857 Thread 0x00000271a2c35300 flushing nmethod 0x000002718ea8af90
Event: 14605.857 Thread 0x00000271a2c35300 flushing nmethod 0x000002718e896d10
Event: 14605.857 Thread 0x00000271a2c35300 flushing nmethod 0x000002718ea90a90
Event: 14605.857 Thread 0x00000271a2c35300 flushing nmethod 0x000002718e7e1c90


Dynamic libraries:
0x00007ff640910000 - 0x00007ff64091e000 	C:\Program Files\Eclipse Adoptium\jdk-21.0.3.9-hotspot\bin\java.exe
0x00007ffdaac10000 - 0x00007ffdaae27000 	C:\Windows\SYSTEM32\ntdll.dll
0x00007ffdaa200000 - 0x00007ffdaa2c4000 	C:\Windows\System32\KERNEL32.DLL
0x00007ffda8130000 - 0x00007ffda84d6000 	C:\Windows\System32\KERNELBASE.dll
0x00007ffda86c0000 - 0x00007ffda87d1000 	C:\Windows\System32\ucrtbase.dll
0x00007ffd91860000 - 0x00007ffd9187b000 	C:\Program Files\Eclipse Adoptium\jdk-21.0.3.9-hotspot\bin\VCRUNTIME140.dll
0x00007ffd91840000 - 0x00007ffd91858000 	C:\Program Files\Eclipse Adoptium\jdk-21.0.3.9-hotspot\bin\jli.dll
0x00007ffda8960000 - 0x00007ffda8b0e000 	C:\Windows\System32\USER32.dll
0x00007ffda8930000 - 0x00007ffda8956000 	C:\Windows\System32\win32u.dll
0x00007ffd99400000 - 0x00007ffd99693000 	C:\Windows\WinSxS\amd64_microsoft.windows.common-controls_6595b64144ccf1df_6.0.22621.2506_none_270c5ae97388e100\COMCTL32.dll
0x00007ffda9c90000 - 0x00007ffda9cb9000 	C:\Windows\System32\GDI32.dll
0x00007ffdaab10000 - 0x00007ffdaabb7000 	C:\Windows\System32\msvcrt.dll
0x00007ffda87e0000 - 0x00007ffda88f8000 	C:\Windows\System32\gdi32full.dll
0x00007ffda8560000 - 0x00007ffda85fa000 	C:\Windows\System32\msvcp_win.dll
0x00007ffda8b30000 - 0x00007ffda8b61000 	C:\Windows\System32\IMM32.DLL
0x00007ffd93a40000 - 0x00007ffd93a4c000 	C:\Program Files\Eclipse Adoptium\jdk-21.0.3.9-hotspot\bin\vcruntime140_1.dll
0x00007ffd917b0000 - 0x00007ffd9183e000 	C:\Program Files\Eclipse Adoptium\jdk-21.0.3.9-hotspot\bin\msvcp140.dll
0x00007ffd40910000 - 0x00007ffd41692000 	C:\Program Files\Eclipse Adoptium\jdk-21.0.3.9-hotspot\bin\server\jvm.dll
0x00007ffdaa140000 - 0x00007ffdaa1f3000 	C:\Windows\System32\ADVAPI32.dll
0x00007ffda9800000 - 0x00007ffda98a8000 	C:\Windows\System32\sechost.dll
0x00007ffda8900000 - 0x00007ffda8928000 	C:\Windows\System32\bcrypt.dll
0x00007ffda9ac0000 - 0x00007ffda9bd7000 	C:\Windows\System32\RPCRT4.dll
0x00007ffdaa660000 - 0x00007ffdaa6d1000 	C:\Windows\System32\WS2_32.dll
0x00007ffda6da0000 - 0x00007ffda6ded000 	C:\Windows\SYSTEM32\POWRPROF.dll
0x00007ffd99b00000 - 0x00007ffd99b34000 	C:\Windows\SYSTEM32\WINMM.dll
0x00007ffd9f340000 - 0x00007ffd9f34a000 	C:\Windows\SYSTEM32\VERSION.dll
0x00007ffda6d80000 - 0x00007ffda6d93000 	C:\Windows\SYSTEM32\UMPDC.dll
0x00007ffda7040000 - 0x00007ffda7058000 	C:\Windows\SYSTEM32\kernel.appcore.dll
0x00007ffd917a0000 - 0x00007ffd917aa000 	C:\Program Files\Eclipse Adoptium\jdk-21.0.3.9-hotspot\bin\jimage.dll
0x00007ffda5750000 - 0x00007ffda5983000 	C:\Windows\SYSTEM32\DBGHELP.DLL
0x00007ffdaa2d0000 - 0x00007ffdaa659000 	C:\Windows\System32\combase.dll
0x00007ffda9670000 - 0x00007ffda9747000 	C:\Windows\System32\OLEAUT32.dll
0x00007ffd98ca0000 - 0x00007ffd98cd2000 	C:\Windows\SYSTEM32\dbgcore.DLL
0x00007ffda84e0000 - 0x00007ffda855a000 	C:\Windows\System32\bcryptPrimitives.dll
0x00007ffd91780000 - 0x00007ffd9179f000 	C:\Program Files\Eclipse Adoptium\jdk-21.0.3.9-hotspot\bin\java.dll
0x00007ffda8b70000 - 0x00007ffda93cb000 	C:\Windows\System32\SHELL32.dll
0x00007ffda5e60000 - 0x00007ffda6756000 	C:\Windows\SYSTEM32\windows.storage.dll
0x00007ffda5d20000 - 0x00007ffda5e5e000 	C:\Windows\SYSTEM32\wintypes.dll
0x00007ffda9570000 - 0x00007ffda9663000 	C:\Windows\System32\SHCORE.dll
0x00007ffdaaab0000 - 0x00007ffdaab0e000 	C:\Windows\System32\shlwapi.dll
0x00007ffda7e80000 - 0x00007ffda7ea6000 	C:\Windows\SYSTEM32\profapi.dll
0x00007ffd916a0000 - 0x00007ffd91777000 	C:\Program Files\Eclipse Adoptium\jdk-21.0.3.9-hotspot\bin\jsvml.dll
0x00007ffd91690000 - 0x00007ffd916a0000 	C:\Program Files\Eclipse Adoptium\jdk-21.0.3.9-hotspot\bin\net.dll
0x00007ffda2290000 - 0x00007ffda23c7000 	C:\Windows\SYSTEM32\WINHTTP.dll
0x00007ffda74b0000 - 0x00007ffda7519000 	C:\Windows\system32\mswsock.dll
0x00007ffd91670000 - 0x00007ffd91686000 	C:\Program Files\Eclipse Adoptium\jdk-21.0.3.9-hotspot\bin\nio.dll
0x00007ffd91650000 - 0x00007ffd91668000 	C:\Program Files\Eclipse Adoptium\jdk-21.0.3.9-hotspot\bin\zip.dll
0x00007ffd91640000 - 0x00007ffd9164a000 	C:\Program Files\Eclipse Adoptium\jdk-21.0.3.9-hotspot\bin\management.dll
0x00007ffd91630000 - 0x00007ffd9163b000 	C:\Program Files\Eclipse Adoptium\jdk-21.0.3.9-hotspot\bin\management_ext.dll
0x00007ffda97f0000 - 0x00007ffda97f8000 	C:\Windows\System32\PSAPI.DLL
0x00007ffd9ae10000 - 0x00007ffd9ae27000 	C:\Windows\system32\napinsp.dll
0x00007ffd9ac10000 - 0x00007ffd9ac2b000 	C:\Windows\system32\pnrpnsp.dll
0x00007ffda6a80000 - 0x00007ffda6b79000 	C:\Windows\SYSTEM32\DNSAPI.dll
0x00007ffda6a00000 - 0x00007ffda6a2d000 	C:\Windows\SYSTEM32\IPHLPAPI.DLL
0x00007ffda9750000 - 0x00007ffda9759000 	C:\Windows\System32\NSI.dll
0x00007ffd9ae70000 - 0x00007ffd9ae81000 	C:\Windows\System32\winrnr.dll
0x00007ffd9ae50000 - 0x00007ffd9ae65000 	C:\Windows\system32\wshbth.dll
0x00007ffd98ce0000 - 0x00007ffd98d01000 	C:\Windows\system32\nlansp_c.dll
0x00007ffda0ea0000 - 0x00007ffda0eaa000 	C:\Windows\System32\rasadhlp.dll
0x00007ffda1790000 - 0x00007ffda1813000 	C:\Windows\System32\fwpuclnt.dll
0x00007ffda7800000 - 0x00007ffda781b000 	C:\Windows\SYSTEM32\CRYPTSP.dll
0x00007ffda6fa0000 - 0x00007ffda6fd5000 	C:\Windows\system32\rsaenh.dll
0x00007ffda7550000 - 0x00007ffda757c000 	C:\Windows\SYSTEM32\USERENV.dll
0x00007ffda77e0000 - 0x00007ffda77ec000 	C:\Windows\SYSTEM32\CRYPTBASE.dll
0x00007ffd91620000 - 0x00007ffd91629000 	C:\Program Files\Eclipse Adoptium\jdk-21.0.3.9-hotspot\bin\extnet.dll
0x00007ffd91600000 - 0x00007ffd9160e000 	C:\Program Files\Eclipse Adoptium\jdk-21.0.3.9-hotspot\bin\sunmscapi.dll
0x00007ffda7fc0000 - 0x00007ffda8126000 	C:\Windows\System32\CRYPT32.dll
0x00007ffda7910000 - 0x00007ffda793e000 	C:\Windows\SYSTEM32\ncrypt.dll
0x00007ffda78d0000 - 0x00007ffda7907000 	C:\Windows\SYSTEM32\NTASN1.dll
0x00007ffd915f0000 - 0x00007ffd91600000 	C:\Program Files\Eclipse Adoptium\jdk-21.0.3.9-hotspot\bin\verify.dll
0x00007ffd915e0000 - 0x00007ffd915e8000 	C:\Windows\system32\wshunix.dll

dbghelp: loaded successfully - version: 4.0.5 - missing functions: none
symbol engine: initialized successfully - sym options: 0x614 - pdb path: .;C:\Program Files\Eclipse Adoptium\jdk-21.0.3.9-hotspot\bin;C:\Windows\SYSTEM32;C:\Windows\WinSxS\amd64_microsoft.windows.common-controls_6595b64144ccf1df_6.0.22621.2506_none_270c5ae97388e100;C:\Program Files\Eclipse Adoptium\jdk-21.0.3.9-hotspot\bin\server

VM Arguments:
jvm_args: -Dcom.sun.management.jmxremote -Dcom.sun.management.jmxremote.port=50624 -Dcom.sun.management.jmxremote.authenticate=false -Dcom.sun.management.jmxremote.ssl=false -Dspring.jmx.enabled=true -Djava.rmi.server.hostname=localhost -Dspring.application.admin.enabled=true -Dspring.boot.project.name=gad-back -XX:+ShowCodeDetailsInExceptionMessages -Dmanagement.endpoints.jmx.exposure.include=* 
java_command: com.azo.backend.gadapp.gad_back.GadBackApplication
java_class_path (initial): C:\Users\Admin\DEV\projects\gad-back\target\classes;C:\Users\Admin\.m2\repository\org\springframework\boot\spring-boot-starter-actuator\3.3.1\spring-boot-starter-actuator-3.3.1.jar;C:\Users\Admin\.m2\repository\org\springframework\boot\spring-boot-starter\3.3.1\spring-boot-starter-3.3.1.jar;C:\Users\Admin\.m2\repository\org\springframework\boot\spring-boot-starter-logging\3.3.1\spring-boot-starter-logging-3.3.1.jar;C:\Users\Admin\.m2\repository\ch\qos\logback\logback-classic\1.5.6\logback-classic-1.5.6.jar;C:\Users\Admin\.m2\repository\ch\qos\logback\logback-core\1.5.6\logback-core-1.5.6.jar;C:\Users\Admin\.m2\repository\org\apache\logging\log4j\log4j-to-slf4j\2.23.1\log4j-to-slf4j-2.23.1.jar;C:\Users\Admin\.m2\repository\org\apache\logging\log4j\log4j-api\2.23.1\log4j-api-2.23.1.jar;C:\Users\Admin\.m2\repository\org\slf4j\jul-to-slf4j\2.0.13\jul-to-slf4j-2.0.13.jar;C:\Users\Admin\.m2\repository\jakarta\annotation\jakarta.annotation-api\2.1.1\jakarta.annotation-api-2.1.1.jar;C:\Users\Admin\.m2\repository\org\yaml\snakeyaml\2.2\snakeyaml-2.2.jar;C:\Users\Admin\.m2\repository\org\springframework\boot\spring-boot-actuator-autoconfigure\3.3.1\spring-boot-actuator-autoconfigure-3.3.1.jar;C:\Users\Admin\.m2\repository\org\springframework\boot\spring-boot-actuator\3.3.1\spring-boot-actuator-3.3.1.jar;C:\Users\Admin\.m2\repository\com\fasterxml\jackson\datatype\jackson-datatype-jsr310\2.17.1\jackson-datatype-jsr310-2.17.1.jar;C:\Users\Admin\.m2\repository\io\micrometer\micrometer-observation\1.13.1\micrometer-observation-1.13.1.jar;C:\Users\Admin\.m2\repository\io\micrometer\micrometer-commons\1.13.1\micrometer-commons-1.13.1.jar;C:\Users\Admin\.m2\repository\io\micrometer\micrometer-jakarta9\1.13.1\micrometer-jakarta9-1.13.1.jar;C:\Users\Admin\.m2\repository\io\micrometer\micrometer-core\1.13.1\micrometer-core-1.13.1.jar;C:\Users\Admin\.m2\repository\org\hdrhistogram\HdrHistogram\2.2.2\HdrHistogram-2.2.2.jar;C:\Users\Admin\.m2\repository\org\latencyutils\LatencyUtils\2.0.3\LatencyUtils-2.0.3.jar;C:\Users\Admin\.m2\repository\org\springframework\boot\spring-boot-starter-data-jpa\3.3.1\spring-boot-starter-data-jpa-3.3.1.jar;C:\Users\Admin\.m2\repository\org\springframework\boot\spring-boot-starter-aop\3.3.1\spring-boot-starter-aop-3.3.1.jar;C:\Users\Admin\.m2\repository\org\aspectj\aspectjweaver\1.9.22\aspectjweaver-1.9.22.jar;C:\Users\Admin\.m2\repository\org\springframework\boot\spring-boot-starter-jdbc\3.3.1\spring-boot-starter-jdbc-3.3.1.jar;C:\Users\Admin\.m2\repository\com\zaxxer\HikariCP\5.1.0\HikariCP-5.1.0.jar;C:\Users\Admin\.m2\repository\org\springframework\spring-jdbc\6.1.10\spring-jdbc-6.1.10.jar;C:\Users\Admin\.m2\repository\org\hibernate\orm\hibernate-core\6.5.2.Final\hibernate-core-6.5.2.Final.jar;C:\Users\Admin\.m2\repository\jakarta\persistence\jakarta.persistence-api\3.1.0\jakarta.persistence-api-3.1.0.jar;C:\Users\Admin\.m2\repository\jakarta\transaction\jakarta.transaction-api\2.0.1\jakarta.transaction-api-2.0.1.jar;C:\Users\Admin\.m2\repository\org\jboss\logging\jboss-logging\3.5.3.Final\jboss-logging-3.5.3.Final.jar;C:\Users\Admin\.m2\repository\org\hibernate\common\hibernate-commons-annotations\6.0.6.Final\hibernate-commons-annotations-6.0.6.Final.jar;C:\Users\Admin\.m2\repository\io\smallrye\jandex\3.1.2\jandex-3.1.2.jar;C:\Users\Admin\.m2\repository\com\fasterxml\classmate\1.7.0\classmate-1.7.0.jar;C:\Users\Admin\.m2\repository\net\bytebuddy\byte-buddy\1.14.17\byte-buddy-1.14.17.jar;C:\Users\Admin\.m2\repository\org\glassfish\jaxb\jaxb-runtime\4.0.5\jaxb-runtime-4.0.5.jar;C:\Users\Admin\.m2\repository\org\glassfish\jaxb\jaxb-core\4.0.5\jaxb-core-4.0.5.jar;C:\Users\Admin\.m2\repository\org\eclipse\angus\angus-activation\2.0.2\angus-activation-2.0.2.jar;C:\Users\Admin\.m2\repository\org\glassfish\jaxb\txw2\4.0.5\txw2-4.0.5.jar;C:\Users\Admin\.m2\repository\com\sun\istack\istack-commons-runtime\4.1.2\istack-commons-runtime-4.1.2.jar;C:\Users\Admin\.m2\repository\jakarta\inject\jakarta.inject-api\2.0.1\jakarta.inject-api-2.0.1.jar;C:\Users\Admin\.m2\repository\org\antlr\antlr4-runtime\4.13.0\antlr4-runtime-4.13.0.jar;C:\Users\Admin\.m2\repository\org\springframework\data\spring-data-jpa\3.3.1\spring-data-jpa-3.3.1.jar;C:\Users\Admin\.m2\repository\org\springframework\data\spring-data-commons\3.3.1\spring-data-commons-3.3.1.jar;C:\Users\Admin\.m2\repository\org\springframework\spring-orm\6.1.10\spring-orm-6.1.10.jar;C:\Users\Admin\.m2\repository\org\springframework\spring-context\6.1.10\spring-context-6.1.10.jar;C:\Users\Admin\.m2\repository\org\springframework\spring-tx\6.1.10\spring-tx-6.1.10.jar;C:\Users\Admin\.m2\repository\org\springframework\spring-beans\6.1.10\spring-beans-6.1.10.jar;C:\Users\Admin\.m2\repository\org\slf4j\slf4j-api\2.0.13\slf4j-api-2.0.13.jar;C:\Users\Admin\.m2\repository\org\springframework\spring-aspects\6.1.10\spring-aspects-6.1.10.jar;C:\Users\Admin\.m2\repository\org\springframework\boot\spring-boot-starter-web\3.3.1\spring-boot-starter-web-3.3.1.jar;C:\Users\Admin\.m2\repository\org\springframework\boot\spring-boot-starter-json\3.3.1\spring-boot-starter-json-3.3.1.jar;C:\Users\Admin\.m2\repository\com\fasterxml\jackson\datatype\jackson-datatype-jdk8\2.17.1\jackson-datatype-jdk8-2.17.1.jar;C:\Users\Admin\.m2\repository\com\fasterxml\jackson\module\jackson-module-parameter-names\2.17.1\jackson-module-parameter-names-2.17.1.jar;C:\Users\Admin\.m2\repository\org\springframework\boot\spring-boot-starter-tomcat\3.3.1\spring-boot-starter-tomcat-3.3.1.jar;C:\Users\Admin\.m2\repository\org\apache\tomcat\embed\tomcat-embed-core\10.1.25\tomcat-embed-core-10.1.25.jar;C:\Users\Admin\.m2\repository\org\apache\tomcat\embed\tomcat-embed-websocket\10.1.25\tomcat-embed-websocket-10.1.25.jar;C:\Users\Admin\.m2\repository\org\springframework\spring-web\6.1.10\spring-web-6.1.10.jar;C:\Users\Admin\.m2\repository\org\springframework\spring-webmvc\6.1.10\spring-webmvc-6.1.10.jar;C:\Users\Admin\.m2\repository\org\springframework\spring-expression\6.1.10\spring-expression-6.1.10.jar;C:\Users\Admin\.m2\repository\org\springframework\boot\spring-boot-devtools\3.3.1\spring-boot-devtools-3.3.1.jar;C:\Users\Admin\.m2\repository\org\springframework\boot\spring-boot\3.3.1\spring-boot-3.3.1.jar;C:\Users\Admin\.m2\repository\org\springframework\boot\spring-boot-autoconfigure\3.3.1\spring-boot-autoconfigure-3.3.1.jar;C:\Users\Admin\.m2\repository\org\postgresql\postgresql\42.7.3\postgresql-42.7.3.jar;C:\Users\Admin\.m2\repository\org\checkerframework\checker-qual\3.42.0\checker-qual-3.42.0.jar;C:\Users\Admin\.m2\repository\jakarta\xml\bind\jakarta.xml.bind-api\4.0.2\jakarta.xml.bind-api-4.0.2.jar;C:\Users\Admin\.m2\repository\jakarta\activation\jakarta.activation-api\2.1.3\jakarta.activation-api-2.1.3.jar;C:\Users\Admin\.m2\repository\org\springframework\spring-core\6.1.10\spring-core-6.1.10.jar;C:\Users\Admin\.m2\repository\org\springframework\spring-jcl\6.1.10\spring-jcl-6.1.10.jar;C:\Users\Admin\.m2\repository\org\springframework\boot\spring-boot-starter-validation\3.3.1\spring-boot-starter-validation-3.3.1.jar;C:\Users\Admin\.m2\repository\org\apache\tomcat\embed\tomcat-embed-el\10.1.25\tomcat-embed-el-10.1.25.jar;C:\Users\Admin\.m2\repository\org\hibernate\validator\hibernate-validator\8.0.1.Final\hibernate-validator-8.0.1.Final.jar;C:\Users\Admin\.m2\repository\jakarta\validation\jakarta.validation-api\3.0.2\jakarta.validation-api-3.0.2.jar;C:\Users\Admin\.m2\repository\org\springframework\boot\spring-boot-starter-security\3.3.1\spring-boot-starter-security-3.3.1.jar;C:\Users\Admin\.m2\repository\org\springframework\spring-aop\6.1.10\spring-aop-6.1.10.jar;C:\Users\Admin\.m2\repository\org\springframework\security\spring-security-config\6.3.1\spring-security-config-6.3.1.jar;C:\Users\Admin\.m2\repository\org\springframework\security\spring-security-core\6.3.1\spring-security-core-6.3.1.jar;C:\Users\Admin\.m2\repository\org\springframework\security\spring-security-crypto\6.3.1\spring-security-crypto-6.3.1.jar;C:\Users\Admin\.m2\repository\org\springframework\security\spring-security-web\6.3.1\spring-security-web-6.3.1.jar;C:\Users\Admin\.m2\repository\io\jsonwebtoken\jjwt-api\0.12.6\jjwt-api-0.12.6.jar;C:\Users\Admin\.m2\repository\io\jsonwebtoken\jjwt-impl\0.12.6\jjwt-impl-0.12.6.jar;C:\Users\Admin\.m2\repository\io\jsonwebtoken\jjwt-jackson\0.12.6\jjwt-jackson-0.12.6.jar;C:\Users\Admin\.m2\repository\com\fasterxml\jackson\core\jackson-databind\2.17.1\jackson-databind-2.17.1.jar;C:\Users\Admin\.m2\repository\com\fasterxml\jackson\core\jackson-annotations\2.17.1\jackson-annotations-2.17.1.jar;C:\Users\Admin\.m2\repository\com\fasterxml\jackson\core\jackson-core\2.17.1\jackson-core-2.17.1.jar
Launcher Type: SUN_STANDARD

[Global flags]
     intx CICompilerCount                          = 4                                         {product} {ergonomic}
     uint ConcGCThreads                            = 2                                         {product} {ergonomic}
     uint G1ConcRefinementThreads                  = 8                                         {product} {ergonomic}
   size_t G1HeapRegionSize                         = 1048576                                   {product} {ergonomic}
    uintx GCDrainStackTargetSize                   = 64                                        {product} {ergonomic}
   size_t InitialHeapSize                          = 132120576                                 {product} {ergonomic}
     bool ManagementServer                         = true                                      {product} {command line}
   size_t MarkStackSize                            = 4194304                                   {product} {ergonomic}
   size_t MaxHeapSize                              = 2090860544                                {product} {ergonomic}
   size_t MaxNewSize                               = 1254096896                                {product} {ergonomic}
   size_t MinHeapDeltaBytes                        = 1048576                                   {product} {ergonomic}
   size_t MinHeapSize                              = 8388608                                   {product} {ergonomic}
    uintx NonNMethodCodeHeapSize                   = 5839372                                {pd product} {ergonomic}
    uintx NonProfiledCodeHeapSize                  = 122909434                              {pd product} {ergonomic}
    uintx ProfiledCodeHeapSize                     = 122909434                              {pd product} {ergonomic}
    uintx ReservedCodeCacheSize                    = 251658240                              {pd product} {ergonomic}
     bool SegmentedCodeCache                       = true                                      {product} {ergonomic}
     bool ShowCodeDetailsInExceptionMessages       = true                                   {manageable} {command line}
   size_t SoftMaxHeapSize                          = 2090860544                             {manageable} {ergonomic}
     bool UseCompressedOops                        = true                           {product lp64_product} {ergonomic}
     bool UseG1GC                                  = true                                      {product} {ergonomic}
     bool UseLargePagesIndividualAllocation        = false                                  {pd product} {ergonomic}

Logging:
Log output configuration:
 #0: stdout all=warning uptime,level,tags foldmultilines=false
 #1: stderr all=off uptime,level,tags foldmultilines=false

Environment Variables:
JAVA_HOME=C:\Program Files\Eclipse Adoptium\jdk-21.0.3.9-hotspot
PATH=C:\Program Files\Eclipse Adoptium\jdk-21.0.3.9-hotspot\bin;C:\Windows\system32;C:\Windows;C:\Windows\System32\Wbem;C:\Windows\System32\WindowsPowerShell\v1.0\;C:\Windows\System32\OpenSSH\;C:\Program Files\Microsoft SQL Server\Client SDK\ODBC\170\Tools\Binn\;C:\Program Files\Microsoft SQL Server\150\Tools\Binn\;C:\Program Files\dotnet\;C:\Program Files\nodejs\;C:\Program Files\Docker\Docker\resources\bin;C:\Program Files\Git\cmd;C:\Program Files\apache-maven-3.9.8\bin;C:\Users\Admin\AppData\Local\Microsoft\WindowsApps;C:\Users\Admin\.dotnet\tools;C:\Users\Admin\AppData\Local\Programs\Microsoft VS Code\bin;C:\Users\Admin\AppData\Local\JetBrains\Toolbox\scripts;C:\Users\Admin\AppData\Roaming\npm
USERNAME=Admin
LANG=es_ES.UTF-8
OS=Windows_NT
PROCESSOR_IDENTIFIER=Intel64 Family 6 Model 151 Stepping 5, GenuineIntel
TMP=C:\Users\Admin\AppData\Local\Temp
TEMP=C:\Users\Admin\AppData\Local\Temp




Periodic native trim disabled

---------------  S Y S T E M  ---------------

OS:
 Windows 11 , 64 bit Build 22621 (10.0.22621.3078)
OS uptime: 0 days 4:15 hours
Hyper-V role detected

CPU: total 8 (initial active 8) (4 cores per cpu, 2 threads per core) family 6 model 151 stepping 5 microcode 0x1e, cx8, cmov, fxsr, ht, mmx, 3dnowpref, sse, sse2, sse3, ssse3, sse4.1, sse4.2, popcnt, lzcnt, tsc, tscinvbit, avx, avx2, aes, erms, clmul, bmi1, bmi2, adx, sha, fma, vzeroupper, clflush, clflushopt, clwb, hv, serialize, rdtscp, rdpid, fsrm, f16c, cet_ibt, cet_ss
Processor Information for all 8 processors :
  Max Mhz: 3300, Current Mhz: 3300, Mhz Limit: 3300

Memory: 4k page, system-wide physical 7969M (338M free)
TotalPageFile size 16161M (AvailPageFile size 5M)
current process WorkingSet (physical memory assigned to process): 301M, peak: 348M
current process commit charge ("private bytes"): 354M, peak: 385M

vm_info: OpenJDK 64-Bit Server VM (21.0.3+9-LTS) for windows-amd64 JRE (21.0.3+9-LTS), built on 2024-04-16T00:00:00Z by "admin" with MS VC++ 17.7 (VS2022)

END.
